SF:config/environment.js
DA:1,12
DA:4,12
DA:7,12
DA:41,12
DA:46,12
DA:47,0
DA:50,0
DA:51,0
DA:55,0
DA:56,0
DA:60,0
DA:61,0
DA:64,0
DA:65,0
DA:66,0
DA:68,0
DA:69,0
DA:73,0
DA:77,12
BRDA:10,0,0,12
BRDA:10,0,1,0
BRDA:11,1,0,12
BRDA:11,1,1,0
BRDA:16,2,0,12
BRDA:16,2,1,0
BRDA:17,3,0,12
BRDA:17,3,1,0
BRDA:22,4,0,12
BRDA:22,4,1,0
BRDA:23,5,0,12
BRDA:23,5,1,0
BRDA:28,6,0,12
BRDA:28,6,1,0
BRDA:29,7,0,12
BRDA:29,7,1,0
BRDA:30,8,0,12
BRDA:30,8,1,0
BRDA:35,9,0,12
BRDA:35,9,1,0
BRDA:36,10,0,12
BRDA:36,10,1,0
BRDA:40,11,0,12
BRDA:40,11,1,0
BRDA:50,12,0,0
BRDA:50,12,1,0
BRDA:50,13,0,0
BRDA:50,13,1,0
BRDA:55,14,0,0
BRDA:55,14,1,0
BRDA:60,15,0,0
BRDA:60,15,1,0
BRDA:64,16,0,0
BRDA:64,16,1,0
BRDA:68,17,0,0
BRDA:68,17,1,0
end_of_record
SF:controllers/account/_routes.js
DA:1,12
DA:2,12
DA:3,12
DA:5,12
DA:7,12
DA:8,12
DA:9,12
DA:10,12
DA:11,12
DA:12,12
DA:13,12
DA:15,12
end_of_record
SF:controllers/account/account.js
DA:1,12
DA:2,12
DA:3,12
DA:5,12
DA:6,0
DA:7,0
DA:8,0
DA:9,0
DA:11,0
DA:12,0
DA:15,12
DA:16,0
DA:17,0
DA:18,0
DA:20,0
DA:22,0
DA:23,0
DA:26,12
DA:27,0
DA:28,0
DA:29,0
DA:31,0
DA:32,0
DA:33,0
DA:34,0
DA:37,0
DA:108,0
DA:110,0
DA:111,0
DA:115,12
DA:116,0
DA:117,0
DA:118,0
DA:120,0
DA:192,0
DA:194,0
DA:195,0
DA:199,12
DA:200,0
DA:202,0
DA:208,0
DA:210,0
DA:211,0
DA:214,12
DA:215,0
DA:216,0
DA:217,0
DA:219,0
DA:223,12
DA:224,0
DA:225,0
DA:226,0
DA:228,0
DA:232,12
BRDA:32,0,0,0
BRDA:32,0,1,0
BRDA:118,1,0,0
BRDA:118,1,1,0
end_of_record
SF:controllers/calendar/_routes.js
DA:1,12
DA:2,12
DA:3,12
DA:5,12
DA:7,12
DA:10,12
end_of_record
SF:controllers/calendar/calendar.js
DA:1,12
DA:2,12
DA:3,12
DA:4,12
DA:5,12
DA:7,12
DA:8,0
DA:9,0
DA:10,0
DA:12,0
DA:13,0
DA:14,0
DA:15,0
DA:17,0
DA:18,0
DA:19,0
DA:20,0
DA:22,0
DA:23,0
DA:24,0
DA:25,0
DA:26,0
DA:27,0
DA:28,0
DA:29,0
DA:32,0
DA:34,0
DA:37,0
DA:40,0
DA:41,0
DA:42,0
DA:44,0
DA:45,0
DA:53,0
DA:56,0
DA:57,0
DA:66,0
DA:69,0
DA:70,0
DA:78,0
DA:81,0
DA:82,0
DA:95,0
DA:98,0
DA:102,0
DA:110,0
DA:119,0
DA:127,0
DA:141,0
DA:142,0
DA:144,0
DA:145,0
DA:149,12
BRDA:25,0,0,0
BRDA:25,0,1,0
BRDA:28,1,0,0
BRDA:28,1,1,0
BRDA:40,2,0,0
BRDA:40,2,1,0
BRDA:40,3,0,0
BRDA:40,3,1,0
BRDA:42,4,0,0
BRDA:42,4,1,0
BRDA:42,4,2,0
BRDA:42,4,3,0
BRDA:42,4,4,0
BRDA:44,5,0,0
BRDA:44,5,1,0
BRDA:56,6,0,0
BRDA:56,6,1,0
BRDA:69,7,0,0
BRDA:69,7,1,0
BRDA:81,8,0,0
BRDA:81,8,1,0
end_of_record
SF:controllers/contact/_routes.js
DA:1,12
DA:2,12
DA:3,12
DA:5,12
DA:7,12
DA:8,12
DA:9,12
DA:10,12
DA:11,12
DA:12,12
DA:13,12
DA:14,12
DA:17,12
end_of_record
SF:controllers/contact/contact.js
DA:1,12
DA:2,12
DA:3,12
DA:4,12
DA:5,12
DA:6,12
DA:7,12
DA:8,12
DA:9,12
DA:11,12
DA:12,0
DA:13,0
DA:15,0
DA:20,0
DA:22,0
DA:23,0
DA:25,0
DA:29,12
DA:30,0
DA:31,0
DA:32,0
DA:33,0
DA:34,0
DA:36,0
DA:37,0
DA:41,12
DA:42,0
DA:43,0
DA:44,0
DA:45,0
DA:47,0
DA:48,0
DA:52,12
DA:53,0
DA:54,0
DA:55,0
DA:56,0
DA:58,0
DA:59,0
DA:63,12
DA:64,0
DA:65,0
DA:69,0
DA:71,0
DA:72,0
DA:76,12
DA:77,0
DA:78,0
DA:79,0
DA:81,0
DA:82,0
DA:133,0
DA:165,0
DA:205,0
DA:238,0
DA:266,0
DA:295,0
DA:325,0
DA:349,0
DA:352,0
DA:353,0
DA:357,12
DA:358,0
DA:359,0
DA:360,0
DA:362,0
DA:366,12
DA:367,0
DA:368,0
DA:369,0
DA:371,0
DA:375,12
BRDA:81,0,0,0
BRDA:81,0,1,0
end_of_record
SF:controllers/customField/_routes.js
DA:1,12
DA:2,12
DA:3,12
DA:4,12
DA:6,12
DA:8,12
DA:9,12
DA:10,12
DA:11,12
DA:12,12
DA:13,12
DA:15,12
DA:16,12
DA:17,12
DA:18,12
DA:19,12
DA:20,12
DA:22,12
DA:23,12
DA:24,12
DA:25,12
DA:26,12
DA:28,12
DA:30,12
DA:31,12
DA:32,12
DA:34,12
DA:36,12
end_of_record
SF:controllers/customField/customField.js
DA:1,12
DA:2,12
DA:3,12
DA:5,12
DA:6,0
DA:7,0
DA:8,0
DA:9,0
DA:10,0
DA:12,0
DA:14,0
DA:15,0
DA:17,0
DA:19,0
DA:20,0
DA:24,12
DA:25,0
DA:26,0
DA:27,0
DA:30,0
DA:31,0
DA:34,0
DA:35,0
DA:37,0
DA:39,0
DA:40,0
DA:41,0
DA:43,0
DA:44,0
DA:45,0
DA:46,0
DA:50,0
DA:51,0
DA:53,0
DA:54,0
DA:58,0
DA:63,0
DA:68,0
DA:69,0
DA:70,0
DA:71,0
DA:75,0
DA:84,0
DA:85,0
DA:86,0
DA:88,0
DA:91,0
DA:94,0
DA:98,0
DA:99,0
DA:103,12
DA:104,0
DA:105,0
DA:107,0
DA:108,0
DA:110,0
DA:114,0
DA:115,0
DA:119,12
DA:120,0
DA:121,0
DA:122,0
DA:124,0
DA:125,0
DA:128,0
DA:129,0
DA:131,0
DA:133,0
DA:134,0
DA:135,0
DA:136,0
DA:138,0
DA:139,0
DA:141,0
DA:142,0
DA:145,0
DA:146,0
DA:147,0
DA:167,0
DA:168,0
DA:171,0
DA:173,0
DA:176,0
DA:177,0
DA:178,0
DA:183,0
DA:188,0
DA:189,0
DA:191,0
DA:192,0
DA:193,0
DA:196,0
DA:198,0
DA:199,0
DA:201,0
DA:204,0
DA:207,0
DA:210,0
DA:211,0
DA:215,12
DA:216,0
DA:217,0
DA:218,0
DA:219,0
DA:222,0
DA:223,0
DA:227,12
DA:228,0
DA:229,0
DA:230,0
DA:232,0
DA:233,0
DA:236,0
DA:238,0
DA:239,0
DA:240,0
DA:242,0
DA:243,0
DA:244,0
DA:246,0
DA:247,0
DA:248,0
DA:251,0
DA:263,0
DA:265,0
DA:266,0
DA:268,0
DA:272,0
DA:275,0
DA:278,0
DA:281,0
DA:282,0
DA:286,12
DA:287,0
DA:288,0
DA:289,0
DA:291,0
DA:292,0
DA:295,0
DA:297,0
DA:298,0
DA:299,0
DA:301,0
DA:302,0
DA:303,0
DA:305,0
DA:306,0
DA:315,0
DA:316,0
DA:318,0
DA:319,0
DA:320,0
DA:324,0
DA:327,0
DA:330,0
DA:333,0
DA:337,0
DA:340,0
DA:341,0
DA:346,14
DA:347,14
DA:350,12
DA:351,36
DA:352,36
DA:353,36
DA:354,36
DA:356,36
DA:358,36
DA:359,22
DA:361,14
DA:363,14
DA:437,14
DA:438,14
DA:441,14
DA:443,14
DA:462,14
DA:463,14
DA:464,0
DA:465,14
DA:466,0
DA:469,14
DA:470,14
DA:471,14
DA:486,14
DA:487,14
DA:490,0
DA:491,0
DA:495,12
DA:496,0
DA:497,0
DA:499,0
DA:500,0
DA:503,0
DA:505,0
DA:506,0
DA:507,0
DA:509,0
DA:510,0
DA:515,0
DA:516,0
DA:521,12
DA:522,0
DA:523,0
DA:524,0
DA:525,0
DA:531,0
DA:532,0
DA:535,0
DA:541,0
DA:544,0
DA:547,0
DA:550,0
DA:553,0
DA:556,0
DA:557,0
DA:560,0
DA:561,0
DA:562,0
DA:563,0
DA:565,0
DA:566,0
DA:570,0
DA:573,0
DA:577,0
DA:579,0
DA:582,0
DA:583,0
DA:587,12
DA:588,0
DA:589,0
DA:591,0
DA:592,0
DA:594,0
DA:596,0
DA:600,0
DA:603,0
DA:606,0
DA:610,0
DA:611,0
DA:615,12
DA:616,0
DA:617,0
DA:618,0
DA:620,0
DA:625,0
DA:626,0
DA:628,0
DA:632,0
DA:633,0
DA:637,12
DA:638,0
DA:639,0
DA:641,0
DA:642,0
DA:644,0
DA:648,0
DA:649,0
DA:653,12
DA:654,0
DA:655,0
DA:656,0
DA:658,0
DA:677,0
DA:678,0
DA:680,0
DA:684,0
DA:685,0
DA:689,12
DA:690,0
DA:691,0
DA:692,0
DA:694,0
DA:711,0
DA:712,0
DA:714,0
DA:718,0
DA:719,0
DA:723,12
DA:724,0
DA:725,0
DA:726,0
DA:728,0
DA:730,0
DA:736,0
DA:737,0
DA:740,0
DA:744,0
DA:747,0
DA:748,0
DA:752,12
DA:753,0
DA:754,0
DA:755,0
DA:757,0
DA:758,0
DA:762,0
DA:771,0
DA:773,0
DA:774,0
DA:777,0
DA:778,0
DA:780,0
DA:781,0
DA:783,0
DA:787,0
DA:788,0
DA:848,12
DA:849,0
DA:850,0
DA:851,0
DA:853,0
DA:854,0
DA:857,0
DA:858,0
DA:861,0
DA:878,0
DA:880,0
DA:881,0
DA:882,0
DA:883,0
DA:885,0
DA:889,0
DA:890,0
DA:894,12
DA:895,0
DA:896,0
DA:897,0
DA:898,0
DA:903,0
DA:905,0
DA:908,12
DA:909,0
DA:910,0
DA:911,0
DA:913,0
DA:917,12
DA:918,0
DA:919,0
DA:920,0
DA:921,0
DA:923,0
DA:925,0
DA:926,0
DA:929,0
DA:937,0
DA:939,0
DA:940,0
DA:943,0
DA:946,0
DA:947,0
DA:952,12
BRDA:12,0,0,0
BRDA:12,0,1,0
BRDA:26,1,0,0
BRDA:26,1,1,0
BRDA:30,2,0,0
BRDA:30,2,1,0
BRDA:39,3,0,0
BRDA:39,3,1,0
BRDA:43,4,0,0
BRDA:43,4,1,0
BRDA:46,5,0,0
BRDA:46,5,1,0
BRDA:51,6,0,0
BRDA:51,6,1,0
BRDA:68,7,0,0
BRDA:68,7,1,0
BRDA:68,8,0,0
BRDA:68,8,1,0
BRDA:70,9,0,0
BRDA:70,9,1,0
BRDA:70,10,0,0
BRDA:70,10,1,0
BRDA:84,11,0,0
BRDA:84,11,1,0
BRDA:85,12,0,0
BRDA:85,12,1,0
BRDA:107,13,0,0
BRDA:107,13,1,0
BRDA:124,14,0,0
BRDA:124,14,1,0
BRDA:133,15,0,0
BRDA:133,15,1,0
BRDA:138,16,0,0
BRDA:138,16,1,0
BRDA:141,17,0,0
BRDA:141,17,1,0
BRDA:146,18,0,0
BRDA:146,18,1,0
BRDA:147,19,0,0
BRDA:147,19,1,0
BRDA:171,20,0,0
BRDA:171,20,1,0
BRDA:177,21,0,0
BRDA:177,21,1,0
BRDA:177,22,0,0
BRDA:177,22,1,0
BRDA:188,23,0,0
BRDA:188,23,1,0
BRDA:188,24,0,0
BRDA:188,24,1,0
BRDA:191,25,0,0
BRDA:191,25,1,0
BRDA:198,26,0,0
BRDA:198,26,1,0
BRDA:198,27,0,0
BRDA:198,27,1,0
BRDA:218,28,0,0
BRDA:218,28,1,0
BRDA:232,29,0,0
BRDA:232,29,1,0
BRDA:238,30,0,0
BRDA:238,30,1,0
BRDA:242,31,0,0
BRDA:242,31,1,0
BRDA:246,32,0,0
BRDA:246,32,1,0
BRDA:263,33,0,0
BRDA:263,33,1,0
BRDA:291,34,0,0
BRDA:291,34,1,0
BRDA:297,35,0,0
BRDA:297,35,1,0
BRDA:301,36,0,0
BRDA:301,36,1,0
BRDA:305,37,0,0
BRDA:305,37,1,0
BRDA:315,38,0,0
BRDA:315,38,1,0
BRDA:319,39,0,0
BRDA:319,39,1,0
BRDA:353,40,0,36
BRDA:353,40,1,0
BRDA:358,41,0,22
BRDA:358,41,1,14
BRDA:437,42,0,14
BRDA:437,42,1,0
BRDA:437,43,0,14
BRDA:437,43,1,14
BRDA:441,44,0,0
BRDA:441,44,1,14
BRDA:441,45,0,14
BRDA:441,45,1,0
BRDA:463,46,0,0
BRDA:463,46,1,14
BRDA:465,47,0,0
BRDA:465,47,1,14
BRDA:465,48,0,14
BRDA:465,48,1,14
BRDA:470,49,0,14
BRDA:470,49,1,0
BRDA:499,50,0,0
BRDA:499,50,1,0
BRDA:505,51,0,0
BRDA:505,51,1,0
BRDA:531,52,0,0
BRDA:531,52,1,0
BRDA:544,53,0,0
BRDA:544,53,1,0
BRDA:562,54,0,0
BRDA:562,54,1,0
BRDA:591,55,0,0
BRDA:591,55,1,0
BRDA:594,56,0,0
BRDA:594,56,1,0
BRDA:625,57,0,0
BRDA:625,57,1,0
BRDA:641,58,0,0
BRDA:641,58,1,0
BRDA:677,59,0,0
BRDA:677,59,1,0
BRDA:711,60,0,0
BRDA:711,60,1,0
BRDA:736,61,0,0
BRDA:736,61,1,0
BRDA:740,62,0,0
BRDA:740,62,1,0
BRDA:757,63,0,0
BRDA:757,63,1,0
BRDA:757,64,0,0
BRDA:757,64,1,0
BRDA:773,65,0,0
BRDA:773,65,1,0
BRDA:777,66,0,0
BRDA:777,66,1,0
BRDA:777,67,0,0
BRDA:777,67,1,0
BRDA:780,68,0,0
BRDA:780,68,1,0
BRDA:780,69,0,0
BRDA:780,69,1,0
BRDA:853,70,0,0
BRDA:853,70,1,0
BRDA:853,71,0,0
BRDA:853,71,1,0
BRDA:868,72,0,0
BRDA:868,72,1,0
BRDA:880,73,0,0
BRDA:880,73,1,0
BRDA:880,74,0,0
BRDA:880,74,1,0
BRDA:882,75,0,0
BRDA:882,75,1,0
BRDA:882,76,0,0
BRDA:882,76,1,0
BRDA:925,77,0,0
BRDA:925,77,1,0
BRDA:939,78,0,0
BRDA:939,78,1,0
end_of_record
SF:controllers/document/_routes.js
DA:1,12
DA:2,12
DA:3,12
DA:5,12
DA:7,12
DA:8,12
DA:9,12
DA:10,12
DA:12,12
DA:13,12
DA:14,12
DA:15,12
DA:18,12
end_of_record
SF:controllers/document/document.js
DA:1,12
DA:2,12
DA:3,12
DA:4,12
DA:7,12
DA:8,0
DA:9,0
DA:10,0
DA:11,0
DA:15,0
DA:40,0
DA:43,0
DA:48,12
DA:50,0
DA:51,0
DA:52,0
DA:55,0
DA:56,0
DA:58,0
DA:60,0
DA:61,0
DA:64,0
DA:72,12
DA:74,12
DA:75,0
DA:76,0
DA:78,0
DA:80,0
DA:88,0
DA:90,0
DA:92,0
DA:98,0
DA:102,0
DA:104,0
DA:106,0
DA:107,0
DA:111,12
DA:112,0
DA:113,0
DA:115,0
DA:116,0
DA:119,0
DA:121,0
DA:131,0
DA:133,0
DA:135,0
DA:141,0
DA:145,0
DA:147,0
DA:149,0
DA:150,0
DA:154,12
DA:155,0
DA:156,0
DA:158,0
DA:159,0
DA:162,0
DA:164,0
DA:174,0
DA:176,0
DA:178,0
DA:184,0
DA:188,0
DA:190,0
DA:192,0
DA:193,0
DA:197,12
DA:198,0
DA:199,0
DA:202,0
DA:204,0
DA:205,0
DA:209,0
DA:212,0
DA:213,0
DA:216,0
DA:219,0
DA:220,0
DA:224,12
DA:225,0
DA:226,0
DA:229,0
DA:230,0
DA:231,0
DA:234,0
DA:235,0
DA:236,0
DA:240,0
DA:243,0
DA:244,0
DA:247,0
DA:251,12
DA:252,0
DA:253,0
DA:254,0
DA:256,0
DA:257,0
DA:261,0
DA:262,0
DA:263,0
DA:266,0
DA:267,0
DA:268,0
DA:271,0
DA:272,0
DA:273,0
DA:275,0
DA:276,0
DA:277,0
DA:281,0
DA:283,0
DA:285,0
DA:289,12
BRDA:10,0,0,0
BRDA:10,0,1,0
BRDA:58,1,0,0
BRDA:58,1,1,0
BRDA:81,2,0,0
BRDA:81,2,1,0
BRDA:90,3,0,0
BRDA:90,3,1,0
BRDA:115,4,0,0
BRDA:115,4,1,0
BRDA:122,5,0,0
BRDA:122,5,1,0
BRDA:133,6,0,0
BRDA:133,6,1,0
BRDA:158,7,0,0
BRDA:158,7,1,0
BRDA:165,8,0,0
BRDA:165,8,1,0
BRDA:176,9,0,0
BRDA:176,9,1,0
BRDA:204,10,0,0
BRDA:204,10,1,0
BRDA:212,11,0,0
BRDA:212,11,1,0
BRDA:230,12,0,0
BRDA:230,12,1,0
BRDA:235,13,0,0
BRDA:235,13,1,0
BRDA:256,14,0,0
BRDA:256,14,1,0
BRDA:256,15,0,0
BRDA:256,15,1,0
BRDA:262,16,0,0
BRDA:262,16,1,0
BRDA:267,17,0,0
BRDA:267,17,1,0
BRDA:271,18,0,0
BRDA:271,18,1,0
BRDA:275,19,0,0
BRDA:275,19,1,0
end_of_record
SF:controllers/emailHistory/_routes.js
DA:1,12
DA:2,12
DA:3,12
DA:5,12
DA:7,12
DA:8,12
DA:9,12
DA:11,12
end_of_record
SF:controllers/emailHistory/email.js
DA:1,12
DA:2,12
DA:3,12
DA:4,12
DA:6,12
DA:7,0
DA:8,0
DA:10,0
DA:11,0
DA:13,0
DA:14,0
DA:17,0
DA:19,0
DA:20,0
DA:22,0
DA:23,0
DA:26,0
DA:27,0
DA:28,0
DA:30,0
DA:31,0
DA:33,0
DA:35,0
DA:36,0
DA:40,12
DA:41,0
DA:42,0
DA:43,0
DA:44,0
DA:47,0
DA:106,0
DA:108,0
DA:109,0
DA:113,12
DA:114,0
DA:115,0
DA:117,0
DA:119,0
DA:177,0
DA:179,0
DA:180,0
DA:184,12
BRDA:10,0,0,0
BRDA:10,0,1,0
BRDA:10,1,0,0
BRDA:10,1,1,0
BRDA:13,2,0,0
BRDA:13,2,1,0
BRDA:13,3,0,0
BRDA:13,3,1,0
BRDA:19,4,0,0
BRDA:19,4,1,0
BRDA:22,5,0,0
BRDA:22,5,1,0
BRDA:43,6,0,0
BRDA:43,6,1,0
BRDA:117,7,0,0
BRDA:117,7,1,0
end_of_record
SF:controllers/emailTemplate/_routes.js
DA:1,12
DA:2,12
DA:3,12
DA:5,12
DA:7,12
DA:8,12
DA:9,12
DA:10,12
DA:11,12
DA:12,12
DA:14,12
end_of_record
SF:controllers/emailTemplate/emailTemplate.js
DA:1,12
DA:2,12
DA:4,12
DA:5,0
DA:6,0
DA:7,0
DA:9,0
DA:10,0
DA:13,0
DA:37,0
DA:39,0
DA:40,0
DA:44,12
DA:45,0
DA:46,0
DA:47,0
DA:48,0
DA:50,0
DA:51,0
DA:54,12
DA:55,0
DA:56,0
DA:57,0
DA:58,0
DA:60,0
DA:61,0
DA:64,12
DA:65,0
DA:66,0
DA:70,0
DA:72,0
DA:73,0
DA:78,12
DA:79,0
DA:80,0
DA:81,0
DA:83,0
DA:87,12
DA:88,0
DA:89,0
DA:90,0
DA:92,0
DA:97,12
BRDA:9,0,0,0
BRDA:9,0,1,0
BRDA:57,1,0,0
BRDA:57,1,1,0
end_of_record
SF:controllers/form/_routes.js
DA:1,12
DA:2,12
DA:3,12
DA:5,12
DA:7,12
DA:8,12
DA:9,12
DA:10,12
DA:11,12
DA:12,12
DA:14,12
end_of_record
SF:controllers/form/form.js
DA:1,12
DA:2,12
DA:4,12
DA:5,0
DA:6,0
DA:7,0
DA:10,0
DA:12,0
DA:13,0
DA:16,0
DA:17,0
DA:19,0
DA:20,0
DA:23,0
DA:25,0
DA:26,0
DA:29,0
DA:31,0
DA:34,0
DA:35,0
DA:39,12
DA:40,0
DA:41,0
DA:42,0
DA:45,0
DA:47,0
DA:48,0
DA:51,0
DA:52,0
DA:54,0
DA:55,0
DA:58,0
DA:60,0
DA:61,0
DA:64,0
DA:66,0
DA:69,0
DA:70,0
DA:74,12
DA:75,0
DA:76,0
DA:77,0
DA:80,0
DA:82,0
DA:83,0
DA:86,0
DA:87,0
DA:89,0
DA:90,0
DA:93,0
DA:95,0
DA:96,0
DA:98,0
DA:99,0
DA:101,0
DA:102,0
DA:104,0
DA:106,0
DA:109,0
DA:110,0
DA:114,12
DA:115,0
DA:116,0
DA:117,0
DA:120,0
DA:122,0
DA:123,0
DA:126,0
DA:129,0
DA:130,0
DA:133,0
DA:135,0
DA:136,0
DA:139,0
DA:141,0
DA:144,0
DA:145,0
DA:149,12
DA:150,0
DA:151,0
DA:152,0
DA:155,0
DA:157,0
DA:158,0
DA:161,0
DA:164,0
DA:165,0
DA:168,0
DA:170,0
DA:171,0
DA:174,0
DA:176,0
DA:179,0
DA:180,0
DA:184,12
DA:185,0
DA:186,0
DA:187,0
DA:190,0
DA:192,0
DA:193,0
DA:196,0
DA:198,0
DA:200,0
DA:201,0
DA:204,0
DA:206,0
DA:207,0
DA:210,0
DA:216,0
DA:217,0
DA:219,0
DA:222,0
DA:223,0
DA:227,12
BRDA:6,0,0,0
BRDA:6,0,1,0
BRDA:12,1,0,0
BRDA:12,1,1,0
BRDA:19,2,0,0
BRDA:19,2,1,0
BRDA:25,3,0,0
BRDA:25,3,1,0
BRDA:41,4,0,0
BRDA:41,4,1,0
BRDA:47,5,0,0
BRDA:47,5,1,0
BRDA:54,6,0,0
BRDA:54,6,1,0
BRDA:60,7,0,0
BRDA:60,7,1,0
BRDA:76,8,0,0
BRDA:76,8,1,0
BRDA:82,9,0,0
BRDA:82,9,1,0
BRDA:89,10,0,0
BRDA:89,10,1,0
BRDA:95,11,0,0
BRDA:95,11,1,0
BRDA:116,12,0,0
BRDA:116,12,1,0
BRDA:122,13,0,0
BRDA:122,13,1,0
BRDA:129,14,0,0
BRDA:129,14,1,0
BRDA:135,15,0,0
BRDA:135,15,1,0
BRDA:151,16,0,0
BRDA:151,16,1,0
BRDA:157,17,0,0
BRDA:157,17,1,0
BRDA:164,18,0,0
BRDA:164,18,1,0
BRDA:170,19,0,0
BRDA:170,19,1,0
BRDA:186,20,0,0
BRDA:186,20,1,0
BRDA:192,21,0,0
BRDA:192,21,1,0
BRDA:200,22,0,0
BRDA:200,22,1,0
BRDA:206,23,0,0
BRDA:206,23,1,0
BRDA:216,24,0,0
BRDA:216,24,1,0
end_of_record
SF:controllers/images/_routes.js
DA:1,12
DA:2,12
DA:3,12
DA:5,12
DA:7,12
DA:8,12
DA:9,12
DA:10,12
DA:11,12
DA:12,12
DA:13,12
DA:14,12
DA:15,12
DA:17,12
DA:18,12
DA:20,12
end_of_record
SF:controllers/images/imagesController.js
DA:1,12
DA:2,12
DA:3,12
DA:4,12
DA:6,12
DA:7,0
DA:8,0
DA:9,0
DA:10,0
DA:13,12
DA:14,0
DA:15,0
DA:17,0
DA:19,0
DA:22,0
DA:23,0
DA:27,12
DA:28,0
DA:29,0
DA:30,0
DA:33,0
DA:34,0
DA:35,0
DA:37,0
DA:38,0
DA:39,0
DA:42,0
DA:43,0
DA:44,0
DA:48,12
DA:49,0
DA:50,0
DA:51,0
DA:53,0
DA:54,0
DA:55,0
DA:56,0
DA:57,0
DA:61,0
DA:63,0
DA:64,0
DA:65,0
DA:66,0
DA:67,0
DA:71,0
DA:74,0
DA:76,0
DA:77,0
DA:79,0
DA:80,0
DA:81,0
DA:83,0
DA:84,0
DA:85,0
DA:87,0
DA:88,0
DA:91,0
DA:92,0
DA:93,0
DA:94,0
DA:97,0
DA:99,0
DA:100,0
DA:101,0
DA:102,0
DA:106,0
DA:110,12
DA:111,0
DA:112,0
DA:114,0
DA:115,0
DA:118,0
DA:120,0
DA:121,0
DA:123,0
DA:125,0
DA:126,0
DA:129,0
DA:130,0
DA:134,0
DA:135,0
DA:136,0
DA:140,12
DA:141,0
DA:142,0
DA:144,0
DA:145,0
DA:148,0
DA:150,0
DA:152,0
DA:153,0
DA:154,0
DA:155,0
DA:157,0
DA:158,0
DA:159,0
DA:161,0
DA:162,0
DA:165,0
DA:166,0
DA:169,0
DA:170,0
DA:171,0
DA:172,0
DA:176,0
DA:180,0
DA:182,0
DA:183,0
DA:184,0
DA:185,0
DA:189,0
DA:193,12
DA:194,0
DA:195,0
DA:196,0
DA:198,0
DA:199,0
DA:202,0
DA:204,0
DA:205,0
DA:207,0
DA:209,0
DA:210,0
DA:213,0
DA:214,0
DA:217,0
DA:218,0
DA:221,0
DA:222,0
DA:226,0
DA:227,0
DA:228,0
DA:229,0
DA:233,0
DA:237,0
DA:239,0
DA:240,0
DA:241,0
DA:242,0
DA:246,0
DA:250,12
DA:251,0
DA:252,0
DA:253,0
DA:255,0
DA:256,0
DA:259,0
DA:261,0
DA:268,12
DA:269,0
DA:270,0
DA:272,0
DA:273,0
DA:276,0
DA:279,0
DA:283,12
DA:286,0
DA:287,0
DA:288,0
DA:291,0
DA:292,0
DA:295,0
DA:297,0
DA:298,0
DA:300,0
DA:307,12
BRDA:17,0,0,0
BRDA:17,0,1,0
BRDA:29,1,0,0
BRDA:29,1,1,0
BRDA:50,2,0,0
BRDA:50,2,1,0
BRDA:50,3,0,0
BRDA:50,3,1,0
BRDA:50,3,2,0
BRDA:53,4,0,0
BRDA:53,4,1,0
BRDA:54,5,0,0
BRDA:54,5,1,0
BRDA:55,6,0,0
BRDA:55,6,1,0
BRDA:63,7,0,0
BRDA:63,7,1,0
BRDA:63,8,0,0
BRDA:63,8,1,0
BRDA:64,9,0,0
BRDA:64,9,1,0
BRDA:65,10,0,0
BRDA:65,10,1,0
BRDA:83,11,0,0
BRDA:83,11,1,0
BRDA:83,12,0,0
BRDA:83,12,1,0
BRDA:87,13,0,0
BRDA:87,13,1,0
BRDA:88,14,0,0
BRDA:88,14,1,0
BRDA:99,15,0,0
BRDA:99,15,1,0
BRDA:100,16,0,0
BRDA:100,16,1,0
BRDA:114,17,0,0
BRDA:114,17,1,0
BRDA:120,18,0,0
BRDA:120,18,1,0
BRDA:144,19,0,0
BRDA:144,19,1,0
BRDA:144,20,0,0
BRDA:144,20,1,0
BRDA:152,21,0,0
BRDA:152,21,1,0
BRDA:157,22,0,0
BRDA:157,22,1,0
BRDA:157,23,0,0
BRDA:157,23,1,0
BRDA:161,24,0,0
BRDA:161,24,1,0
BRDA:162,25,0,0
BRDA:162,25,1,0
BRDA:169,26,0,0
BRDA:169,26,1,0
BRDA:170,27,0,0
BRDA:170,27,1,0
BRDA:182,28,0,0
BRDA:182,28,1,0
BRDA:183,29,0,0
BRDA:183,29,1,0
BRDA:198,30,0,0
BRDA:198,30,1,0
BRDA:198,31,0,0
BRDA:198,31,1,0
BRDA:198,31,2,0
BRDA:204,32,0,0
BRDA:204,32,1,0
BRDA:209,33,0,0
BRDA:209,33,1,0
BRDA:213,34,0,0
BRDA:213,34,1,0
BRDA:217,35,0,0
BRDA:217,35,1,0
BRDA:226,36,0,0
BRDA:226,36,1,0
BRDA:227,37,0,0
BRDA:227,37,1,0
BRDA:239,38,0,0
BRDA:239,38,1,0
BRDA:240,39,0,0
BRDA:240,39,1,0
BRDA:255,40,0,0
BRDA:255,40,1,0
BRDA:272,41,0,0
BRDA:272,41,1,0
BRDA:295,42,0,0
BRDA:295,42,1,0
end_of_record
SF:controllers/invoices/_routes.js
DA:1,12
DA:2,12
DA:3,12
DA:5,12
DA:7,12
DA:8,12
DA:9,12
DA:10,12
DA:11,12
DA:12,12
DA:13,12
DA:15,12
end_of_record
SF:controllers/invoices/invoices.js
DA:1,12
DA:2,12
DA:3,12
DA:4,12
DA:9,0
DA:10,0
DA:13,12
DA:14,0
DA:15,0
DA:16,0
DA:17,0
DA:18,0
DA:19,0
DA:21,0
DA:22,0
DA:87,0
DA:89,0
DA:90,0
DA:94,12
DA:95,0
DA:96,0
DA:97,0
DA:98,0
DA:99,0
DA:101,0
DA:102,0
DA:106,12
DA:107,0
DA:109,0
DA:115,0
DA:117,0
DA:118,0
DA:121,12
DA:122,0
DA:123,0
DA:128,0
DA:130,0
DA:132,0
DA:133,0
DA:136,12
DA:137,0
DA:138,0
DA:139,0
DA:140,0
DA:215,0
DA:245,0
DA:247,0
DA:248,0
DA:252,12
DA:253,0
DA:254,0
DA:257,0
DA:259,0
DA:263,12
DA:264,0
DA:265,0
DA:270,0
DA:271,0
DA:275,0
DA:280,0
DA:284,12
BRDA:17,0,0,0
BRDA:17,0,1,0
BRDA:125,1,0,0
BRDA:125,1,1,0
BRDA:126,2,0,0
BRDA:126,2,1,0
BRDA:139,3,0,0
BRDA:139,3,1,0
BRDA:270,4,0,0
BRDA:270,4,1,0
BRDA:270,5,0,0
BRDA:270,5,1,0
end_of_record
SF:controllers/lead/_routes.js
DA:1,12
DA:2,12
DA:3,12
DA:5,12
DA:7,12
DA:8,12
DA:9,12
DA:10,12
DA:11,12
DA:12,12
DA:13,12
DA:14,12
DA:16,12
end_of_record
SF:controllers/lead/lead.js
DA:1,12
DA:2,12
DA:3,12
DA:4,12
DA:5,12
DA:6,12
DA:8,12
DA:9,0
DA:10,0
DA:14,0
DA:19,0
DA:20,0
DA:23,12
DA:24,0
DA:25,0
DA:26,0
DA:28,0
DA:30,0
DA:31,0
DA:35,12
DA:36,0
DA:37,0
DA:38,0
DA:44,0
DA:45,0
DA:48,0
DA:50,0
DA:51,0
DA:55,12
DA:56,0
DA:57,0
DA:58,0
DA:59,0
DA:60,0
DA:62,0
DA:63,0
DA:67,12
DA:68,0
DA:69,0
DA:73,0
DA:75,0
DA:76,0
DA:80,12
DA:81,0
DA:82,0
DA:84,0
DA:85,0
DA:86,0
DA:88,0
DA:90,0
DA:140,0
DA:172,0
DA:202,0
DA:241,0
DA:265,0
DA:268,12
DA:269,0
DA:270,0
DA:271,0
DA:273,0
DA:277,12
DA:278,0
DA:279,0
DA:280,0
DA:282,0
DA:287,12
BRDA:44,0,0,0
BRDA:44,0,1,0
BRDA:82,1,0,0
BRDA:82,1,1,0
BRDA:85,2,0,0
BRDA:85,2,1,0
end_of_record
SF:controllers/meeting/_routes.js
DA:1,12
DA:2,12
DA:3,12
DA:5,12
DA:8,12
DA:11,12
DA:12,12
DA:13,12
DA:14,12
DA:15,12
DA:16,12
DA:17,12
DA:19,12
end_of_record
SF:controllers/meeting/meeting.js
DA:1,12
DA:2,12
DA:5,12
DA:51,12
DA:52,10
DA:54,10
DA:55,10
DA:56,3
DA:60,7
DA:62,7
DA:63,0
DA:66,7
DA:68,0
DA:69,0
DA:103,12
DA:104,1
DA:106,1
DA:107,1
DA:108,0
DA:112,1
DA:115,1
DA:117,1
DA:118,0
DA:122,1
DA:123,7
DA:124,7
DA:132,1
DA:134,0
DA:135,0
DA:169,12
DA:170,4
DA:172,4
DA:173,4
DA:174,1
DA:178,3
DA:181,3
DA:183,3
DA:184,2
DA:188,1
DA:195,1
DA:197,0
DA:198,0
DA:245,12
DA:246,3
DA:248,3
DA:249,3
DA:250,1
DA:254,2
DA:255,2
DA:256,0
DA:260,2
DA:263,2
DA:270,2
DA:271,1
DA:274,1
DA:276,0
DA:277,0
DA:308,12
DA:309,3
DA:311,3
DA:312,3
DA:313,1
DA:317,2
DA:320,2
DA:322,2
DA:323,1
DA:326,1
DA:328,0
DA:329,0
DA:364,12
DA:365,2
DA:367,2
DA:369,2
DA:370,0
DA:374,2
DA:375,2
DA:376,1
DA:380,1
DA:383,1
DA:389,1
DA:390,0
DA:393,1
DA:395,0
DA:396,0
DA:400,12
BRDA:55,0,0,3
BRDA:55,0,1,7
BRDA:62,1,0,0
BRDA:62,1,1,7
BRDA:107,2,0,0
BRDA:107,2,1,1
BRDA:112,3,0,1
BRDA:112,3,1,1
BRDA:117,4,0,0
BRDA:117,4,1,1
BRDA:123,5,0,7
BRDA:123,5,1,0
BRDA:126,6,0,7
BRDA:126,6,1,0
BRDA:126,7,0,7
BRDA:126,7,1,7
BRDA:128,8,0,0
BRDA:128,8,1,0
BRDA:173,9,0,1
BRDA:173,9,1,3
BRDA:178,10,0,3
BRDA:178,10,1,3
BRDA:183,11,0,2
BRDA:183,11,1,1
BRDA:189,12,0,1
BRDA:189,12,1,0
BRDA:190,13,0,1
BRDA:190,13,1,0
BRDA:190,14,0,1
BRDA:190,14,1,1
BRDA:192,15,0,0
BRDA:192,15,1,0
BRDA:249,16,0,1
BRDA:249,16,1,2
BRDA:255,17,0,0
BRDA:255,17,1,2
BRDA:260,18,0,2
BRDA:260,18,1,2
BRDA:270,19,0,1
BRDA:270,19,1,1
BRDA:312,20,0,1
BRDA:312,20,1,2
BRDA:317,21,0,2
BRDA:317,21,1,2
BRDA:322,22,0,1
BRDA:322,22,1,1
BRDA:367,23,0,2
BRDA:367,23,1,2
BRDA:369,24,0,0
BRDA:369,24,1,2
BRDA:369,25,0,2
BRDA:369,25,1,2
BRDA:375,26,0,1
BRDA:375,26,1,1
BRDA:380,27,0,1
BRDA:380,27,1,1
BRDA:389,28,0,0
BRDA:389,28,1,1
end_of_record
SF:controllers/moduleActiveDeactive/_routes.js
DA:1,12
DA:2,12
DA:3,12
DA:5,12
DA:7,12
DA:8,12
DA:10,12
end_of_record
SF:controllers/moduleActiveDeactive/moduleActiveDeactive.js
DA:1,12
DA:2,12
DA:4,12
DA:5,0
DA:6,0
DA:9,0
DA:10,0
DA:12,0
DA:14,0
DA:16,0
DA:19,0
DA:21,0
DA:41,0
DA:42,0
DA:45,0
DA:46,0
DA:49,0
DA:51,0
DA:52,0
DA:53,0
DA:60,0
DA:61,0
DA:65,0
DA:66,0
DA:68,0
DA:70,0
DA:71,0
DA:75,12
DA:76,0
DA:77,0
DA:79,0
DA:80,0
DA:86,0
DA:88,0
DA:90,0
DA:91,0
DA:95,12
BRDA:14,0,0,0
BRDA:14,0,1,0
BRDA:42,1,0,0
BRDA:42,1,1,0
BRDA:51,2,0,0
BRDA:51,2,1,0
end_of_record
SF:controllers/opportunities/_routes.js
DA:1,12
DA:2,12
DA:3,12
DA:5,12
DA:7,12
DA:8,12
DA:9,12
DA:10,12
DA:11,12
DA:12,12
DA:13,12
DA:15,12
end_of_record
SF:controllers/opportunities/opportunities.js
DA:1,12
DA:2,12
DA:3,12
DA:5,12
DA:6,0
DA:7,0
DA:8,0
DA:9,0
DA:11,0
DA:12,0
DA:15,12
DA:16,0
DA:17,0
DA:21,0
DA:23,0
DA:25,0
DA:26,0
DA:29,12
DA:30,0
DA:31,0
DA:32,0
DA:34,0
DA:35,0
DA:36,0
DA:37,0
DA:40,0
DA:106,0
DA:108,0
DA:109,0
DA:113,12
DA:114,0
DA:115,0
DA:116,0
DA:118,0
DA:185,0
DA:187,0
DA:188,0
DA:191,12
DA:192,0
DA:194,0
DA:200,0
DA:202,0
DA:203,0
DA:206,12
DA:207,0
DA:208,0
DA:209,0
DA:211,0
DA:215,12
DA:216,0
DA:217,0
DA:218,0
DA:220,0
DA:224,12
BRDA:19,0,0,0
BRDA:19,0,1,0
BRDA:35,1,0,0
BRDA:35,1,1,0
BRDA:116,2,0,0
BRDA:116,2,1,0
end_of_record
SF:controllers/payment/_routes.js
DA:1,12
DA:2,12
DA:4,12
DA:7,12
DA:8,12
DA:10,12
end_of_record
SF:controllers/payment/payment.js
DA:1,12
DA:4,12
DA:5,0
DA:6,0
DA:7,0
DA:9,0
DA:11,0
DA:13,0
DA:14,0
DA:15,0
DA:18,0
DA:19,0
DA:20,0
DA:21,0
DA:23,0
DA:33,0
DA:36,0
DA:38,0
DA:39,0
DA:43,12
DA:44,0
DA:45,0
DA:46,0
DA:51,0
DA:66,0
DA:68,0
DA:69,0
DA:73,12
BRDA:20,0,0,0
BRDA:20,0,1,0
end_of_record
SF:controllers/phoneCall/_routes.js
DA:1,12
DA:2,12
DA:3,12
DA:5,12
DA:7,12
DA:8,12
DA:9,12
DA:11,12
end_of_record
SF:controllers/phoneCall/phonCall.js
DA:1,12
DA:2,12
DA:3,12
DA:5,12
DA:6,0
DA:7,0
DA:9,0
DA:10,0
DA:12,0
DA:13,0
DA:15,0
DA:17,0
DA:18,0
DA:21,0
DA:22,0
DA:25,0
DA:26,0
DA:27,0
DA:29,0
DA:30,0
DA:31,0
DA:33,0
DA:34,0
DA:38,12
DA:39,0
DA:41,0
DA:42,0
DA:43,0
DA:45,0
DA:97,0
DA:99,0
DA:100,0
DA:104,12
DA:105,0
DA:106,0
DA:108,0
DA:110,0
DA:162,0
DA:164,0
DA:165,0
DA:169,12
BRDA:9,0,0,0
BRDA:9,0,1,0
BRDA:9,1,0,0
BRDA:9,1,1,0
BRDA:12,2,0,0
BRDA:12,2,1,0
BRDA:12,3,0,0
BRDA:12,3,1,0
BRDA:17,4,0,0
BRDA:17,4,1,0
BRDA:21,5,0,0
BRDA:21,5,1,0
BRDA:42,6,0,0
BRDA:42,6,1,0
BRDA:108,7,0,0
BRDA:108,7,1,0
end_of_record
SF:controllers/property/_routes.js
DA:1,12
DA:2,12
DA:3,12
DA:5,12
DA:7,12
DA:8,12
DA:9,12
DA:10,12
DA:11,12
DA:12,12
DA:13,12
DA:14,12
DA:15,12
DA:16,12
DA:17,12
DA:19,12
DA:20,12
DA:21,12
DA:22,12
DA:26,12
end_of_record
SF:controllers/property/property.js
DA:1,12
DA:2,12
DA:3,12
DA:4,12
DA:5,12
DA:8,12
DA:9,0
DA:10,0
DA:12,0
DA:17,0
DA:18,0
DA:21,12
DA:22,0
DA:23,0
DA:24,0
DA:25,0
DA:26,0
DA:28,0
DA:29,0
DA:33,12
DA:34,0
DA:35,0
DA:36,0
DA:37,0
DA:39,0
DA:40,0
DA:44,12
DA:45,0
DA:46,0
DA:50,0
DA:52,0
DA:53,0
DA:57,12
DA:58,0
DA:59,0
DA:60,0
DA:62,0
DA:64,0
DA:65,0
DA:68,12
DA:69,0
DA:70,0
DA:71,0
DA:73,0
DA:77,12
DA:78,0
DA:79,0
DA:80,0
DA:82,0
DA:107,12
DA:110,0
DA:111,0
DA:112,0
DA:115,0
DA:116,0
DA:119,0
DA:121,0
DA:122,0
DA:124,0
DA:130,12
DA:131,0
DA:132,0
DA:134,0
DA:135,0
DA:136,0
DA:138,0
DA:140,0
DA:146,0
DA:147,0
DA:149,0
DA:150,0
DA:154,12
DA:157,0
DA:158,0
DA:159,0
DA:162,0
DA:163,0
DA:166,0
DA:168,0
DA:169,0
DA:171,0
DA:177,12
DA:178,0
DA:179,0
DA:181,0
DA:182,0
DA:183,0
DA:185,0
DA:187,0
DA:192,0
DA:193,0
DA:195,0
DA:196,0
DA:200,12
DA:203,0
DA:204,0
DA:205,0
DA:208,0
DA:209,0
DA:212,0
DA:214,0
DA:215,0
DA:217,0
DA:223,12
DA:224,0
DA:225,0
DA:227,0
DA:228,0
DA:229,0
DA:231,0
DA:233,0
DA:238,0
DA:239,0
DA:241,0
DA:242,0
DA:246,12
DA:249,0
DA:250,0
DA:251,0
DA:254,0
DA:255,0
DA:258,0
DA:260,0
DA:261,0
DA:263,0
DA:269,12
DA:270,0
DA:271,0
DA:273,0
DA:274,0
DA:275,0
DA:277,0
DA:279,0
DA:285,0
DA:286,0
DA:288,0
DA:289,0
DA:295,12
BRDA:64,0,0,0
BRDA:64,0,1,0
BRDA:119,1,0,0
BRDA:119,1,1,0
BRDA:134,2,0,0
BRDA:134,2,1,0
BRDA:134,3,0,0
BRDA:134,3,1,0
BRDA:166,4,0,0
BRDA:166,4,1,0
BRDA:181,5,0,0
BRDA:181,5,1,0
BRDA:181,6,0,0
BRDA:181,6,1,0
BRDA:212,7,0,0
BRDA:212,7,1,0
BRDA:227,8,0,0
BRDA:227,8,1,0
BRDA:227,9,0,0
BRDA:227,9,1,0
BRDA:258,10,0,0
BRDA:258,10,1,0
BRDA:273,11,0,0
BRDA:273,11,1,0
BRDA:273,12,0,0
BRDA:273,12,1,0
end_of_record
SF:controllers/quotes/_routes.js
DA:1,12
DA:2,12
DA:3,12
DA:5,12
DA:7,12
DA:8,12
DA:9,12
DA:10,12
DA:11,12
DA:12,12
DA:13,12
DA:14,12
DA:16,12
end_of_record
SF:controllers/quotes/quotes.js
DA:1,12
DA:2,12
DA:3,12
DA:4,12
DA:7,0
DA:8,0
DA:11,0
DA:12,0
DA:15,12
DA:16,0
DA:17,0
DA:18,0
DA:19,0
DA:20,0
DA:21,0
DA:24,0
DA:25,0
DA:90,0
DA:92,0
DA:93,0
DA:97,12
DA:98,0
DA:99,0
DA:100,0
DA:101,0
DA:102,0
DA:104,0
DA:105,0
DA:109,12
DA:110,0
DA:112,0
DA:118,0
DA:120,0
DA:121,0
DA:124,12
DA:125,0
DA:126,0
DA:131,0
DA:133,0
DA:135,0
DA:136,0
DA:140,12
DA:141,0
DA:142,0
DA:143,0
DA:144,0
DA:219,0
DA:248,0
DA:250,0
DA:251,0
DA:260,12
DA:261,0
DA:262,0
DA:263,0
DA:264,0
DA:266,0
DA:268,0
DA:309,0
DA:310,0
DA:312,0
DA:318,0
DA:320,0
DA:324,12
DA:325,0
DA:326,0
DA:329,0
DA:331,0
DA:335,12
DA:336,0
DA:337,0
DA:342,0
DA:343,0
DA:347,0
DA:352,0
DA:356,12
BRDA:19,0,0,0
BRDA:19,0,1,0
BRDA:128,1,0,0
BRDA:128,1,1,0
BRDA:129,2,0,0
BRDA:129,2,1,0
BRDA:143,3,0,0
BRDA:143,3,1,0
BRDA:263,4,0,0
BRDA:263,4,1,0
BRDA:342,5,0,0
BRDA:342,5,1,0
BRDA:342,6,0,0
BRDA:342,6,1,0
end_of_record
SF:controllers/reporting/_routes.js
DA:1,12
DA:2,12
DA:3,12
DA:5,12
DA:7,12
DA:8,12
DA:9,12
DA:12,12
end_of_record
SF:controllers/reporting/reporting.js
DA:1,12
DA:2,12
DA:3,12
DA:4,12
DA:5,12
DA:6,12
DA:7,12
DA:8,12
DA:9,12
DA:10,12
DA:12,12
DA:13,12
DA:14,12
DA:15,12
DA:16,12
DA:17,12
DA:18,12
DA:20,12
DA:21,0
DA:22,0
DA:23,0
DA:24,0
DA:27,12
DA:28,0
DA:29,0
DA:30,0
DA:31,0
DA:32,0
DA:34,0
DA:35,0
DA:38,0
DA:42,0
DA:44,0
DA:48,0
DA:50,0
DA:54,0
DA:56,0
DA:60,0
DA:62,0
DA:66,0
DA:68,0
DA:72,0
DA:74,0
DA:78,0
DA:80,0
DA:84,0
DA:86,0
DA:90,0
DA:92,0
DA:96,0
DA:98,0
DA:102,0
DA:104,0
DA:108,0
DA:111,0
DA:114,0
DA:116,0
DA:117,0
DA:118,0
DA:119,0
DA:120,0
DA:121,0
DA:122,0
DA:123,0
DA:126,0
DA:128,0
DA:131,0
DA:134,0
DA:149,0
DA:151,0
DA:152,0
DA:153,0
DA:154,0
DA:155,0
DA:157,0
DA:158,0
DA:159,0
DA:161,0
DA:162,0
DA:163,0
DA:165,0
DA:166,0
DA:167,0
DA:169,0
DA:170,0
DA:171,0
DA:173,0
DA:174,0
DA:175,0
DA:177,0
DA:178,0
DA:179,0
DA:181,0
DA:182,0
DA:183,0
DA:185,0
DA:186,0
DA:187,0
DA:189,0
DA:190,0
DA:191,0
DA:193,0
DA:194,0
DA:195,0
DA:197,0
DA:198,0
DA:199,0
DA:202,0
DA:203,0
DA:204,0
DA:205,0
DA:206,0
DA:207,0
DA:209,0
DA:215,0
DA:220,0
DA:221,0
DA:222,0
DA:223,0
DA:224,0
DA:225,0
DA:226,0
DA:228,0
DA:234,0
DA:238,0
DA:241,0
DA:242,0
DA:243,0
DA:245,0
DA:248,12
DA:249,0
DA:251,0
DA:252,0
DA:255,0
DA:256,0
DA:259,0
DA:260,0
DA:263,0
DA:265,0
DA:267,0
DA:271,0
DA:273,0
DA:274,0
DA:277,0
DA:281,0
DA:282,0
DA:283,0
DA:284,0
DA:494,0
DA:592,0
DA:659,0
DA:731,0
DA:732,0
DA:734,0
DA:739,0
DA:740,0
DA:745,12
BRDA:31,0,0,0
BRDA:31,0,1,0
BRDA:34,1,0,0
BRDA:34,1,1,0
BRDA:119,2,0,0
BRDA:119,2,1,0
BRDA:122,3,0,0
BRDA:122,3,1,0
BRDA:151,4,0,0
BRDA:151,4,1,0
BRDA:151,5,0,0
BRDA:151,5,1,0
BRDA:153,6,0,0
BRDA:153,6,1,0
BRDA:153,7,0,0
BRDA:153,7,1,0
BRDA:157,8,0,0
BRDA:157,8,1,0
BRDA:157,9,0,0
BRDA:157,9,1,0
BRDA:161,10,0,0
BRDA:161,10,1,0
BRDA:161,11,0,0
BRDA:161,11,1,0
BRDA:165,12,0,0
BRDA:165,12,1,0
BRDA:165,13,0,0
BRDA:165,13,1,0
BRDA:169,14,0,0
BRDA:169,14,1,0
BRDA:169,15,0,0
BRDA:169,15,1,0
BRDA:173,16,0,0
BRDA:173,16,1,0
BRDA:173,17,0,0
BRDA:173,17,1,0
BRDA:177,18,0,0
BRDA:177,18,1,0
BRDA:177,19,0,0
BRDA:177,19,1,0
BRDA:181,20,0,0
BRDA:181,20,1,0
BRDA:181,21,0,0
BRDA:181,21,1,0
BRDA:185,22,0,0
BRDA:185,22,1,0
BRDA:185,23,0,0
BRDA:185,23,1,0
BRDA:189,24,0,0
BRDA:189,24,1,0
BRDA:189,25,0,0
BRDA:189,25,1,0
BRDA:193,26,0,0
BRDA:193,26,1,0
BRDA:193,27,0,0
BRDA:193,27,1,0
BRDA:197,28,0,0
BRDA:197,28,1,0
BRDA:197,29,0,0
BRDA:197,29,1,0
BRDA:202,30,0,0
BRDA:202,30,1,0
BRDA:203,31,0,0
BRDA:203,31,1,0
BRDA:220,32,0,0
BRDA:220,32,1,0
BRDA:222,33,0,0
BRDA:222,33,1,0
BRDA:259,34,0,0
BRDA:259,34,1,0
BRDA:259,35,0,0
BRDA:259,35,1,0
BRDA:273,36,0,0
BRDA:273,36,1,0
BRDA:281,37,0,0
BRDA:281,37,1,0
BRDA:283,38,0,0
BRDA:283,38,1,0
BRDA:731,39,0,0
BRDA:731,39,1,0
BRDA:731,40,0,0
BRDA:731,40,1,0
BRDA:731,40,2,0
end_of_record
SF:controllers/roleAccess/_routes.js
DA:1,12
DA:2,12
DA:3,12
DA:5,12
DA:7,12
DA:8,12
DA:9,12
DA:10,12
DA:11,12
DA:13,12
end_of_record
SF:controllers/roleAccess/roleAccess.js
DA:1,12
DA:2,12
DA:3,12
DA:5,12
DA:6,0
DA:7,0
DA:8,0
DA:9,0
DA:11,0
DA:12,0
DA:16,12
DA:17,0
DA:18,0
DA:20,0
DA:22,0
DA:23,0
DA:26,0
DA:28,0
DA:44,0
DA:47,0
DA:48,0
DA:49,0
DA:50,0
DA:56,0
DA:57,0
DA:59,0
DA:60,0
DA:63,0
DA:64,0
DA:65,0
DA:67,0
DA:72,0
DA:73,0
DA:77,12
DA:78,0
DA:79,0
DA:80,0
DA:84,0
DA:86,0
DA:87,0
DA:91,12
DA:92,0
DA:93,0
DA:94,0
DA:97,0
DA:98,0
DA:102,12
DA:103,0
DA:107,0
DA:109,0
DA:116,0
DA:123,0
DA:124,0
DA:127,0
DA:128,0
DA:132,12
BRDA:22,0,0,0
BRDA:22,0,1,0
BRDA:49,1,0,0
BRDA:49,1,1,0
BRDA:49,2,0,0
BRDA:49,2,1,0
BRDA:49,2,2,0
end_of_record
SF:controllers/route.js
DA:1,12
DA:2,12
DA:4,12
DA:5,12
DA:6,12
DA:7,12
DA:8,12
DA:9,12
DA:10,12
DA:12,12
DA:13,12
DA:14,12
DA:15,12
DA:16,12
DA:17,12
DA:18,12
DA:19,12
DA:20,12
DA:21,12
DA:22,12
DA:23,12
DA:24,12
DA:25,12
DA:26,12
DA:27,12
DA:28,12
DA:29,12
DA:30,12
DA:33,12
DA:34,12
DA:35,12
DA:36,12
DA:37,12
DA:38,12
DA:39,12
DA:40,12
DA:42,12
DA:43,12
DA:44,12
DA:45,12
DA:47,12
DA:48,12
DA:49,12
DA:51,12
DA:52,12
DA:53,12
DA:54,12
DA:55,12
DA:56,12
DA:58,12
DA:59,12
DA:60,12
DA:61,12
DA:62,12
DA:64,12
end_of_record
SF:controllers/route/_routes.js
DA:1,12
DA:2,12
DA:3,12
DA:5,12
DA:7,12
DA:9,12
end_of_record
SF:controllers/route/route.js
DA:1,12
DA:2,12
DA:3,12
DA:5,12
DA:6,0
DA:7,0
DA:8,0
DA:9,0
DA:10,0
DA:11,0
DA:14,0
DA:23,0
DA:27,0
DA:28,0
DA:29,0
DA:30,0
DA:31,0
DA:32,0
DA:33,0
DA:37,0
DA:40,0
DA:44,0
DA:47,0
DA:48,0
DA:52,12
BRDA:30,0,0,0
BRDA:30,0,1,0
BRDA:32,1,0,0
BRDA:32,1,1,0
end_of_record
SF:controllers/status/_routes.js
DA:1,12
DA:2,12
DA:3,12
DA:4,12
DA:6,12
DA:8,12
end_of_record
SF:controllers/status/status.js
DA:1,12
DA:2,12
DA:3,12
DA:4,12
DA:6,12
DA:7,0
DA:8,0
DA:9,0
DA:11,0
DA:15,0
DA:18,0
DA:19,0
DA:20,0
DA:21,0
DA:22,0
DA:23,0
DA:24,0
DA:25,0
DA:28,0
DA:30,0
DA:33,0
DA:36,0
DA:38,0
DA:39,0
DA:41,0
DA:42,0
DA:44,0
DA:45,0
DA:51,0
DA:53,0
DA:54,0
DA:58,12
BRDA:21,0,0,0
BRDA:21,0,1,0
BRDA:24,1,0,0
BRDA:24,1,1,0
BRDA:38,2,0,0
BRDA:38,2,1,0
BRDA:38,3,0,0
BRDA:38,3,1,0
BRDA:41,4,0,0
BRDA:41,4,1,0
BRDA:41,5,0,0
BRDA:41,5,1,0
BRDA:44,6,0,0
BRDA:44,6,1,0
BRDA:44,7,0,0
BRDA:44,7,1,0
end_of_record
SF:controllers/task/_routes.js
DA:1,12
DA:2,12
DA:3,12
DA:5,12
DA:7,12
DA:8,12
DA:9,12
DA:10,12
DA:11,12
DA:12,12
DA:13,12
DA:15,12
end_of_record
SF:controllers/task/task.js
DA:1,12
DA:2,12
DA:4,12
DA:5,0
DA:6,0
DA:7,0
DA:8,0
DA:11,0
DA:12,0
DA:55,0
DA:57,0
DA:58,0
DA:62,12
DA:63,0
DA:64,0
DA:66,0
DA:67,0
DA:69,0
DA:70,0
DA:72,0
DA:74,0
DA:75,0
DA:77,0
DA:78,0
DA:80,0
DA:81,0
DA:82,0
DA:84,0
DA:85,0
DA:89,12
DA:90,0
DA:91,0
DA:93,0
DA:94,0
DA:96,0
DA:97,0
DA:99,0
DA:101,0
DA:107,0
DA:109,0
DA:110,0
DA:113,12
DA:114,0
DA:115,0
DA:117,0
DA:122,0
DA:123,0
DA:125,0
DA:126,0
DA:130,12
DA:131,0
DA:132,0
DA:133,0
DA:134,0
DA:177,0
DA:180,0
DA:181,0
DA:185,12
DA:186,0
DA:187,0
DA:188,0
DA:190,0
DA:194,12
DA:195,0
DA:196,0
DA:198,0
DA:199,0
DA:202,0
DA:206,0
DA:210,12
BRDA:7,0,0,0
BRDA:7,0,1,0
BRDA:66,1,0,0
BRDA:66,1,1,0
BRDA:66,2,0,0
BRDA:66,2,1,0
BRDA:69,3,0,0
BRDA:69,3,1,0
BRDA:69,4,0,0
BRDA:69,4,1,0
BRDA:74,5,0,0
BRDA:74,5,1,0
BRDA:77,6,0,0
BRDA:77,6,1,0
BRDA:93,7,0,0
BRDA:93,7,1,0
BRDA:93,8,0,0
BRDA:93,8,1,0
BRDA:96,9,0,0
BRDA:96,9,1,0
BRDA:96,10,0,0
BRDA:96,10,1,0
BRDA:133,11,0,0
BRDA:133,11,1,0
BRDA:198,12,0,0
BRDA:198,12,1,0
BRDA:198,13,0,0
BRDA:198,13,1,0
end_of_record
SF:controllers/textMsg/_routes.js
DA:1,12
DA:2,12
DA:3,12
DA:5,12
DA:7,12
DA:8,12
DA:9,12
DA:11,12
end_of_record
SF:controllers/textMsg/textMsg.js
DA:1,12
DA:2,12
DA:3,12
DA:6,12
DA:7,0
DA:8,0
DA:9,0
DA:10,0
DA:12,0
DA:13,0
DA:14,0
DA:16,0
DA:17,0
DA:21,12
DA:40,0
DA:41,0
DA:42,0
DA:44,0
DA:45,0
DA:77,0
DA:79,0
DA:80,0
DA:84,12
DA:85,0
DA:86,0
DA:88,0
DA:90,0
DA:121,0
DA:123,0
DA:124,0
DA:128,12
BRDA:41,0,0,0
BRDA:41,0,1,0
BRDA:88,1,0,0
BRDA:88,1,1,0
end_of_record
SF:controllers/user/_routes.js
DA:1,12
DA:2,12
DA:3,12
DA:5,12
DA:7,12
DA:8,12
DA:9,12
DA:10,12
DA:11,12
DA:12,12
DA:13,12
DA:14,12
DA:15,12
DA:19,12
end_of_record
SF:controllers/user/user.js
DA:1,12
DA:2,12
DA:3,12
DA:4,12
DA:5,12
DA:6,12
DA:7,12
DA:8,12
DA:9,12
DA:41,12
DA:42,2
DA:44,2
DA:45,0
DA:49,2
DA:50,2
DA:52,2
DA:53,0
DA:56,2
DA:59,2
DA:61,2
DA:62,0
DA:65,2
DA:67,0
DA:68,0
DA:102,12
DA:103,4
DA:105,4
DA:106,0
DA:110,4
DA:111,4
DA:113,4
DA:114,0
DA:117,4
DA:120,4
DA:122,4
DA:123,1
DA:126,3
DA:128,0
DA:129,0
DA:133,12
DA:134,0
DA:135,0
DA:137,0
DA:141,0
DA:143,0
DA:147,12
DA:148,1
DA:149,1
DA:150,1
DA:151,1
DA:153,0
DA:154,0
DA:158,12
DA:159,0
DA:160,0
DA:163,0
DA:164,0
DA:165,0
DA:167,0
DA:168,0
DA:170,0
DA:172,0
DA:173,0
DA:175,0
DA:178,0
DA:182,12
DA:183,0
DA:184,0
DA:185,0
DA:188,0
DA:189,0
DA:192,0
DA:193,0
DA:195,0
DA:196,0
DA:200,0
DA:201,0
DA:203,0
DA:204,0
DA:206,0
DA:210,12
DA:211,0
DA:212,0
DA:214,0
DA:218,0
DA:219,0
DA:222,0
DA:224,0
DA:225,0
DA:262,12
DA:263,30
DA:265,30
DA:266,0
DA:270,30
DA:271,30
DA:273,30
DA:274,0
DA:277,30
DA:280,30
DA:282,30
DA:283,2
DA:286,28
DA:290,0
DA:291,0
DA:295,12
DA:296,0
DA:297,0
DA:299,0
DA:301,0
DA:304,0
DA:305,0
DA:309,12
BRDA:44,0,0,0
BRDA:44,0,1,2
BRDA:52,1,0,0
BRDA:52,1,1,2
BRDA:61,2,0,0
BRDA:61,2,1,2
BRDA:105,3,0,0
BRDA:105,3,1,4
BRDA:113,4,0,0
BRDA:113,4,1,4
BRDA:122,5,0,1
BRDA:122,5,1,3
BRDA:150,6,0,0
BRDA:150,6,1,1
BRDA:164,7,0,0
BRDA:164,7,1,0
BRDA:167,8,0,0
BRDA:167,8,1,0
BRDA:170,9,0,0
BRDA:170,9,1,0
BRDA:195,10,0,0
BRDA:195,10,1,0
BRDA:218,11,0,0
BRDA:218,11,1,0
BRDA:265,12,0,0
BRDA:265,12,1,30
BRDA:273,13,0,0
BRDA:273,13,1,30
BRDA:282,14,0,2
BRDA:282,14,1,28
end_of_record
SF:controllers/validation/_routes.js
DA:1,12
DA:2,12
DA:3,12
DA:5,12
DA:7,12
DA:8,12
DA:9,12
DA:10,12
DA:11,12
DA:12,12
DA:14,12
end_of_record
SF:controllers/validation/validation.js
DA:1,12
DA:3,12
DA:4,0
DA:5,0
DA:6,0
DA:7,0
DA:8,0
DA:10,0
DA:11,0
DA:15,12
DA:16,0
DA:17,0
DA:18,0
DA:21,0
DA:22,0
DA:23,0
DA:26,0
DA:28,0
DA:29,0
DA:30,0
DA:33,0
DA:34,0
DA:38,12
DA:39,0
DA:40,0
DA:41,0
DA:42,0
DA:45,0
DA:46,0
DA:50,12
DA:51,0
DA:52,0
DA:54,0
DA:55,0
DA:57,0
DA:61,0
DA:62,0
DA:66,12
DA:67,0
DA:68,0
DA:69,0
DA:76,0
DA:77,0
DA:79,0
DA:83,0
DA:84,0
DA:88,12
DA:89,0
DA:90,0
DA:91,0
DA:92,0
DA:99,0
DA:100,0
DA:102,0
DA:106,0
DA:107,0
DA:111,12
BRDA:17,0,0,0
BRDA:17,0,1,0
BRDA:22,1,0,0
BRDA:22,1,1,0
BRDA:41,2,0,0
BRDA:41,2,1,0
BRDA:54,3,0,0
BRDA:54,3,1,0
BRDA:76,4,0,0
BRDA:76,4,1,0
BRDA:99,5,0,0
BRDA:99,5,1,0
end_of_record
SF:db/config.js
DA:1,12
DA:2,12
DA:3,12
DA:4,12
DA:5,12
DA:6,12
DA:7,12
DA:8,12
DA:9,12
DA:10,12
DA:11,12
DA:13,12
DA:14,24
DA:15,24
DA:16,24
DA:18,24
DA:19,24
DA:20,24
DA:21,58
DA:24,58
DA:26,0
DA:27,0
DA:28,0
DA:31,0
DA:33,0
DA:34,0
DA:39,24
DA:43,12
DA:44,12
DA:45,12
DA:49,12
DA:50,12
DA:59,12
DA:62,12
DA:64,36
DA:72,12
DA:73,12
DA:74,12
DA:76,12
DA:78,12
DA:79,12
DA:80,12
DA:81,12
DA:82,12
DA:83,12
DA:84,12
DA:86,12
DA:88,12
DA:90,12
DA:91,12
DA:92,0
DA:93,0
DA:94,0
DA:95,0
DA:96,0
DA:97,0
DA:100,12
DA:102,0
DA:105,12
BRDA:24,0,0,0
BRDA:24,0,1,58
BRDA:79,1,0,12
BRDA:79,1,1,0
BRDA:92,2,0,0
BRDA:92,2,1,0
BRDA:95,3,0,0
BRDA:95,3,1,0
end_of_record
SF:db/contactFields.js
DA:1,12
DA:119,12
end_of_record
SF:db/leadFields.js
DA:1,12
DA:85,12
end_of_record
SF:db/propertiesFields.js
DA:1,12
DA:22,12
end_of_record
SF:middlewares/auth.js
DA:1,12
DA:2,12
DA:4,12
DA:5,25
DA:7,25
DA:8,1
DA:11,24
DA:13,24
DA:15,24
DA:16,24
DA:17,24
DA:19,0
DA:20,0
DA:24,12
BRDA:7,0,0,1
BRDA:7,0,1,24
BRDA:13,1,0,24
BRDA:13,1,1,0
end_of_record
SF:middlewares/mail.js
DA:1,12
DA:4,12
DA:5,0
DA:6,0
DA:7,0
DA:16,0
DA:24,0
DA:25,0
DA:26,0
DA:29,0
DA:30,0
DA:35,12
BRDA:6,0,0,0
BRDA:6,0,1,0
BRDA:6,1,0,0
BRDA:6,1,1,0
BRDA:6,1,2,0
end_of_record
SF:model/schema/account.js
DA:1,12
DA:3,12
DA:73,12
end_of_record
SF:model/schema/contact.js
DA:1,12
DA:3,12
DA:4,36
DA:5,36
DA:8,12
DA:78,12
DA:79,36
DA:80,36
DA:81,109
DA:85,12
DA:86,12
end_of_record
SF:model/schema/customField.js
DA:1,12
DA:3,12
DA:4,0
DA:5,0
DA:6,0
DA:9,12
DA:34,12
DA:43,12
DA:97,12
DA:103,12
DA:131,12
end_of_record
SF:model/schema/document.js
DA:1,12
DA:4,12
DA:33,12
DA:49,12
end_of_record
SF:model/schema/email.js
DA:1,12
DA:3,12
DA:39,12
end_of_record
SF:model/schema/emailTemplate.js
DA:1,12
DA:3,12
DA:22,12
end_of_record
SF:model/schema/imagesSchema.js
DA:1,12
DA:3,12
DA:30,12
end_of_record
SF:model/schema/invoices.js
DA:1,12
DA:3,12
DA:85,12
end_of_record
SF:model/schema/lead.js
DA:1,12
DA:3,12
DA:4,36
DA:5,36
DA:8,12
DA:60,12
DA:61,36
DA:62,36
DA:63,144
DA:67,12
DA:68,12
end_of_record
SF:model/schema/meeting.js
DA:1,12
DA:3,12
DA:35,12
end_of_record
SF:model/schema/moduleActiveDeactive.js
DA:1,12
DA:3,12
DA:18,12
end_of_record
SF:model/schema/opprtunity.js
DA:1,12
DA:3,12
DA:46,12
end_of_record
SF:model/schema/phoneCall.js
DA:1,12
DA:3,12
DA:36,12
end_of_record
SF:model/schema/property.js
DA:1,12
DA:3,12
DA:4,24
DA:5,24
DA:8,12
DA:70,12
DA:71,24
DA:72,24
DA:73,60
DA:77,12
DA:78,12
end_of_record
SF:model/schema/quotes.js
DA:1,12
DA:3,12
DA:82,12
end_of_record
SF:model/schema/roleAccess.js
DA:1,12
DA:3,12
DA:26,12
DA:46,12
end_of_record
SF:model/schema/task.js
DA:2,12
DA:4,12
DA:48,12
end_of_record
SF:model/schema/textMsg.js
DA:1,12
DA:3,12
DA:22,12
end_of_record
SF:model/schema/user.js
DA:1,12
DA:4,12
DA:39,12
end_of_record
SF:model/schema/validation.js
DA:1,12
DA:3,12
DA:27,12
DA:48,12
end_of_record
SF:repository/MeetingRepository.js
DA:1,1
DA:15,1
DA:17,1
DA:18,1
DA:21,1
DA:34,10
DA:36,10
DA:37,3
DA:40,10
DA:51,7
DA:57,7
DA:69,2
DA:71,2
DA:72,2
DA:75,2
DA:90,2
DA:92,2
DA:93,2
DA:96,2
DA:111,1
DA:113,1
DA:114,1
DA:117,1
DA:124,1
BRDA:17,0,0,1
BRDA:17,0,1,0
BRDA:36,1,0,3
BRDA:36,1,1,7
BRDA:71,2,0,2
BRDA:71,2,1,0
BRDA:92,3,0,2
BRDA:92,3,1,0
BRDA:113,4,0,1
BRDA:113,4,1,0
end_of_record
SF:repository/UserRepository.js
DA:1,1
DA:14,30
DA:27,0
DA:29,0
DA:30,0
DA:33,0
DA:43,0
DA:45,0
DA:46,0
DA:49,0
DA:61,0
DA:67,0
DA:79,0
DA:81,0
DA:82,0
DA:85,0
DA:100,0
DA:102,0
DA:103,0
DA:106,0
DA:120,0
DA:122,0
DA:123,0
DA:126,0
DA:127,0
DA:136,0
DA:140,1
BRDA:29,0,0,0
BRDA:29,0,1,0
BRDA:45,1,0,0
BRDA:45,1,1,0
BRDA:81,2,0,0
BRDA:81,2,1,0
BRDA:102,3,0,0
BRDA:102,3,1,0
BRDA:119,4,0,0
BRDA:122,5,0,0
BRDA:122,5,1,0
end_of_record
SF:services/AuthService.js
DA:1,12
DA:2,12
DA:3,12
DA:4,12
DA:8,14
DA:17,40
DA:18,40
DA:20,40
DA:21,5
DA:24,35
DA:25,35
DA:26,3
DA:29,32
DA:31,0
DA:32,0
DA:42,31
DA:43,31
DA:49,1
DA:50,1
DA:61,34
DA:62,34
DA:64,33
DA:65,3
DA:68,30
DA:70,29
DA:76,2
DA:77,2
DA:82,12
BRDA:20,0,0,5
BRDA:20,0,1,35
BRDA:25,1,0,3
BRDA:25,1,1,32
BRDA:64,2,0,3
BRDA:64,2,1,30
end_of_record
SF:services/AuthValidationService.js
DA:1,12
DA:6,35
DA:11,10
DA:16,5
DA:21,4
DA:22,4
DA:27,3
DA:28,3
DA:33,1
DA:34,1
DA:39,1
DA:40,1
DA:45,1
DA:46,1
DA:51,1
DA:52,1
DA:57,12
DA:62,36
DA:67,36
DA:71,12
end_of_record
SF:services/DynamicValidationService.js
DA:1,12
DA:2,12
DA:7,12
DA:8,12
DA:13,109
DA:15,109
DA:16,109
DA:17,68
DA:21,41
DA:26,41
DA:27,1
DA:31,40
DA:34,40
DA:39,40
DA:41,1
DA:42,1
DA:48,40
DA:50,40
DA:51,146
DA:53,146
DA:56,146
DA:57,101
DA:62,45
DA:64,6
DA:67,39
DA:71,146
DA:72,69
DA:75,35
DA:76,35
DA:77,16
DA:78,19
DA:79,0
DA:80,19
DA:81,2
DA:83,35
DA:88,34
DA:95,146
DA:96,34
DA:99,2
DA:100,2
DA:101,0
DA:103,2
DA:108,32
DA:115,146
DA:116,2
DA:118,0
DA:123,2
DA:130,146
DA:133,40
DA:138,146
DA:141,30
DA:145,15
DA:148,16
DA:150,9
DA:152,1
DA:156,5
DA:161,4
DA:163,0
DA:166,8
DA:172,12
DA:174,46
DA:180,109
DA:181,109
DA:182,108
DA:183,108
DA:185,1
DA:186,1
DA:197,319
DA:198,5
DA:201,314
DA:202,223
DA:205,91
DA:206,4
DA:209,88
DA:210,76
DA:211,76
DA:212,232
DA:214,76
DA:217,12
DA:222,77
DA:223,2
DA:225,75
DA:226,75
DA:227,71
DA:229,4
DA:238,37
DA:243,1
DA:247,12
BRDA:16,0,0,68
BRDA:16,0,1,41
BRDA:16,1,0,109
BRDA:16,1,1,68
BRDA:26,2,0,1
BRDA:26,2,1,40
BRDA:56,3,0,101
BRDA:56,3,1,45
BRDA:58,4,0,101
BRDA:58,4,1,0
BRDA:62,5,0,6
BRDA:62,5,1,39
BRDA:62,6,0,45
BRDA:62,6,1,45
BRDA:62,6,2,45
BRDA:71,7,0,69
BRDA:71,7,1,77
BRDA:71,8,0,146
BRDA:71,8,1,146
BRDA:71,8,2,146
BRDA:72,9,0,35
BRDA:72,9,1,34
BRDA:76,10,0,16
BRDA:76,10,1,19
BRDA:76,11,0,35
BRDA:76,11,1,27
BRDA:78,12,0,0
BRDA:78,12,1,19
BRDA:80,13,0,2
BRDA:80,13,1,17
BRDA:84,14,0,35
BRDA:84,14,1,0
BRDA:85,15,0,35
BRDA:85,15,1,0
BRDA:89,16,0,34
BRDA:89,16,1,0
BRDA:90,17,0,34
BRDA:90,17,1,0
BRDA:95,18,0,34
BRDA:95,18,1,112
BRDA:95,19,0,146
BRDA:95,19,1,146
BRDA:95,19,2,146
BRDA:96,20,0,2
BRDA:96,20,1,32
BRDA:100,21,0,0
BRDA:100,21,1,2
BRDA:104,22,0,2
BRDA:104,22,1,0
BRDA:105,23,0,2
BRDA:105,23,1,0
BRDA:109,24,0,32
BRDA:109,24,1,0
BRDA:110,25,0,32
BRDA:110,25,1,0
BRDA:115,26,0,2
BRDA:115,26,1,144
BRDA:115,27,0,146
BRDA:115,27,1,146
BRDA:116,28,0,0
BRDA:116,28,1,2
BRDA:119,29,0,0
BRDA:119,29,1,0
BRDA:124,30,0,2
BRDA:124,30,1,0
BRDA:138,31,0,12
BRDA:138,31,1,30
BRDA:138,31,2,15
BRDA:138,31,3,8
BRDA:138,31,4,16
BRDA:138,31,5,9
BRDA:138,31,6,1
BRDA:138,31,7,5
BRDA:138,31,8,0
BRDA:138,31,9,4
BRDA:138,31,10,0
BRDA:138,31,11,4
BRDA:138,31,12,8
BRDA:138,31,13,4
BRDA:138,31,14,8
BRDA:138,31,15,12
BRDA:138,31,16,46
BRDA:197,32,0,5
BRDA:197,32,1,314
BRDA:197,33,0,319
BRDA:197,33,1,315
BRDA:201,34,0,223
BRDA:201,34,1,91
BRDA:205,35,0,3
BRDA:205,35,1,88
BRDA:209,36,0,76
BRDA:209,36,1,12
BRDA:209,37,0,88
BRDA:209,37,1,76
BRDA:221,38,0,75
BRDA:222,39,0,2
BRDA:222,39,1,75
BRDA:222,40,0,77
BRDA:222,40,1,76
BRDA:226,41,0,71
BRDA:226,41,1,4
end_of_record
SF:services/MeetingService.js
DA:1,12
DA:5,16
DA:14,7
DA:15,7
DA:16,7
DA:18,0
DA:19,0
DA:31,11
DA:32,11
DA:34,10
DA:35,6
DA:38,4
DA:40,1
DA:41,1
DA:52,20
DA:53,20
DA:56,15
DA:58,15
DA:60,5
DA:61,5
DA:74,11
DA:75,11
DA:77,10
DA:78,3
DA:81,7
DA:83,1
DA:84,1
DA:96,10
DA:97,10
DA:99,9
DA:100,5
DA:103,4
DA:105,1
DA:106,1
DA:118,10
DA:119,10
DA:121,9
DA:122,5
DA:125,4
DA:130,1
DA:131,1
DA:136,12
BRDA:34,0,0,6
BRDA:34,0,1,4
BRDA:77,1,0,3
BRDA:77,1,1,7
BRDA:99,2,0,5
BRDA:99,2,1,4
BRDA:121,3,0,5
BRDA:121,3,1,4
end_of_record
SF:services/MeetingValidationService.js
DA:1,12
DA:10,24
DA:12,24
DA:15,24
DA:16,1
DA:20,23
DA:23,23
DA:28,23
DA:29,7
DA:35,16
DA:37,0
DA:38,0
DA:48,10
DA:50,10
DA:53,10
DA:54,1
DA:58,9
DA:61,9
DA:62,14
DA:64,4
DA:65,1
DA:74,8
DA:75,8
DA:76,13
DA:77,10
DA:82,8
DA:87,8
DA:88,0
DA:94,8
DA:96,0
DA:97,0
DA:107,26
DA:108,26
DA:109,3
DA:113,23
DA:114,23
DA:115,7
DA:118,16
DA:120,0
DA:121,0
DA:131,8
DA:132,8
DA:133,4
DA:136,4
DA:137,4
DA:139,4
DA:140,11
DA:141,11
DA:142,8
DA:144,3
DA:148,4
DA:149,2
DA:155,2
DA:157,0
DA:158,0
DA:168,8
DA:169,8
DA:172,8
DA:173,6
DA:174,6
DA:175,2
DA:179,6
DA:180,4
DA:181,4
DA:182,2
DA:186,4
DA:188,0
DA:189,0
DA:194,12
BRDA:15,0,0,1
BRDA:15,0,1,23
BRDA:28,1,0,7
BRDA:28,1,1,16
BRDA:31,2,0,7
BRDA:31,2,1,0
BRDA:53,3,0,1
BRDA:53,3,1,9
BRDA:62,4,0,4
BRDA:62,4,1,10
BRDA:64,5,0,1
BRDA:64,5,1,3
BRDA:76,6,0,10
BRDA:76,6,1,3
BRDA:76,7,0,13
BRDA:76,7,1,10
BRDA:76,7,2,10
BRDA:87,8,0,0
BRDA:87,8,1,8
BRDA:90,9,0,0
BRDA:90,9,1,0
BRDA:108,10,0,3
BRDA:108,10,1,23
BRDA:108,11,0,26
BRDA:108,11,1,24
BRDA:114,12,0,7
BRDA:114,12,1,16
BRDA:132,13,0,4
BRDA:132,13,1,4
BRDA:132,14,0,8
BRDA:132,14,1,5
BRDA:141,15,0,8
BRDA:141,15,1,3
BRDA:148,16,0,2
BRDA:148,16,1,2
BRDA:172,17,0,6
BRDA:172,17,1,2
BRDA:174,18,0,2
BRDA:174,18,1,4
BRDA:174,19,0,6
BRDA:174,19,1,5
BRDA:179,20,0,4
BRDA:179,20,1,2
BRDA:181,21,0,2
BRDA:181,21,1,2
BRDA:181,22,0,4
BRDA:181,22,1,3
BRDA:181,22,2,3
end_of_record
SF:services/UserService.js
DA:1,12
DA:2,12
DA:3,12
DA:12,18
DA:13,18
DA:16,18
DA:17,18
DA:18,2
DA:22,16
DA:25,16
DA:35,16
DA:36,15
DA:38,1
DA:39,1
DA:49,6
DA:50,6
DA:53,6
DA:54,6
DA:55,1
DA:59,5
DA:62,5
DA:73,5
DA:74,4
DA:76,1
DA:77,1
DA:88,5
DA:89,5
DA:90,5
DA:91,4
DA:94,5
DA:98,5
DA:100,0
DA:101,0
DA:112,9
DA:113,9
DA:114,9
DA:115,7
DA:118,9
DA:122,8
DA:124,1
DA:125,1
DA:136,3
DA:137,3
DA:142,2
DA:144,1
DA:145,1
DA:155,7
DA:156,7
DA:161,6
DA:163,1
DA:164,1
DA:169,12
BRDA:17,0,0,2
BRDA:17,0,1,16
BRDA:54,1,0,1
BRDA:54,1,1,5
BRDA:87,2,0,4
BRDA:90,3,0,4
BRDA:90,3,1,1
BRDA:111,4,0,7
BRDA:114,5,0,7
BRDA:114,5,1,2
end_of_record
