TN:
SF:config/environment.js
FN:41,(anonymous_0)
FN:46,(anonymous_1)
FN:66,(anonymous_2)
FNF:3
FNH:1
FNDA:1,(anonymous_0)
FNDA:0,(anonymous_1)
FNDA:0,(anonymous_2)
DA:1,1
DA:4,1
DA:7,1
DA:41,1
DA:46,1
DA:47,0
DA:50,0
DA:51,0
DA:55,0
DA:56,0
DA:60,0
DA:61,0
DA:64,0
DA:65,0
DA:66,0
DA:68,0
DA:69,0
DA:73,0
DA:77,1
LF:19
LH:6
BRDA:10,0,0,1
BRDA:10,0,1,0
BRDA:11,1,0,1
BRDA:11,1,1,0
BRDA:16,2,0,1
BRDA:16,2,1,0
BRDA:17,3,0,1
BRDA:17,3,1,0
BRDA:22,4,0,1
BRDA:22,4,1,0
BRDA:23,5,0,1
BRDA:23,5,1,0
BRDA:28,6,0,1
BRDA:28,6,1,0
BRDA:29,7,0,1
BRDA:29,7,1,0
BRDA:30,8,0,1
BRDA:30,8,1,0
BRDA:35,9,0,1
BRDA:35,9,1,0
BRDA:36,10,0,1
BRDA:36,10,1,0
BRDA:40,11,0,1
BRDA:40,11,1,0
BRDA:50,12,0,0
BRDA:50,12,1,0
BRDA:50,13,0,0
BRDA:50,13,1,0
BRDA:55,14,0,0
BRDA:55,14,1,0
BRDA:60,15,0,0
BRDA:60,15,1,0
BRDA:64,16,0,0
BRDA:64,16,1,0
BRDA:68,17,0,0
BRDA:68,17,1,0
BRF:36
BRH:12
end_of_record
TN:
SF:controllers/route.js
FNF:0
FNH:0
DA:1,1
DA:2,1
DA:4,1
DA:5,1
DA:6,1
DA:7,1
DA:8,1
DA:9,1
DA:10,1
DA:12,1
DA:13,1
DA:14,1
DA:15,1
DA:16,1
DA:17,1
DA:18,1
DA:19,1
DA:20,1
DA:21,1
DA:22,1
DA:23,1
DA:24,1
DA:25,1
DA:26,1
DA:27,1
DA:28,1
DA:29,1
DA:30,1
DA:33,1
DA:34,1
DA:35,1
DA:36,1
DA:37,1
DA:38,1
DA:39,1
DA:40,1
DA:42,1
DA:43,1
DA:44,1
DA:45,1
DA:47,1
DA:48,1
DA:49,1
DA:51,1
DA:52,1
DA:53,1
DA:54,1
DA:55,1
DA:56,1
DA:58,1
DA:59,1
DA:60,1
DA:61,1
DA:62,1
DA:64,1
LF:55
LH:55
BRF:0
BRH:0
end_of_record
TN:
SF:controllers/account/_routes.js
FNF:0
FNH:0
DA:1,1
DA:2,1
DA:3,1
DA:5,1
DA:7,1
DA:8,1
DA:9,1
DA:10,1
DA:11,1
DA:12,1
DA:13,1
DA:15,1
LF:12
LH:12
BRF:0
BRH:0
end_of_record
TN:
SF:controllers/account/account.js
FN:5,(anonymous_0)
FN:15,(anonymous_1)
FN:26,(anonymous_2)
FN:115,(anonymous_3)
FN:199,(anonymous_4)
FN:214,(anonymous_5)
FN:223,(anonymous_6)
FNF:7
FNH:0
FNDA:0,(anonymous_0)
FNDA:0,(anonymous_1)
FNDA:0,(anonymous_2)
FNDA:0,(anonymous_3)
FNDA:0,(anonymous_4)
FNDA:0,(anonymous_5)
FNDA:0,(anonymous_6)
DA:1,1
DA:2,1
DA:3,1
DA:5,1
DA:6,0
DA:7,0
DA:8,0
DA:9,0
DA:11,0
DA:12,0
DA:15,1
DA:16,0
DA:17,0
DA:18,0
DA:20,0
DA:22,0
DA:23,0
DA:26,1
DA:27,0
DA:28,0
DA:29,0
DA:31,0
DA:32,0
DA:33,0
DA:34,0
DA:37,0
DA:108,0
DA:110,0
DA:111,0
DA:115,1
DA:116,0
DA:117,0
DA:118,0
DA:120,0
DA:192,0
DA:194,0
DA:195,0
DA:199,1
DA:200,0
DA:202,0
DA:208,0
DA:210,0
DA:211,0
DA:214,1
DA:215,0
DA:216,0
DA:217,0
DA:219,0
DA:223,1
DA:224,0
DA:225,0
DA:226,0
DA:228,0
DA:232,1
LF:54
LH:11
BRDA:32,0,0,0
BRDA:32,0,1,0
BRDA:118,1,0,0
BRDA:118,1,1,0
BRF:4
BRH:0
end_of_record
TN:
SF:controllers/calendar/_routes.js
FNF:0
FNH:0
DA:1,1
DA:2,1
DA:3,1
DA:5,1
DA:7,1
DA:10,1
LF:6
LH:6
BRF:0
BRH:0
end_of_record
TN:
SF:controllers/calendar/calendar.js
FN:7,(anonymous_0)
FN:22,(anonymous_1)
FN:23,(anonymous_2)
FN:24,(anonymous_3)
FN:27,(anonymous_4)
FN:45,(anonymous_5)
FN:57,(anonymous_6)
FN:70,(anonymous_7)
FN:82,(anonymous_8)
FN:102,(anonymous_9)
FN:110,(anonymous_10)
FN:119,(anonymous_11)
FN:127,(anonymous_12)
FNF:13
FNH:0
FNDA:0,(anonymous_0)
FNDA:0,(anonymous_1)
FNDA:0,(anonymous_2)
FNDA:0,(anonymous_3)
FNDA:0,(anonymous_4)
FNDA:0,(anonymous_5)
FNDA:0,(anonymous_6)
FNDA:0,(anonymous_7)
FNDA:0,(anonymous_8)
FNDA:0,(anonymous_9)
FNDA:0,(anonymous_10)
FNDA:0,(anonymous_11)
FNDA:0,(anonymous_12)
DA:1,1
DA:2,1
DA:3,1
DA:4,1
DA:5,1
DA:7,1
DA:8,0
DA:9,0
DA:10,0
DA:12,0
DA:13,0
DA:14,0
DA:15,0
DA:17,0
DA:18,0
DA:19,0
DA:20,0
DA:22,0
DA:23,0
DA:24,0
DA:25,0
DA:26,0
DA:27,0
DA:28,0
DA:29,0
DA:32,0
DA:34,0
DA:37,0
DA:40,0
DA:41,0
DA:42,0
DA:44,0
DA:45,0
DA:53,0
DA:56,0
DA:57,0
DA:66,0
DA:69,0
DA:70,0
DA:78,0
DA:81,0
DA:82,0
DA:95,0
DA:98,0
DA:102,0
DA:110,0
DA:119,0
DA:127,0
DA:141,0
DA:142,0
DA:144,0
DA:145,0
DA:149,1
LF:53
LH:7
BRDA:25,0,0,0
BRDA:25,0,1,0
BRDA:28,1,0,0
BRDA:28,1,1,0
BRDA:40,2,0,0
BRDA:40,2,1,0
BRDA:40,3,0,0
BRDA:40,3,1,0
BRDA:42,4,0,0
BRDA:42,4,1,0
BRDA:42,4,2,0
BRDA:42,4,3,0
BRDA:42,4,4,0
BRDA:44,5,0,0
BRDA:44,5,1,0
BRDA:56,6,0,0
BRDA:56,6,1,0
BRDA:69,7,0,0
BRDA:69,7,1,0
BRDA:81,8,0,0
BRDA:81,8,1,0
BRF:21
BRH:0
end_of_record
TN:
SF:controllers/contact/_routes.js
FNF:0
FNH:0
DA:1,1
DA:2,1
DA:3,1
DA:5,1
DA:7,1
DA:8,1
DA:9,1
DA:10,1
DA:11,1
DA:12,1
DA:13,1
DA:14,1
DA:17,1
LF:13
LH:13
BRF:0
BRH:0
end_of_record
TN:
SF:controllers/contact/contact.js
FN:11,(anonymous_0)
FN:20,(anonymous_1)
FN:29,(anonymous_2)
FN:41,(anonymous_3)
FN:52,(anonymous_4)
FN:63,(anonymous_5)
FN:76,(anonymous_6)
FN:357,(anonymous_7)
FN:366,(anonymous_8)
FNF:9
FNH:0
FNDA:0,(anonymous_0)
FNDA:0,(anonymous_1)
FNDA:0,(anonymous_2)
FNDA:0,(anonymous_3)
FNDA:0,(anonymous_4)
FNDA:0,(anonymous_5)
FNDA:0,(anonymous_6)
FNDA:0,(anonymous_7)
FNDA:0,(anonymous_8)
DA:1,1
DA:2,1
DA:3,1
DA:4,1
DA:5,1
DA:6,1
DA:7,1
DA:8,1
DA:9,1
DA:11,1
DA:12,0
DA:13,0
DA:15,0
DA:20,0
DA:22,0
DA:23,0
DA:25,0
DA:29,1
DA:30,0
DA:31,0
DA:32,0
DA:33,0
DA:34,0
DA:36,0
DA:37,0
DA:41,1
DA:42,0
DA:43,0
DA:44,0
DA:45,0
DA:47,0
DA:48,0
DA:52,1
DA:53,0
DA:54,0
DA:55,0
DA:56,0
DA:58,0
DA:59,0
DA:63,1
DA:64,0
DA:65,0
DA:69,0
DA:71,0
DA:72,0
DA:76,1
DA:77,0
DA:78,0
DA:79,0
DA:81,0
DA:82,0
DA:133,0
DA:165,0
DA:205,0
DA:238,0
DA:266,0
DA:295,0
DA:325,0
DA:349,0
DA:352,0
DA:353,0
DA:357,1
DA:358,0
DA:359,0
DA:360,0
DA:362,0
DA:366,1
DA:367,0
DA:368,0
DA:369,0
DA:371,0
DA:375,1
LF:72
LH:18
BRDA:81,0,0,0
BRDA:81,0,1,0
BRF:2
BRH:0
end_of_record
TN:
SF:controllers/customField/_routes.js
FNF:0
FNH:0
DA:1,1
DA:2,1
DA:3,1
DA:4,1
DA:6,1
DA:8,1
DA:9,1
DA:10,1
DA:11,1
DA:12,1
DA:13,1
DA:15,1
DA:16,1
DA:17,1
DA:18,1
DA:19,1
DA:20,1
DA:22,1
DA:23,1
DA:24,1
DA:25,1
DA:26,1
DA:28,1
DA:30,1
DA:31,1
DA:32,1
DA:34,1
DA:36,1
LF:28
LH:28
BRF:0
BRH:0
end_of_record
TN:
SF:controllers/customField/customField.js
FN:5,(anonymous_0)
FN:10,(anonymous_1)
FN:12,(anonymous_2)
FN:14,(anonymous_3)
FN:24,(anonymous_4)
FN:50,(anonymous_5)
FN:53,(anonymous_6)
FN:103,(anonymous_7)
FN:119,(anonymous_8)
FN:139,(anonymous_9)
FN:166,isDuplicateName
FN:168,(anonymous_11)
FN:173,(anonymous_12)
FN:189,(anonymous_13)
FN:215,(anonymous_14)
FN:227,(anonymous_15)
FN:248,(anonymous_16)
FN:286,(anonymous_17)
FN:318,(anonymous_18)
FN:345,getNextAutoIncrementValue
FN:350,(anonymous_20)
FN:495,(anonymous_21)
FN:521,(anonymous_22)
FN:541,(anonymous_23)
FN:559,checkModuleExistence
FN:566,(anonymous_25)
FN:587,(anonymous_26)
FN:592,(anonymous_27)
FN:615,(anonymous_28)
FN:637,(anonymous_29)
FN:653,(anonymous_30)
FN:689,(anonymous_31)
FN:723,(anonymous_32)
FN:752,(anonymous_33)
FN:762,(anonymous_34)
FN:848,(anonymous_35)
FN:894,(anonymous_36)
FN:908,(anonymous_37)
FN:917,(anonymous_38)
FN:929,(anonymous_39)
FNF:40
FNH:2
FNDA:0,(anonymous_0)
FNDA:0,(anonymous_1)
FNDA:0,(anonymous_2)
FNDA:0,(anonymous_3)
FNDA:0,(anonymous_4)
FNDA:0,(anonymous_5)
FNDA:0,(anonymous_6)
FNDA:0,(anonymous_7)
FNDA:0,(anonymous_8)
FNDA:0,(anonymous_9)
FNDA:0,isDuplicateName
FNDA:0,(anonymous_11)
FNDA:0,(anonymous_12)
FNDA:0,(anonymous_13)
FNDA:0,(anonymous_14)
FNDA:0,(anonymous_15)
FNDA:0,(anonymous_16)
FNDA:0,(anonymous_17)
FNDA:0,(anonymous_18)
FNDA:3,getNextAutoIncrementValue
FNDA:3,(anonymous_20)
FNDA:0,(anonymous_21)
FNDA:0,(anonymous_22)
FNDA:0,(anonymous_23)
FNDA:0,checkModuleExistence
FNDA:0,(anonymous_25)
FNDA:0,(anonymous_26)
FNDA:0,(anonymous_27)
FNDA:0,(anonymous_28)
FNDA:0,(anonymous_29)
FNDA:0,(anonymous_30)
FNDA:0,(anonymous_31)
FNDA:0,(anonymous_32)
FNDA:0,(anonymous_33)
FNDA:0,(anonymous_34)
FNDA:0,(anonymous_35)
FNDA:0,(anonymous_36)
FNDA:0,(anonymous_37)
FNDA:0,(anonymous_38)
FNDA:0,(anonymous_39)
DA:1,1
DA:2,1
DA:3,1
DA:5,1
DA:6,0
DA:7,0
DA:8,0
DA:9,0
DA:10,0
DA:12,0
DA:14,0
DA:15,0
DA:17,0
DA:19,0
DA:20,0
DA:24,1
DA:25,0
DA:26,0
DA:27,0
DA:30,0
DA:31,0
DA:34,0
DA:35,0
DA:37,0
DA:39,0
DA:40,0
DA:41,0
DA:43,0
DA:44,0
DA:45,0
DA:46,0
DA:50,0
DA:51,0
DA:53,0
DA:54,0
DA:58,0
DA:63,0
DA:68,0
DA:69,0
DA:70,0
DA:71,0
DA:75,0
DA:84,0
DA:85,0
DA:86,0
DA:88,0
DA:91,0
DA:94,0
DA:98,0
DA:99,0
DA:103,1
DA:104,0
DA:105,0
DA:107,0
DA:108,0
DA:110,0
DA:114,0
DA:115,0
DA:119,1
DA:120,0
DA:121,0
DA:122,0
DA:124,0
DA:125,0
DA:128,0
DA:129,0
DA:131,0
DA:133,0
DA:134,0
DA:135,0
DA:136,0
DA:138,0
DA:139,0
DA:141,0
DA:142,0
DA:145,0
DA:146,0
DA:147,0
DA:167,0
DA:168,0
DA:171,0
DA:173,0
DA:176,0
DA:177,0
DA:178,0
DA:183,0
DA:188,0
DA:189,0
DA:191,0
DA:192,0
DA:193,0
DA:196,0
DA:198,0
DA:199,0
DA:201,0
DA:204,0
DA:207,0
DA:210,0
DA:211,0
DA:215,1
DA:216,0
DA:217,0
DA:218,0
DA:219,0
DA:222,0
DA:223,0
DA:227,1
DA:228,0
DA:229,0
DA:230,0
DA:232,0
DA:233,0
DA:236,0
DA:238,0
DA:239,0
DA:240,0
DA:242,0
DA:243,0
DA:244,0
DA:246,0
DA:247,0
DA:248,0
DA:251,0
DA:263,0
DA:265,0
DA:266,0
DA:268,0
DA:272,0
DA:275,0
DA:278,0
DA:281,0
DA:282,0
DA:286,1
DA:287,0
DA:288,0
DA:289,0
DA:291,0
DA:292,0
DA:295,0
DA:297,0
DA:298,0
DA:299,0
DA:301,0
DA:302,0
DA:303,0
DA:305,0
DA:306,0
DA:315,0
DA:316,0
DA:318,0
DA:319,0
DA:320,0
DA:324,0
DA:327,0
DA:330,0
DA:333,0
DA:337,0
DA:340,0
DA:341,0
DA:346,3
DA:347,3
DA:350,1
DA:351,3
DA:352,3
DA:353,3
DA:354,3
DA:356,3
DA:358,3
DA:359,0
DA:361,3
DA:363,3
DA:437,3
DA:438,3
DA:441,3
DA:443,3
DA:462,3
DA:463,3
DA:464,0
DA:465,3
DA:466,0
DA:469,3
DA:470,3
DA:471,3
DA:486,3
DA:487,3
DA:490,0
DA:491,0
DA:495,1
DA:496,0
DA:497,0
DA:499,0
DA:500,0
DA:503,0
DA:505,0
DA:506,0
DA:507,0
DA:509,0
DA:510,0
DA:515,0
DA:516,0
DA:521,1
DA:522,0
DA:523,0
DA:524,0
DA:525,0
DA:531,0
DA:532,0
DA:535,0
DA:541,0
DA:544,0
DA:547,0
DA:550,0
DA:553,0
DA:556,0
DA:557,0
DA:560,0
DA:561,0
DA:562,0
DA:563,0
DA:565,0
DA:566,0
DA:570,0
DA:573,0
DA:577,0
DA:579,0
DA:582,0
DA:583,0
DA:587,1
DA:588,0
DA:589,0
DA:591,0
DA:592,0
DA:594,0
DA:596,0
DA:600,0
DA:603,0
DA:606,0
DA:610,0
DA:611,0
DA:615,1
DA:616,0
DA:617,0
DA:618,0
DA:620,0
DA:625,0
DA:626,0
DA:628,0
DA:632,0
DA:633,0
DA:637,1
DA:638,0
DA:639,0
DA:641,0
DA:642,0
DA:644,0
DA:648,0
DA:649,0
DA:653,1
DA:654,0
DA:655,0
DA:656,0
DA:658,0
DA:677,0
DA:678,0
DA:680,0
DA:684,0
DA:685,0
DA:689,1
DA:690,0
DA:691,0
DA:692,0
DA:694,0
DA:711,0
DA:712,0
DA:714,0
DA:718,0
DA:719,0
DA:723,1
DA:724,0
DA:725,0
DA:726,0
DA:728,0
DA:730,0
DA:736,0
DA:737,0
DA:740,0
DA:744,0
DA:747,0
DA:748,0
DA:752,1
DA:753,0
DA:754,0
DA:755,0
DA:757,0
DA:758,0
DA:762,0
DA:771,0
DA:773,0
DA:774,0
DA:777,0
DA:778,0
DA:780,0
DA:781,0
DA:783,0
DA:787,0
DA:788,0
DA:848,1
DA:849,0
DA:850,0
DA:851,0
DA:853,0
DA:854,0
DA:857,0
DA:858,0
DA:861,0
DA:878,0
DA:880,0
DA:881,0
DA:882,0
DA:883,0
DA:885,0
DA:889,0
DA:890,0
DA:894,1
DA:895,0
DA:896,0
DA:897,0
DA:898,0
DA:903,0
DA:905,0
DA:908,1
DA:909,0
DA:910,0
DA:911,0
DA:913,0
DA:917,1
DA:918,0
DA:919,0
DA:920,0
DA:921,0
DA:923,0
DA:925,0
DA:926,0
DA:929,0
DA:937,0
DA:939,0
DA:940,0
DA:943,0
DA:946,0
DA:947,0
DA:952,1
LF:351
LH:47
BRDA:12,0,0,0
BRDA:12,0,1,0
BRDA:26,1,0,0
BRDA:26,1,1,0
BRDA:30,2,0,0
BRDA:30,2,1,0
BRDA:39,3,0,0
BRDA:39,3,1,0
BRDA:43,4,0,0
BRDA:43,4,1,0
BRDA:46,5,0,0
BRDA:46,5,1,0
BRDA:51,6,0,0
BRDA:51,6,1,0
BRDA:68,7,0,0
BRDA:68,7,1,0
BRDA:68,8,0,0
BRDA:68,8,1,0
BRDA:70,9,0,0
BRDA:70,9,1,0
BRDA:70,10,0,0
BRDA:70,10,1,0
BRDA:84,11,0,0
BRDA:84,11,1,0
BRDA:85,12,0,0
BRDA:85,12,1,0
BRDA:107,13,0,0
BRDA:107,13,1,0
BRDA:124,14,0,0
BRDA:124,14,1,0
BRDA:133,15,0,0
BRDA:133,15,1,0
BRDA:138,16,0,0
BRDA:138,16,1,0
BRDA:141,17,0,0
BRDA:141,17,1,0
BRDA:146,18,0,0
BRDA:146,18,1,0
BRDA:147,19,0,0
BRDA:147,19,1,0
BRDA:171,20,0,0
BRDA:171,20,1,0
BRDA:177,21,0,0
BRDA:177,21,1,0
BRDA:177,22,0,0
BRDA:177,22,1,0
BRDA:188,23,0,0
BRDA:188,23,1,0
BRDA:188,24,0,0
BRDA:188,24,1,0
BRDA:191,25,0,0
BRDA:191,25,1,0
BRDA:198,26,0,0
BRDA:198,26,1,0
BRDA:198,27,0,0
BRDA:198,27,1,0
BRDA:218,28,0,0
BRDA:218,28,1,0
BRDA:232,29,0,0
BRDA:232,29,1,0
BRDA:238,30,0,0
BRDA:238,30,1,0
BRDA:242,31,0,0
BRDA:242,31,1,0
BRDA:246,32,0,0
BRDA:246,32,1,0
BRDA:263,33,0,0
BRDA:263,33,1,0
BRDA:291,34,0,0
BRDA:291,34,1,0
BRDA:297,35,0,0
BRDA:297,35,1,0
BRDA:301,36,0,0
BRDA:301,36,1,0
BRDA:305,37,0,0
BRDA:305,37,1,0
BRDA:315,38,0,0
BRDA:315,38,1,0
BRDA:319,39,0,0
BRDA:319,39,1,0
BRDA:353,40,0,3
BRDA:353,40,1,0
BRDA:358,41,0,0
BRDA:358,41,1,3
BRDA:437,42,0,3
BRDA:437,42,1,0
BRDA:437,43,0,3
BRDA:437,43,1,3
BRDA:441,44,0,0
BRDA:441,44,1,3
BRDA:441,45,0,3
BRDA:441,45,1,0
BRDA:463,46,0,0
BRDA:463,46,1,3
BRDA:465,47,0,0
BRDA:465,47,1,3
BRDA:465,48,0,3
BRDA:465,48,1,3
BRDA:470,49,0,3
BRDA:470,49,1,0
BRDA:499,50,0,0
BRDA:499,50,1,0
BRDA:505,51,0,0
BRDA:505,51,1,0
BRDA:531,52,0,0
BRDA:531,52,1,0
BRDA:544,53,0,0
BRDA:544,53,1,0
BRDA:562,54,0,0
BRDA:562,54,1,0
BRDA:591,55,0,0
BRDA:591,55,1,0
BRDA:594,56,0,0
BRDA:594,56,1,0
BRDA:625,57,0,0
BRDA:625,57,1,0
BRDA:641,58,0,0
BRDA:641,58,1,0
BRDA:677,59,0,0
BRDA:677,59,1,0
BRDA:711,60,0,0
BRDA:711,60,1,0
BRDA:736,61,0,0
BRDA:736,61,1,0
BRDA:740,62,0,0
BRDA:740,62,1,0
BRDA:757,63,0,0
BRDA:757,63,1,0
BRDA:757,64,0,0
BRDA:757,64,1,0
BRDA:773,65,0,0
BRDA:773,65,1,0
BRDA:777,66,0,0
BRDA:777,66,1,0
BRDA:777,67,0,0
BRDA:777,67,1,0
BRDA:780,68,0,0
BRDA:780,68,1,0
BRDA:780,69,0,0
BRDA:780,69,1,0
BRDA:853,70,0,0
BRDA:853,70,1,0
BRDA:853,71,0,0
BRDA:853,71,1,0
BRDA:868,72,0,0
BRDA:868,72,1,0
BRDA:880,73,0,0
BRDA:880,73,1,0
BRDA:880,74,0,0
BRDA:880,74,1,0
BRDA:882,75,0,0
BRDA:882,75,1,0
BRDA:882,76,0,0
BRDA:882,76,1,0
BRDA:925,77,0,0
BRDA:925,77,1,0
BRDA:939,78,0,0
BRDA:939,78,1,0
BRF:158
BRH:12
end_of_record
TN:
SF:controllers/document/_routes.js
FNF:0
FNH:0
DA:1,1
DA:2,1
DA:3,1
DA:5,1
DA:7,1
DA:8,1
DA:9,1
DA:10,1
DA:12,1
DA:13,1
DA:14,1
DA:15,1
DA:18,1
LF:13
LH:13
BRF:0
BRH:0
end_of_record
TN:
SF:controllers/document/document.js
FN:7,(anonymous_0)
FN:49,(anonymous_1)
FN:54,(anonymous_2)
FN:74,(anonymous_3)
FN:80,(anonymous_4)
FN:111,(anonymous_5)
FN:121,(anonymous_6)
FN:154,(anonymous_7)
FN:164,(anonymous_8)
FN:197,(anonymous_9)
FN:209,(anonymous_10)
FN:224,(anonymous_11)
FN:234,(anonymous_12)
FN:251,(anonymous_13)
FN:266,(anonymous_14)
FNF:15
FNH:0
FNDA:0,(anonymous_0)
FNDA:0,(anonymous_1)
FNDA:0,(anonymous_2)
FNDA:0,(anonymous_3)
FNDA:0,(anonymous_4)
FNDA:0,(anonymous_5)
FNDA:0,(anonymous_6)
FNDA:0,(anonymous_7)
FNDA:0,(anonymous_8)
FNDA:0,(anonymous_9)
FNDA:0,(anonymous_10)
FNDA:0,(anonymous_11)
FNDA:0,(anonymous_12)
FNDA:0,(anonymous_13)
FNDA:0,(anonymous_14)
DA:1,1
DA:2,1
DA:3,1
DA:4,1
DA:7,1
DA:8,0
DA:9,0
DA:10,0
DA:11,0
DA:15,0
DA:40,0
DA:43,0
DA:48,1
DA:50,0
DA:51,0
DA:52,0
DA:55,0
DA:56,0
DA:58,0
DA:60,0
DA:61,0
DA:64,0
DA:72,1
DA:74,1
DA:75,0
DA:76,0
DA:78,0
DA:80,0
DA:88,0
DA:90,0
DA:92,0
DA:98,0
DA:102,0
DA:104,0
DA:106,0
DA:107,0
DA:111,1
DA:112,0
DA:113,0
DA:115,0
DA:116,0
DA:119,0
DA:121,0
DA:131,0
DA:133,0
DA:135,0
DA:141,0
DA:145,0
DA:147,0
DA:149,0
DA:150,0
DA:154,1
DA:155,0
DA:156,0
DA:158,0
DA:159,0
DA:162,0
DA:164,0
DA:174,0
DA:176,0
DA:178,0
DA:184,0
DA:188,0
DA:190,0
DA:192,0
DA:193,0
DA:197,1
DA:198,0
DA:199,0
DA:202,0
DA:204,0
DA:205,0
DA:209,0
DA:212,0
DA:213,0
DA:216,0
DA:219,0
DA:220,0
DA:224,1
DA:225,0
DA:226,0
DA:229,0
DA:230,0
DA:231,0
DA:234,0
DA:235,0
DA:236,0
DA:240,0
DA:243,0
DA:244,0
DA:247,0
DA:251,1
DA:252,0
DA:253,0
DA:254,0
DA:256,0
DA:257,0
DA:261,0
DA:262,0
DA:263,0
DA:266,0
DA:267,0
DA:268,0
DA:271,0
DA:272,0
DA:273,0
DA:275,0
DA:276,0
DA:277,0
DA:281,0
DA:283,0
DA:285,0
DA:289,1
LF:113
LH:14
BRDA:10,0,0,0
BRDA:10,0,1,0
BRDA:58,1,0,0
BRDA:58,1,1,0
BRDA:81,2,0,0
BRDA:81,2,1,0
BRDA:90,3,0,0
BRDA:90,3,1,0
BRDA:115,4,0,0
BRDA:115,4,1,0
BRDA:122,5,0,0
BRDA:122,5,1,0
BRDA:133,6,0,0
BRDA:133,6,1,0
BRDA:158,7,0,0
BRDA:158,7,1,0
BRDA:165,8,0,0
BRDA:165,8,1,0
BRDA:176,9,0,0
BRDA:176,9,1,0
BRDA:204,10,0,0
BRDA:204,10,1,0
BRDA:212,11,0,0
BRDA:212,11,1,0
BRDA:230,12,0,0
BRDA:230,12,1,0
BRDA:235,13,0,0
BRDA:235,13,1,0
BRDA:256,14,0,0
BRDA:256,14,1,0
BRDA:256,15,0,0
BRDA:256,15,1,0
BRDA:262,16,0,0
BRDA:262,16,1,0
BRDA:267,17,0,0
BRDA:267,17,1,0
BRDA:271,18,0,0
BRDA:271,18,1,0
BRDA:275,19,0,0
BRDA:275,19,1,0
BRF:40
BRH:0
end_of_record
TN:
SF:controllers/emailHistory/_routes.js
FNF:0
FNH:0
DA:1,1
DA:2,1
DA:3,1
DA:5,1
DA:7,1
DA:8,1
DA:9,1
DA:11,1
LF:8
LH:8
BRF:0
BRH:0
end_of_record
TN:
SF:controllers/emailHistory/email.js
FN:6,(anonymous_0)
FN:40,(anonymous_1)
FN:113,(anonymous_2)
FNF:3
FNH:0
FNDA:0,(anonymous_0)
FNDA:0,(anonymous_1)
FNDA:0,(anonymous_2)
DA:1,1
DA:2,1
DA:3,1
DA:4,1
DA:6,1
DA:7,0
DA:8,0
DA:10,0
DA:11,0
DA:13,0
DA:14,0
DA:17,0
DA:19,0
DA:20,0
DA:22,0
DA:23,0
DA:26,0
DA:27,0
DA:28,0
DA:30,0
DA:31,0
DA:33,0
DA:35,0
DA:36,0
DA:40,1
DA:41,0
DA:42,0
DA:43,0
DA:44,0
DA:47,0
DA:106,0
DA:108,0
DA:109,0
DA:113,1
DA:114,0
DA:115,0
DA:117,0
DA:119,0
DA:177,0
DA:179,0
DA:180,0
DA:184,1
LF:42
LH:8
BRDA:10,0,0,0
BRDA:10,0,1,0
BRDA:10,1,0,0
BRDA:10,1,1,0
BRDA:13,2,0,0
BRDA:13,2,1,0
BRDA:13,3,0,0
BRDA:13,3,1,0
BRDA:19,4,0,0
BRDA:19,4,1,0
BRDA:22,5,0,0
BRDA:22,5,1,0
BRDA:43,6,0,0
BRDA:43,6,1,0
BRDA:117,7,0,0
BRDA:117,7,1,0
BRF:16
BRH:0
end_of_record
TN:
SF:controllers/emailTemplate/_routes.js
FNF:0
FNH:0
DA:1,1
DA:2,1
DA:3,1
DA:5,1
DA:7,1
DA:8,1
DA:9,1
DA:10,1
DA:11,1
DA:12,1
DA:14,1
LF:11
LH:11
BRF:0
BRH:0
end_of_record
TN:
SF:controllers/emailTemplate/emailTemplate.js
FN:4,(anonymous_0)
FN:44,(anonymous_1)
FN:54,(anonymous_2)
FN:64,(anonymous_3)
FN:78,(anonymous_4)
FN:87,(anonymous_5)
FNF:6
FNH:0
FNDA:0,(anonymous_0)
FNDA:0,(anonymous_1)
FNDA:0,(anonymous_2)
FNDA:0,(anonymous_3)
FNDA:0,(anonymous_4)
FNDA:0,(anonymous_5)
DA:1,1
DA:2,1
DA:4,1
DA:5,0
DA:6,0
DA:7,0
DA:9,0
DA:10,0
DA:13,0
DA:37,0
DA:39,0
DA:40,0
DA:44,1
DA:45,0
DA:46,0
DA:47,0
DA:48,0
DA:50,0
DA:51,0
DA:54,1
DA:55,0
DA:56,0
DA:57,0
DA:58,0
DA:60,0
DA:61,0
DA:64,1
DA:65,0
DA:66,0
DA:70,0
DA:72,0
DA:73,0
DA:78,1
DA:79,0
DA:80,0
DA:81,0
DA:83,0
DA:87,1
DA:88,0
DA:89,0
DA:90,0
DA:92,0
DA:97,1
LF:43
LH:9
BRDA:9,0,0,0
BRDA:9,0,1,0
BRDA:57,1,0,0
BRDA:57,1,1,0
BRF:4
BRH:0
end_of_record
TN:
SF:controllers/form/_routes.js
FNF:0
FNH:0
DA:1,1
DA:2,1
DA:3,1
DA:5,1
DA:7,1
DA:8,1
DA:9,1
DA:10,1
DA:11,1
DA:12,1
DA:14,1
LF:11
LH:11
BRF:0
BRH:0
end_of_record
TN:
SF:controllers/form/form.js
FN:4,(anonymous_0)
FN:39,(anonymous_1)
FN:74,(anonymous_2)
FN:114,(anonymous_3)
FN:149,(anonymous_4)
FN:184,(anonymous_5)
FNF:6
FNH:0
FNDA:0,(anonymous_0)
FNDA:0,(anonymous_1)
FNDA:0,(anonymous_2)
FNDA:0,(anonymous_3)
FNDA:0,(anonymous_4)
FNDA:0,(anonymous_5)
DA:1,1
DA:2,1
DA:4,1
DA:5,0
DA:6,0
DA:7,0
DA:10,0
DA:12,0
DA:13,0
DA:16,0
DA:17,0
DA:19,0
DA:20,0
DA:23,0
DA:25,0
DA:26,0
DA:29,0
DA:31,0
DA:34,0
DA:35,0
DA:39,1
DA:40,0
DA:41,0
DA:42,0
DA:45,0
DA:47,0
DA:48,0
DA:51,0
DA:52,0
DA:54,0
DA:55,0
DA:58,0
DA:60,0
DA:61,0
DA:64,0
DA:66,0
DA:69,0
DA:70,0
DA:74,1
DA:75,0
DA:76,0
DA:77,0
DA:80,0
DA:82,0
DA:83,0
DA:86,0
DA:87,0
DA:89,0
DA:90,0
DA:93,0
DA:95,0
DA:96,0
DA:98,0
DA:99,0
DA:101,0
DA:102,0
DA:104,0
DA:106,0
DA:109,0
DA:110,0
DA:114,1
DA:115,0
DA:116,0
DA:117,0
DA:120,0
DA:122,0
DA:123,0
DA:126,0
DA:129,0
DA:130,0
DA:133,0
DA:135,0
DA:136,0
DA:139,0
DA:141,0
DA:144,0
DA:145,0
DA:149,1
DA:150,0
DA:151,0
DA:152,0
DA:155,0
DA:157,0
DA:158,0
DA:161,0
DA:164,0
DA:165,0
DA:168,0
DA:170,0
DA:171,0
DA:174,0
DA:176,0
DA:179,0
DA:180,0
DA:184,1
DA:185,0
DA:186,0
DA:187,0
DA:190,0
DA:192,0
DA:193,0
DA:196,0
DA:198,0
DA:200,0
DA:201,0
DA:204,0
DA:206,0
DA:207,0
DA:210,0
DA:216,0
DA:217,0
DA:219,0
DA:222,0
DA:223,0
DA:227,1
LF:115
LH:9
BRDA:6,0,0,0
BRDA:6,0,1,0
BRDA:12,1,0,0
BRDA:12,1,1,0
BRDA:19,2,0,0
BRDA:19,2,1,0
BRDA:25,3,0,0
BRDA:25,3,1,0
BRDA:41,4,0,0
BRDA:41,4,1,0
BRDA:47,5,0,0
BRDA:47,5,1,0
BRDA:54,6,0,0
BRDA:54,6,1,0
BRDA:60,7,0,0
BRDA:60,7,1,0
BRDA:76,8,0,0
BRDA:76,8,1,0
BRDA:82,9,0,0
BRDA:82,9,1,0
BRDA:89,10,0,0
BRDA:89,10,1,0
BRDA:95,11,0,0
BRDA:95,11,1,0
BRDA:116,12,0,0
BRDA:116,12,1,0
BRDA:122,13,0,0
BRDA:122,13,1,0
BRDA:129,14,0,0
BRDA:129,14,1,0
BRDA:135,15,0,0
BRDA:135,15,1,0
BRDA:151,16,0,0
BRDA:151,16,1,0
BRDA:157,17,0,0
BRDA:157,17,1,0
BRDA:164,18,0,0
BRDA:164,18,1,0
BRDA:170,19,0,0
BRDA:170,19,1,0
BRDA:186,20,0,0
BRDA:186,20,1,0
BRDA:192,21,0,0
BRDA:192,21,1,0
BRDA:200,22,0,0
BRDA:200,22,1,0
BRDA:206,23,0,0
BRDA:206,23,1,0
BRDA:216,24,0,0
BRDA:216,24,1,0
BRF:50
BRH:0
end_of_record
TN:
SF:controllers/images/_routes.js
FNF:0
FNH:0
DA:1,1
DA:2,1
DA:3,1
DA:5,1
DA:7,1
DA:8,1
DA:9,1
DA:10,1
DA:11,1
DA:12,1
DA:13,1
DA:14,1
DA:15,1
DA:17,1
DA:18,1
DA:20,1
LF:16
LH:16
BRF:0
BRH:0
end_of_record
TN:
SF:controllers/images/imagesController.js
FN:6,(anonymous_0)
FN:13,(anonymous_1)
FN:27,(anonymous_2)
FN:48,(anonymous_3)
FN:54,(anonymous_4)
FN:64,(anonymous_5)
FN:99,(anonymous_6)
FN:110,(anonymous_7)
FN:140,(anonymous_8)
FN:169,(anonymous_9)
FN:182,(anonymous_10)
FN:193,(anonymous_11)
FN:226,(anonymous_12)
FN:239,(anonymous_13)
FN:250,(anonymous_14)
FN:268,(anonymous_15)
FN:285,(anonymous_16)
FN:290,(anonymous_17)
FNF:18
FNH:0
FNDA:0,(anonymous_0)
FNDA:0,(anonymous_1)
FNDA:0,(anonymous_2)
FNDA:0,(anonymous_3)
FNDA:0,(anonymous_4)
FNDA:0,(anonymous_5)
FNDA:0,(anonymous_6)
FNDA:0,(anonymous_7)
FNDA:0,(anonymous_8)
FNDA:0,(anonymous_9)
FNDA:0,(anonymous_10)
FNDA:0,(anonymous_11)
FNDA:0,(anonymous_12)
FNDA:0,(anonymous_13)
FNDA:0,(anonymous_14)
FNDA:0,(anonymous_15)
FNDA:0,(anonymous_16)
FNDA:0,(anonymous_17)
DA:1,1
DA:2,1
DA:3,1
DA:4,1
DA:6,1
DA:7,0
DA:8,0
DA:9,0
DA:10,0
DA:13,1
DA:14,0
DA:15,0
DA:17,0
DA:19,0
DA:22,0
DA:23,0
DA:27,1
DA:28,0
DA:29,0
DA:30,0
DA:33,0
DA:34,0
DA:35,0
DA:37,0
DA:38,0
DA:39,0
DA:42,0
DA:43,0
DA:44,0
DA:48,1
DA:49,0
DA:50,0
DA:51,0
DA:53,0
DA:54,0
DA:55,0
DA:56,0
DA:57,0
DA:61,0
DA:63,0
DA:64,0
DA:65,0
DA:66,0
DA:67,0
DA:71,0
DA:74,0
DA:76,0
DA:77,0
DA:79,0
DA:80,0
DA:81,0
DA:83,0
DA:84,0
DA:85,0
DA:87,0
DA:88,0
DA:91,0
DA:92,0
DA:93,0
DA:94,0
DA:97,0
DA:99,0
DA:100,0
DA:101,0
DA:102,0
DA:106,0
DA:110,1
DA:111,0
DA:112,0
DA:114,0
DA:115,0
DA:118,0
DA:120,0
DA:121,0
DA:123,0
DA:125,0
DA:126,0
DA:129,0
DA:130,0
DA:134,0
DA:135,0
DA:136,0
DA:140,1
DA:141,0
DA:142,0
DA:144,0
DA:145,0
DA:148,0
DA:150,0
DA:152,0
DA:153,0
DA:154,0
DA:155,0
DA:157,0
DA:158,0
DA:159,0
DA:161,0
DA:162,0
DA:165,0
DA:166,0
DA:169,0
DA:170,0
DA:171,0
DA:172,0
DA:176,0
DA:180,0
DA:182,0
DA:183,0
DA:184,0
DA:185,0
DA:189,0
DA:193,1
DA:194,0
DA:195,0
DA:196,0
DA:198,0
DA:199,0
DA:202,0
DA:204,0
DA:205,0
DA:207,0
DA:209,0
DA:210,0
DA:213,0
DA:214,0
DA:217,0
DA:218,0
DA:221,0
DA:222,0
DA:226,0
DA:227,0
DA:228,0
DA:229,0
DA:233,0
DA:237,0
DA:239,0
DA:240,0
DA:241,0
DA:242,0
DA:246,0
DA:250,1
DA:251,0
DA:252,0
DA:253,0
DA:255,0
DA:256,0
DA:259,0
DA:261,0
DA:268,1
DA:269,0
DA:270,0
DA:272,0
DA:273,0
DA:276,0
DA:279,0
DA:283,1
DA:286,0
DA:287,0
DA:288,0
DA:291,0
DA:292,0
DA:295,0
DA:297,0
DA:298,0
DA:300,0
DA:307,1
LF:166
LH:15
BRDA:17,0,0,0
BRDA:17,0,1,0
BRDA:29,1,0,0
BRDA:29,1,1,0
BRDA:50,2,0,0
BRDA:50,2,1,0
BRDA:50,3,0,0
BRDA:50,3,1,0
BRDA:50,3,2,0
BRDA:53,4,0,0
BRDA:53,4,1,0
BRDA:54,5,0,0
BRDA:54,5,1,0
BRDA:55,6,0,0
BRDA:55,6,1,0
BRDA:63,7,0,0
BRDA:63,7,1,0
BRDA:63,8,0,0
BRDA:63,8,1,0
BRDA:64,9,0,0
BRDA:64,9,1,0
BRDA:65,10,0,0
BRDA:65,10,1,0
BRDA:83,11,0,0
BRDA:83,11,1,0
BRDA:83,12,0,0
BRDA:83,12,1,0
BRDA:87,13,0,0
BRDA:87,13,1,0
BRDA:88,14,0,0
BRDA:88,14,1,0
BRDA:99,15,0,0
BRDA:99,15,1,0
BRDA:100,16,0,0
BRDA:100,16,1,0
BRDA:114,17,0,0
BRDA:114,17,1,0
BRDA:120,18,0,0
BRDA:120,18,1,0
BRDA:144,19,0,0
BRDA:144,19,1,0
BRDA:144,20,0,0
BRDA:144,20,1,0
BRDA:152,21,0,0
BRDA:152,21,1,0
BRDA:157,22,0,0
BRDA:157,22,1,0
BRDA:157,23,0,0
BRDA:157,23,1,0
BRDA:161,24,0,0
BRDA:161,24,1,0
BRDA:162,25,0,0
BRDA:162,25,1,0
BRDA:169,26,0,0
BRDA:169,26,1,0
BRDA:170,27,0,0
BRDA:170,27,1,0
BRDA:182,28,0,0
BRDA:182,28,1,0
BRDA:183,29,0,0
BRDA:183,29,1,0
BRDA:198,30,0,0
BRDA:198,30,1,0
BRDA:198,31,0,0
BRDA:198,31,1,0
BRDA:198,31,2,0
BRDA:204,32,0,0
BRDA:204,32,1,0
BRDA:209,33,0,0
BRDA:209,33,1,0
BRDA:213,34,0,0
BRDA:213,34,1,0
BRDA:217,35,0,0
BRDA:217,35,1,0
BRDA:226,36,0,0
BRDA:226,36,1,0
BRDA:227,37,0,0
BRDA:227,37,1,0
BRDA:239,38,0,0
BRDA:239,38,1,0
BRDA:240,39,0,0
BRDA:240,39,1,0
BRDA:255,40,0,0
BRDA:255,40,1,0
BRDA:272,41,0,0
BRDA:272,41,1,0
BRDA:295,42,0,0
BRDA:295,42,1,0
BRF:88
BRH:0
end_of_record
TN:
SF:controllers/invoices/_routes.js
FNF:0
FNH:0
DA:1,1
DA:2,1
DA:3,1
DA:5,1
DA:7,1
DA:8,1
DA:9,1
DA:10,1
DA:11,1
DA:12,1
DA:13,1
DA:15,1
LF:12
LH:12
BRF:0
BRH:0
end_of_record
TN:
SF:controllers/invoices/invoices.js
FN:8,getNextAutoIncrementValue
FN:13,(anonymous_1)
FN:94,(anonymous_2)
FN:106,(anonymous_3)
FN:121,(anonymous_4)
FN:123,(anonymous_5)
FN:136,(anonymous_6)
FN:252,(anonymous_7)
FN:263,(anonymous_8)
FNF:9
FNH:0
FNDA:0,getNextAutoIncrementValue
FNDA:0,(anonymous_1)
FNDA:0,(anonymous_2)
FNDA:0,(anonymous_3)
FNDA:0,(anonymous_4)
FNDA:0,(anonymous_5)
FNDA:0,(anonymous_6)
FNDA:0,(anonymous_7)
FNDA:0,(anonymous_8)
DA:1,1
DA:2,1
DA:3,1
DA:4,1
DA:9,0
DA:10,0
DA:13,1
DA:14,0
DA:15,0
DA:16,0
DA:17,0
DA:18,0
DA:19,0
DA:21,0
DA:22,0
DA:87,0
DA:89,0
DA:90,0
DA:94,1
DA:95,0
DA:96,0
DA:97,0
DA:98,0
DA:99,0
DA:101,0
DA:102,0
DA:106,1
DA:107,0
DA:109,0
DA:115,0
DA:117,0
DA:118,0
DA:121,1
DA:122,0
DA:123,0
DA:128,0
DA:130,0
DA:132,0
DA:133,0
DA:136,1
DA:137,0
DA:138,0
DA:139,0
DA:140,0
DA:215,0
DA:245,0
DA:247,0
DA:248,0
DA:252,1
DA:253,0
DA:254,0
DA:257,0
DA:259,0
DA:263,1
DA:264,0
DA:265,0
DA:270,0
DA:271,0
DA:275,0
DA:280,0
DA:284,1
LF:61
LH:12
BRDA:17,0,0,0
BRDA:17,0,1,0
BRDA:125,1,0,0
BRDA:125,1,1,0
BRDA:126,2,0,0
BRDA:126,2,1,0
BRDA:139,3,0,0
BRDA:139,3,1,0
BRDA:270,4,0,0
BRDA:270,4,1,0
BRDA:270,5,0,0
BRDA:270,5,1,0
BRF:12
BRH:0
end_of_record
TN:
SF:controllers/lead/_routes.js
FNF:0
FNH:0
DA:1,1
DA:2,1
DA:3,1
DA:5,1
DA:7,1
DA:8,1
DA:9,1
DA:10,1
DA:11,1
DA:12,1
DA:13,1
DA:14,1
DA:16,1
LF:13
LH:13
BRF:0
BRH:0
end_of_record
TN:
SF:controllers/lead/lead.js
FN:8,(anonymous_0)
FN:19,(anonymous_1)
FN:23,(anonymous_2)
FN:35,(anonymous_3)
FN:55,(anonymous_4)
FN:67,(anonymous_5)
FN:80,(anonymous_6)
FN:268,(anonymous_7)
FN:277,(anonymous_8)
FNF:9
FNH:0
FNDA:0,(anonymous_0)
FNDA:0,(anonymous_1)
FNDA:0,(anonymous_2)
FNDA:0,(anonymous_3)
FNDA:0,(anonymous_4)
FNDA:0,(anonymous_5)
FNDA:0,(anonymous_6)
FNDA:0,(anonymous_7)
FNDA:0,(anonymous_8)
DA:1,1
DA:2,1
DA:3,1
DA:4,1
DA:5,1
DA:6,1
DA:8,1
DA:9,0
DA:10,0
DA:14,0
DA:19,0
DA:20,0
DA:23,1
DA:24,0
DA:25,0
DA:26,0
DA:28,0
DA:30,0
DA:31,0
DA:35,1
DA:36,0
DA:37,0
DA:38,0
DA:44,0
DA:45,0
DA:48,0
DA:50,0
DA:51,0
DA:55,1
DA:56,0
DA:57,0
DA:58,0
DA:59,0
DA:60,0
DA:62,0
DA:63,0
DA:67,1
DA:68,0
DA:69,0
DA:73,0
DA:75,0
DA:76,0
DA:80,1
DA:81,0
DA:82,0
DA:84,0
DA:85,0
DA:86,0
DA:88,0
DA:90,0
DA:140,0
DA:172,0
DA:202,0
DA:241,0
DA:265,0
DA:268,1
DA:269,0
DA:270,0
DA:271,0
DA:273,0
DA:277,1
DA:278,0
DA:279,0
DA:280,0
DA:282,0
DA:287,1
LF:66
LH:15
BRDA:44,0,0,0
BRDA:44,0,1,0
BRDA:82,1,0,0
BRDA:82,1,1,0
BRDA:85,2,0,0
BRDA:85,2,1,0
BRF:6
BRH:0
end_of_record
TN:
SF:controllers/meeting/_routes.js
FNF:0
FNH:0
DA:1,1
DA:2,1
DA:3,1
DA:5,1
DA:8,1
DA:11,1
DA:12,1
DA:13,1
DA:14,1
DA:15,1
DA:16,1
DA:17,1
DA:19,1
LF:13
LH:13
BRF:0
BRH:0
end_of_record
TN:
SF:controllers/meeting/meeting.js
FN:51,(anonymous_0)
FN:103,(anonymous_1)
FN:122,(anonymous_2)
FN:169,(anonymous_3)
FN:245,(anonymous_4)
FN:308,(anonymous_5)
FN:364,(anonymous_6)
FNF:7
FNH:7
FNDA:10,(anonymous_0)
FNDA:1,(anonymous_1)
FNDA:7,(anonymous_2)
FNDA:4,(anonymous_3)
FNDA:3,(anonymous_4)
FNDA:3,(anonymous_5)
FNDA:2,(anonymous_6)
DA:1,1
DA:2,1
DA:5,1
DA:51,1
DA:52,10
DA:54,10
DA:55,10
DA:56,3
DA:60,7
DA:62,7
DA:63,0
DA:66,7
DA:68,0
DA:69,0
DA:103,1
DA:104,1
DA:106,1
DA:107,1
DA:108,0
DA:112,1
DA:115,1
DA:117,1
DA:118,0
DA:122,1
DA:123,7
DA:124,7
DA:132,1
DA:134,0
DA:135,0
DA:169,1
DA:170,4
DA:172,4
DA:173,4
DA:174,1
DA:178,3
DA:181,3
DA:183,3
DA:184,2
DA:188,1
DA:195,1
DA:197,0
DA:198,0
DA:245,1
DA:246,3
DA:248,3
DA:249,3
DA:250,1
DA:254,2
DA:255,2
DA:256,0
DA:260,2
DA:263,2
DA:270,2
DA:271,1
DA:274,1
DA:276,0
DA:277,0
DA:308,1
DA:309,3
DA:311,3
DA:312,3
DA:313,1
DA:317,2
DA:320,2
DA:322,2
DA:323,1
DA:326,1
DA:328,0
DA:329,0
DA:364,1
DA:365,2
DA:367,2
DA:369,2
DA:370,0
DA:374,2
DA:375,2
DA:376,1
DA:380,1
DA:383,1
DA:389,1
DA:390,0
DA:393,1
DA:395,0
DA:396,0
DA:400,1
LF:85
LH:67
BRDA:55,0,0,3
BRDA:55,0,1,7
BRDA:62,1,0,0
BRDA:62,1,1,7
BRDA:107,2,0,0
BRDA:107,2,1,1
BRDA:112,3,0,1
BRDA:112,3,1,1
BRDA:117,4,0,0
BRDA:117,4,1,1
BRDA:123,5,0,7
BRDA:123,5,1,0
BRDA:126,6,0,7
BRDA:126,6,1,0
BRDA:126,7,0,7
BRDA:126,7,1,7
BRDA:128,8,0,0
BRDA:128,8,1,0
BRDA:173,9,0,1
BRDA:173,9,1,3
BRDA:178,10,0,3
BRDA:178,10,1,3
BRDA:183,11,0,2
BRDA:183,11,1,1
BRDA:189,12,0,1
BRDA:189,12,1,0
BRDA:190,13,0,1
BRDA:190,13,1,0
BRDA:190,14,0,1
BRDA:190,14,1,1
BRDA:192,15,0,0
BRDA:192,15,1,0
BRDA:249,16,0,1
BRDA:249,16,1,2
BRDA:255,17,0,0
BRDA:255,17,1,2
BRDA:260,18,0,2
BRDA:260,18,1,2
BRDA:270,19,0,1
BRDA:270,19,1,1
BRDA:312,20,0,1
BRDA:312,20,1,2
BRDA:317,21,0,2
BRDA:317,21,1,2
BRDA:322,22,0,1
BRDA:322,22,1,1
BRDA:367,23,0,2
BRDA:367,23,1,2
BRDA:369,24,0,0
BRDA:369,24,1,2
BRDA:369,25,0,2
BRDA:369,25,1,2
BRDA:375,26,0,1
BRDA:375,26,1,1
BRDA:380,27,0,1
BRDA:380,27,1,1
BRDA:389,28,0,0
BRDA:389,28,1,1
BRF:58
BRH:44
end_of_record
TN:
SF:controllers/moduleActiveDeactive/_routes.js
FNF:0
FNH:0
DA:1,1
DA:2,1
DA:3,1
DA:5,1
DA:7,1
DA:8,1
DA:10,1
LF:7
LH:7
BRF:0
BRH:0
end_of_record
TN:
SF:controllers/moduleActiveDeactive/moduleActiveDeactive.js
FN:4,(anonymous_0)
FN:12,(anonymous_1)
FN:14,(anonymous_2)
FN:16,(anonymous_3)
FN:41,(anonymous_4)
FN:41,(anonymous_5)
FN:45,(anonymous_6)
FN:46,(anonymous_7)
FN:53,(anonymous_8)
FN:60,(anonymous_9)
FN:66,(anonymous_10)
FN:75,(anonymous_11)
FN:79,(anonymous_12)
FNF:13
FNH:0
FNDA:0,(anonymous_0)
FNDA:0,(anonymous_1)
FNDA:0,(anonymous_2)
FNDA:0,(anonymous_3)
FNDA:0,(anonymous_4)
FNDA:0,(anonymous_5)
FNDA:0,(anonymous_6)
FNDA:0,(anonymous_7)
FNDA:0,(anonymous_8)
FNDA:0,(anonymous_9)
FNDA:0,(anonymous_10)
FNDA:0,(anonymous_11)
FNDA:0,(anonymous_12)
DA:1,1
DA:2,1
DA:4,1
DA:5,0
DA:6,0
DA:9,0
DA:10,0
DA:12,0
DA:14,0
DA:16,0
DA:19,0
DA:21,0
DA:41,0
DA:42,0
DA:45,0
DA:46,0
DA:49,0
DA:51,0
DA:52,0
DA:53,0
DA:60,0
DA:61,0
DA:65,0
DA:66,0
DA:68,0
DA:70,0
DA:71,0
DA:75,1
DA:76,0
DA:77,0
DA:79,0
DA:80,0
DA:86,0
DA:88,0
DA:90,0
DA:91,0
DA:95,1
LF:37
LH:5
BRDA:14,0,0,0
BRDA:14,0,1,0
BRDA:42,1,0,0
BRDA:42,1,1,0
BRDA:51,2,0,0
BRDA:51,2,1,0
BRF:6
BRH:0
end_of_record
TN:
SF:controllers/opportunities/_routes.js
FNF:0
FNH:0
DA:1,1
DA:2,1
DA:3,1
DA:5,1
DA:7,1
DA:8,1
DA:9,1
DA:10,1
DA:11,1
DA:12,1
DA:13,1
DA:15,1
LF:12
LH:12
BRF:0
BRH:0
end_of_record
TN:
SF:controllers/opportunities/opportunities.js
FN:5,(anonymous_0)
FN:15,(anonymous_1)
FN:17,(anonymous_2)
FN:29,(anonymous_3)
FN:113,(anonymous_4)
FN:191,(anonymous_5)
FN:206,(anonymous_6)
FN:215,(anonymous_7)
FNF:8
FNH:0
FNDA:0,(anonymous_0)
FNDA:0,(anonymous_1)
FNDA:0,(anonymous_2)
FNDA:0,(anonymous_3)
FNDA:0,(anonymous_4)
FNDA:0,(anonymous_5)
FNDA:0,(anonymous_6)
FNDA:0,(anonymous_7)
DA:1,1
DA:2,1
DA:3,1
DA:5,1
DA:6,0
DA:7,0
DA:8,0
DA:9,0
DA:11,0
DA:12,0
DA:15,1
DA:16,0
DA:17,0
DA:21,0
DA:23,0
DA:25,0
DA:26,0
DA:29,1
DA:30,0
DA:31,0
DA:32,0
DA:34,0
DA:35,0
DA:36,0
DA:37,0
DA:40,0
DA:106,0
DA:108,0
DA:109,0
DA:113,1
DA:114,0
DA:115,0
DA:116,0
DA:118,0
DA:185,0
DA:187,0
DA:188,0
DA:191,1
DA:192,0
DA:194,0
DA:200,0
DA:202,0
DA:203,0
DA:206,1
DA:207,0
DA:208,0
DA:209,0
DA:211,0
DA:215,1
DA:216,0
DA:217,0
DA:218,0
DA:220,0
DA:224,1
LF:54
LH:11
BRDA:19,0,0,0
BRDA:19,0,1,0
BRDA:35,1,0,0
BRDA:35,1,1,0
BRDA:116,2,0,0
BRDA:116,2,1,0
BRF:6
BRH:0
end_of_record
TN:
SF:controllers/payment/_routes.js
FNF:0
FNH:0
DA:1,1
DA:2,1
DA:4,1
DA:7,1
DA:8,1
DA:10,1
LF:6
LH:6
BRF:0
BRH:0
end_of_record
TN:
SF:controllers/payment/payment.js
FN:4,(anonymous_0)
FN:43,(anonymous_1)
FN:50,(anonymous_2)
FNF:3
FNH:0
FNDA:0,(anonymous_0)
FNDA:0,(anonymous_1)
FNDA:0,(anonymous_2)
DA:1,1
DA:4,1
DA:5,0
DA:6,0
DA:7,0
DA:9,0
DA:11,0
DA:13,0
DA:14,0
DA:15,0
DA:18,0
DA:19,0
DA:20,0
DA:21,0
DA:23,0
DA:33,0
DA:36,0
DA:38,0
DA:39,0
DA:43,1
DA:44,0
DA:45,0
DA:46,0
DA:51,0
DA:66,0
DA:68,0
DA:69,0
DA:73,1
LF:28
LH:4
BRDA:20,0,0,0
BRDA:20,0,1,0
BRF:2
BRH:0
end_of_record
TN:
SF:controllers/phoneCall/_routes.js
FNF:0
FNH:0
DA:1,1
DA:2,1
DA:3,1
DA:5,1
DA:7,1
DA:8,1
DA:9,1
DA:11,1
LF:8
LH:8
BRF:0
BRH:0
end_of_record
TN:
SF:controllers/phoneCall/phonCall.js
FN:5,(anonymous_0)
FN:38,(anonymous_1)
FN:104,(anonymous_2)
FNF:3
FNH:0
FNDA:0,(anonymous_0)
FNDA:0,(anonymous_1)
FNDA:0,(anonymous_2)
DA:1,1
DA:2,1
DA:3,1
DA:5,1
DA:6,0
DA:7,0
DA:9,0
DA:10,0
DA:12,0
DA:13,0
DA:15,0
DA:17,0
DA:18,0
DA:21,0
DA:22,0
DA:25,0
DA:26,0
DA:27,0
DA:29,0
DA:30,0
DA:31,0
DA:33,0
DA:34,0
DA:38,1
DA:39,0
DA:41,0
DA:42,0
DA:43,0
DA:45,0
DA:97,0
DA:99,0
DA:100,0
DA:104,1
DA:105,0
DA:106,0
DA:108,0
DA:110,0
DA:162,0
DA:164,0
DA:165,0
DA:169,1
LF:41
LH:7
BRDA:9,0,0,0
BRDA:9,0,1,0
BRDA:9,1,0,0
BRDA:9,1,1,0
BRDA:12,2,0,0
BRDA:12,2,1,0
BRDA:12,3,0,0
BRDA:12,3,1,0
BRDA:17,4,0,0
BRDA:17,4,1,0
BRDA:21,5,0,0
BRDA:21,5,1,0
BRDA:42,6,0,0
BRDA:42,6,1,0
BRDA:108,7,0,0
BRDA:108,7,1,0
BRF:16
BRH:0
end_of_record
TN:
SF:controllers/property/_routes.js
FNF:0
FNH:0
DA:1,1
DA:2,1
DA:3,1
DA:5,1
DA:7,1
DA:8,1
DA:9,1
DA:10,1
DA:11,1
DA:12,1
DA:13,1
DA:14,1
DA:15,1
DA:16,1
DA:17,1
DA:19,1
DA:20,1
DA:21,1
DA:22,1
DA:26,1
LF:20
LH:20
BRF:0
BRH:0
end_of_record
TN:
SF:controllers/property/property.js
FN:8,(anonymous_0)
FN:17,(anonymous_1)
FN:21,(anonymous_2)
FN:33,(anonymous_3)
FN:44,(anonymous_4)
FN:57,(anonymous_5)
FN:62,(anonymous_6)
FN:68,(anonymous_7)
FN:77,(anonymous_8)
FN:109,(anonymous_9)
FN:114,(anonymous_10)
FN:130,(anonymous_11)
FN:140,(anonymous_12)
FN:156,(anonymous_13)
FN:161,(anonymous_14)
FN:177,(anonymous_15)
FN:187,(anonymous_16)
FN:202,(anonymous_17)
FN:207,(anonymous_18)
FN:223,(anonymous_19)
FN:233,(anonymous_20)
FN:248,(anonymous_21)
FN:253,(anonymous_22)
FN:269,(anonymous_23)
FN:279,(anonymous_24)
FNF:25
FNH:0
FNDA:0,(anonymous_0)
FNDA:0,(anonymous_1)
FNDA:0,(anonymous_2)
FNDA:0,(anonymous_3)
FNDA:0,(anonymous_4)
FNDA:0,(anonymous_5)
FNDA:0,(anonymous_6)
FNDA:0,(anonymous_7)
FNDA:0,(anonymous_8)
FNDA:0,(anonymous_9)
FNDA:0,(anonymous_10)
FNDA:0,(anonymous_11)
FNDA:0,(anonymous_12)
FNDA:0,(anonymous_13)
FNDA:0,(anonymous_14)
FNDA:0,(anonymous_15)
FNDA:0,(anonymous_16)
FNDA:0,(anonymous_17)
FNDA:0,(anonymous_18)
FNDA:0,(anonymous_19)
FNDA:0,(anonymous_20)
FNDA:0,(anonymous_21)
FNDA:0,(anonymous_22)
FNDA:0,(anonymous_23)
FNDA:0,(anonymous_24)
DA:1,1
DA:2,1
DA:3,1
DA:4,1
DA:5,1
DA:8,1
DA:9,0
DA:10,0
DA:12,0
DA:17,0
DA:18,0
DA:21,1
DA:22,0
DA:23,0
DA:24,0
DA:25,0
DA:26,0
DA:28,0
DA:29,0
DA:33,1
DA:34,0
DA:35,0
DA:36,0
DA:37,0
DA:39,0
DA:40,0
DA:44,1
DA:45,0
DA:46,0
DA:50,0
DA:52,0
DA:53,0
DA:57,1
DA:58,0
DA:59,0
DA:60,0
DA:62,0
DA:64,0
DA:65,0
DA:68,1
DA:69,0
DA:70,0
DA:71,0
DA:73,0
DA:77,1
DA:78,0
DA:79,0
DA:80,0
DA:82,0
DA:107,1
DA:110,0
DA:111,0
DA:112,0
DA:115,0
DA:116,0
DA:119,0
DA:121,0
DA:122,0
DA:124,0
DA:130,1
DA:131,0
DA:132,0
DA:134,0
DA:135,0
DA:136,0
DA:138,0
DA:140,0
DA:146,0
DA:147,0
DA:149,0
DA:150,0
DA:154,1
DA:157,0
DA:158,0
DA:159,0
DA:162,0
DA:163,0
DA:166,0
DA:168,0
DA:169,0
DA:171,0
DA:177,1
DA:178,0
DA:179,0
DA:181,0
DA:182,0
DA:183,0
DA:185,0
DA:187,0
DA:192,0
DA:193,0
DA:195,0
DA:196,0
DA:200,1
DA:203,0
DA:204,0
DA:205,0
DA:208,0
DA:209,0
DA:212,0
DA:214,0
DA:215,0
DA:217,0
DA:223,1
DA:224,0
DA:225,0
DA:227,0
DA:228,0
DA:229,0
DA:231,0
DA:233,0
DA:238,0
DA:239,0
DA:241,0
DA:242,0
DA:246,1
DA:249,0
DA:250,0
DA:251,0
DA:254,0
DA:255,0
DA:258,0
DA:260,0
DA:261,0
DA:263,0
DA:269,1
DA:270,0
DA:271,0
DA:273,0
DA:274,0
DA:275,0
DA:277,0
DA:279,0
DA:285,0
DA:286,0
DA:288,0
DA:289,0
DA:295,1
LF:138
LH:21
BRDA:64,0,0,0
BRDA:64,0,1,0
BRDA:119,1,0,0
BRDA:119,1,1,0
BRDA:134,2,0,0
BRDA:134,2,1,0
BRDA:134,3,0,0
BRDA:134,3,1,0
BRDA:166,4,0,0
BRDA:166,4,1,0
BRDA:181,5,0,0
BRDA:181,5,1,0
BRDA:181,6,0,0
BRDA:181,6,1,0
BRDA:212,7,0,0
BRDA:212,7,1,0
BRDA:227,8,0,0
BRDA:227,8,1,0
BRDA:227,9,0,0
BRDA:227,9,1,0
BRDA:258,10,0,0
BRDA:258,10,1,0
BRDA:273,11,0,0
BRDA:273,11,1,0
BRDA:273,12,0,0
BRDA:273,12,1,0
BRF:26
BRH:0
end_of_record
TN:
SF:controllers/quotes/_routes.js
FNF:0
FNH:0
DA:1,1
DA:2,1
DA:3,1
DA:5,1
DA:7,1
DA:8,1
DA:9,1
DA:10,1
DA:11,1
DA:12,1
DA:13,1
DA:14,1
DA:16,1
LF:13
LH:13
BRF:0
BRH:0
end_of_record
TN:
SF:controllers/quotes/quotes.js
FN:6,getNextAutoIncrementValue
FN:10,getNextAutoIncrementInvoiceValue
FN:15,(anonymous_2)
FN:97,(anonymous_3)
FN:109,(anonymous_4)
FN:124,(anonymous_5)
FN:126,(anonymous_6)
FN:140,(anonymous_7)
FN:260,(anonymous_8)
FN:324,(anonymous_9)
FN:335,(anonymous_10)
FNF:11
FNH:0
FNDA:0,getNextAutoIncrementValue
FNDA:0,getNextAutoIncrementInvoiceValue
FNDA:0,(anonymous_2)
FNDA:0,(anonymous_3)
FNDA:0,(anonymous_4)
FNDA:0,(anonymous_5)
FNDA:0,(anonymous_6)
FNDA:0,(anonymous_7)
FNDA:0,(anonymous_8)
FNDA:0,(anonymous_9)
FNDA:0,(anonymous_10)
DA:1,1
DA:2,1
DA:3,1
DA:4,1
DA:7,0
DA:8,0
DA:11,0
DA:12,0
DA:15,1
DA:16,0
DA:17,0
DA:18,0
DA:19,0
DA:20,0
DA:21,0
DA:24,0
DA:25,0
DA:90,0
DA:92,0
DA:93,0
DA:97,1
DA:98,0
DA:99,0
DA:100,0
DA:101,0
DA:102,0
DA:104,0
DA:105,0
DA:109,1
DA:110,0
DA:112,0
DA:118,0
DA:120,0
DA:121,0
DA:124,1
DA:125,0
DA:126,0
DA:131,0
DA:133,0
DA:135,0
DA:136,0
DA:140,1
DA:141,0
DA:142,0
DA:143,0
DA:144,0
DA:219,0
DA:248,0
DA:250,0
DA:251,0
DA:260,1
DA:261,0
DA:262,0
DA:263,0
DA:264,0
DA:266,0
DA:268,0
DA:309,0
DA:310,0
DA:312,0
DA:318,0
DA:320,0
DA:324,1
DA:325,0
DA:326,0
DA:329,0
DA:331,0
DA:335,1
DA:336,0
DA:337,0
DA:342,0
DA:343,0
DA:347,0
DA:352,0
DA:356,1
LF:75
LH:13
BRDA:19,0,0,0
BRDA:19,0,1,0
BRDA:128,1,0,0
BRDA:128,1,1,0
BRDA:129,2,0,0
BRDA:129,2,1,0
BRDA:143,3,0,0
BRDA:143,3,1,0
BRDA:263,4,0,0
BRDA:263,4,1,0
BRDA:342,5,0,0
BRDA:342,5,1,0
BRDA:342,6,0,0
BRDA:342,6,1,0
BRF:14
BRH:0
end_of_record
TN:
SF:controllers/reporting/_routes.js
FNF:0
FNH:0
DA:1,1
DA:2,1
DA:3,1
DA:5,1
DA:7,1
DA:8,1
DA:9,1
DA:12,1
LF:8
LH:8
BRF:0
BRH:0
end_of_record
TN:
SF:controllers/reporting/reporting.js
FN:20,(anonymous_0)
FN:27,(anonymous_1)
FN:42,(anonymous_2)
FN:48,(anonymous_3)
FN:54,(anonymous_4)
FN:60,(anonymous_5)
FN:66,(anonymous_6)
FN:72,(anonymous_7)
FN:78,(anonymous_8)
FN:84,(anonymous_9)
FN:90,(anonymous_10)
FN:96,(anonymous_11)
FN:102,(anonymous_12)
FN:108,(anonymous_13)
FN:116,(anonymous_14)
FN:117,(anonymous_15)
FN:118,(anonymous_16)
FN:121,(anonymous_17)
FN:154,(anonymous_18)
FN:158,(anonymous_19)
FN:162,(anonymous_20)
FN:166,(anonymous_21)
FN:170,(anonymous_22)
FN:174,(anonymous_23)
FN:178,(anonymous_24)
FN:182,(anonymous_25)
FN:186,(anonymous_26)
FN:190,(anonymous_27)
FN:194,(anonymous_28)
FN:198,(anonymous_29)
FN:203,(anonymous_30)
FN:222,(anonymous_31)
FN:242,(anonymous_32)
FN:243,(anonymous_33)
FN:248,(anonymous_34)
FNF:35
FNH:0
FNDA:0,(anonymous_0)
FNDA:0,(anonymous_1)
FNDA:0,(anonymous_2)
FNDA:0,(anonymous_3)
FNDA:0,(anonymous_4)
FNDA:0,(anonymous_5)
FNDA:0,(anonymous_6)
FNDA:0,(anonymous_7)
FNDA:0,(anonymous_8)
FNDA:0,(anonymous_9)
FNDA:0,(anonymous_10)
FNDA:0,(anonymous_11)
FNDA:0,(anonymous_12)
FNDA:0,(anonymous_13)
FNDA:0,(anonymous_14)
FNDA:0,(anonymous_15)
FNDA:0,(anonymous_16)
FNDA:0,(anonymous_17)
FNDA:0,(anonymous_18)
FNDA:0,(anonymous_19)
FNDA:0,(anonymous_20)
FNDA:0,(anonymous_21)
FNDA:0,(anonymous_22)
FNDA:0,(anonymous_23)
FNDA:0,(anonymous_24)
FNDA:0,(anonymous_25)
FNDA:0,(anonymous_26)
FNDA:0,(anonymous_27)
FNDA:0,(anonymous_28)
FNDA:0,(anonymous_29)
FNDA:0,(anonymous_30)
FNDA:0,(anonymous_31)
FNDA:0,(anonymous_32)
FNDA:0,(anonymous_33)
FNDA:0,(anonymous_34)
DA:1,1
DA:2,1
DA:3,1
DA:4,1
DA:5,1
DA:6,1
DA:7,1
DA:8,1
DA:9,1
DA:10,1
DA:12,1
DA:13,1
DA:14,1
DA:15,1
DA:16,1
DA:17,1
DA:18,1
DA:20,1
DA:21,0
DA:22,0
DA:23,0
DA:24,0
DA:27,1
DA:28,0
DA:29,0
DA:30,0
DA:31,0
DA:32,0
DA:34,0
DA:35,0
DA:38,0
DA:42,0
DA:44,0
DA:48,0
DA:50,0
DA:54,0
DA:56,0
DA:60,0
DA:62,0
DA:66,0
DA:68,0
DA:72,0
DA:74,0
DA:78,0
DA:80,0
DA:84,0
DA:86,0
DA:90,0
DA:92,0
DA:96,0
DA:98,0
DA:102,0
DA:104,0
DA:108,0
DA:111,0
DA:114,0
DA:116,0
DA:117,0
DA:118,0
DA:119,0
DA:120,0
DA:121,0
DA:122,0
DA:123,0
DA:126,0
DA:128,0
DA:131,0
DA:134,0
DA:149,0
DA:151,0
DA:152,0
DA:153,0
DA:154,0
DA:155,0
DA:157,0
DA:158,0
DA:159,0
DA:161,0
DA:162,0
DA:163,0
DA:165,0
DA:166,0
DA:167,0
DA:169,0
DA:170,0
DA:171,0
DA:173,0
DA:174,0
DA:175,0
DA:177,0
DA:178,0
DA:179,0
DA:181,0
DA:182,0
DA:183,0
DA:185,0
DA:186,0
DA:187,0
DA:189,0
DA:190,0
DA:191,0
DA:193,0
DA:194,0
DA:195,0
DA:197,0
DA:198,0
DA:199,0
DA:202,0
DA:203,0
DA:204,0
DA:205,0
DA:206,0
DA:207,0
DA:209,0
DA:215,0
DA:220,0
DA:221,0
DA:222,0
DA:223,0
DA:224,0
DA:225,0
DA:226,0
DA:228,0
DA:234,0
DA:238,0
DA:241,0
DA:242,0
DA:243,0
DA:245,0
DA:248,1
DA:249,0
DA:251,0
DA:252,0
DA:255,0
DA:256,0
DA:259,0
DA:260,0
DA:263,0
DA:265,0
DA:267,0
DA:271,0
DA:273,0
DA:274,0
DA:277,0
DA:281,0
DA:282,0
DA:283,0
DA:284,0
DA:494,0
DA:592,0
DA:659,0
DA:731,0
DA:732,0
DA:734,0
DA:739,0
DA:740,0
DA:745,1
LF:157
LH:21
BRDA:31,0,0,0
BRDA:31,0,1,0
BRDA:34,1,0,0
BRDA:34,1,1,0
BRDA:119,2,0,0
BRDA:119,2,1,0
BRDA:122,3,0,0
BRDA:122,3,1,0
BRDA:151,4,0,0
BRDA:151,4,1,0
BRDA:151,5,0,0
BRDA:151,5,1,0
BRDA:153,6,0,0
BRDA:153,6,1,0
BRDA:153,7,0,0
BRDA:153,7,1,0
BRDA:157,8,0,0
BRDA:157,8,1,0
BRDA:157,9,0,0
BRDA:157,9,1,0
BRDA:161,10,0,0
BRDA:161,10,1,0
BRDA:161,11,0,0
BRDA:161,11,1,0
BRDA:165,12,0,0
BRDA:165,12,1,0
BRDA:165,13,0,0
BRDA:165,13,1,0
BRDA:169,14,0,0
BRDA:169,14,1,0
BRDA:169,15,0,0
BRDA:169,15,1,0
BRDA:173,16,0,0
BRDA:173,16,1,0
BRDA:173,17,0,0
BRDA:173,17,1,0
BRDA:177,18,0,0
BRDA:177,18,1,0
BRDA:177,19,0,0
BRDA:177,19,1,0
BRDA:181,20,0,0
BRDA:181,20,1,0
BRDA:181,21,0,0
BRDA:181,21,1,0
BRDA:185,22,0,0
BRDA:185,22,1,0
BRDA:185,23,0,0
BRDA:185,23,1,0
BRDA:189,24,0,0
BRDA:189,24,1,0
BRDA:189,25,0,0
BRDA:189,25,1,0
BRDA:193,26,0,0
BRDA:193,26,1,0
BRDA:193,27,0,0
BRDA:193,27,1,0
BRDA:197,28,0,0
BRDA:197,28,1,0
BRDA:197,29,0,0
BRDA:197,29,1,0
BRDA:202,30,0,0
BRDA:202,30,1,0
BRDA:203,31,0,0
BRDA:203,31,1,0
BRDA:220,32,0,0
BRDA:220,32,1,0
BRDA:222,33,0,0
BRDA:222,33,1,0
BRDA:259,34,0,0
BRDA:259,34,1,0
BRDA:259,35,0,0
BRDA:259,35,1,0
BRDA:273,36,0,0
BRDA:273,36,1,0
BRDA:281,37,0,0
BRDA:281,37,1,0
BRDA:283,38,0,0
BRDA:283,38,1,0
BRDA:731,39,0,0
BRDA:731,39,1,0
BRDA:731,40,0,0
BRDA:731,40,1,0
BRDA:731,40,2,0
BRF:83
BRH:0
end_of_record
TN:
SF:controllers/roleAccess/_routes.js
FNF:0
FNH:0
DA:1,1
DA:2,1
DA:3,1
DA:5,1
DA:7,1
DA:8,1
DA:9,1
DA:10,1
DA:11,1
DA:13,1
LF:10
LH:10
BRF:0
BRH:0
end_of_record
TN:
SF:controllers/roleAccess/roleAccess.js
FN:5,(anonymous_0)
FN:16,(anonymous_1)
FN:44,(anonymous_2)
FN:46,processModules
FN:56,(anonymous_4)
FN:59,(anonymous_5)
FN:66,(anonymous_6)
FN:77,(anonymous_7)
FN:91,(anonymous_8)
FN:102,(anonymous_9)
FNF:10
FNH:0
FNDA:0,(anonymous_0)
FNDA:0,(anonymous_1)
FNDA:0,(anonymous_2)
FNDA:0,processModules
FNDA:0,(anonymous_4)
FNDA:0,(anonymous_5)
FNDA:0,(anonymous_6)
FNDA:0,(anonymous_7)
FNDA:0,(anonymous_8)
FNDA:0,(anonymous_9)
DA:1,1
DA:2,1
DA:3,1
DA:5,1
DA:6,0
DA:7,0
DA:8,0
DA:9,0
DA:11,0
DA:12,0
DA:16,1
DA:17,0
DA:18,0
DA:20,0
DA:22,0
DA:23,0
DA:26,0
DA:28,0
DA:44,0
DA:47,0
DA:48,0
DA:49,0
DA:50,0
DA:56,0
DA:57,0
DA:59,0
DA:60,0
DA:63,0
DA:64,0
DA:65,0
DA:67,0
DA:72,0
DA:73,0
DA:77,1
DA:78,0
DA:79,0
DA:80,0
DA:84,0
DA:86,0
DA:87,0
DA:91,1
DA:92,0
DA:93,0
DA:94,0
DA:97,0
DA:98,0
DA:102,1
DA:103,0
DA:107,0
DA:109,0
DA:116,0
DA:123,0
DA:124,0
DA:127,0
DA:128,0
DA:132,1
LF:56
LH:9
BRDA:22,0,0,0
BRDA:22,0,1,0
BRDA:49,1,0,0
BRDA:49,1,1,0
BRDA:49,2,0,0
BRDA:49,2,1,0
BRDA:49,2,2,0
BRF:7
BRH:0
end_of_record
TN:
SF:controllers/route/_routes.js
FNF:0
FNH:0
DA:1,1
DA:2,1
DA:3,1
DA:5,1
DA:7,1
DA:9,1
LF:6
LH:6
BRF:0
BRH:0
end_of_record
TN:
SF:controllers/route/route.js
FN:5,(anonymous_0)
FN:10,(anonymous_1)
FN:14,(anonymous_2)
FN:27,(anonymous_3)
FN:28,(anonymous_4)
FN:29,(anonymous_5)
FN:31,(anonymous_6)
FNF:7
FNH:0
FNDA:0,(anonymous_0)
FNDA:0,(anonymous_1)
FNDA:0,(anonymous_2)
FNDA:0,(anonymous_3)
FNDA:0,(anonymous_4)
FNDA:0,(anonymous_5)
FNDA:0,(anonymous_6)
DA:1,1
DA:2,1
DA:3,1
DA:5,1
DA:6,0
DA:7,0
DA:8,0
DA:9,0
DA:10,0
DA:11,0
DA:14,0
DA:23,0
DA:27,0
DA:28,0
DA:29,0
DA:30,0
DA:31,0
DA:32,0
DA:33,0
DA:37,0
DA:40,0
DA:44,0
DA:47,0
DA:48,0
DA:52,1
LF:25
LH:5
BRDA:30,0,0,0
BRDA:30,0,1,0
BRDA:32,1,0,0
BRDA:32,1,1,0
BRF:4
BRH:0
end_of_record
TN:
SF:controllers/status/_routes.js
FNF:0
FNH:0
DA:1,1
DA:2,1
DA:3,1
DA:4,1
DA:6,1
DA:8,1
LF:6
LH:6
BRF:0
BRH:0
end_of_record
TN:
SF:controllers/status/status.js
FN:6,(anonymous_0)
FN:18,(anonymous_1)
FN:19,(anonymous_2)
FN:20,(anonymous_3)
FN:23,(anonymous_4)
FNF:5
FNH:0
FNDA:0,(anonymous_0)
FNDA:0,(anonymous_1)
FNDA:0,(anonymous_2)
FNDA:0,(anonymous_3)
FNDA:0,(anonymous_4)
DA:1,1
DA:2,1
DA:3,1
DA:4,1
DA:6,1
DA:7,0
DA:8,0
DA:9,0
DA:11,0
DA:15,0
DA:18,0
DA:19,0
DA:20,0
DA:21,0
DA:22,0
DA:23,0
DA:24,0
DA:25,0
DA:28,0
DA:30,0
DA:33,0
DA:36,0
DA:38,0
DA:39,0
DA:41,0
DA:42,0
DA:44,0
DA:45,0
DA:51,0
DA:53,0
DA:54,0
DA:58,1
LF:32
LH:6
BRDA:21,0,0,0
BRDA:21,0,1,0
BRDA:24,1,0,0
BRDA:24,1,1,0
BRDA:38,2,0,0
BRDA:38,2,1,0
BRDA:38,3,0,0
BRDA:38,3,1,0
BRDA:41,4,0,0
BRDA:41,4,1,0
BRDA:41,5,0,0
BRDA:41,5,1,0
BRDA:44,6,0,0
BRDA:44,6,1,0
BRDA:44,7,0,0
BRDA:44,7,1,0
BRF:16
BRH:0
end_of_record
TN:
SF:controllers/task/_routes.js
FNF:0
FNH:0
DA:1,1
DA:2,1
DA:3,1
DA:5,1
DA:7,1
DA:8,1
DA:9,1
DA:10,1
DA:11,1
DA:12,1
DA:13,1
DA:15,1
LF:12
LH:12
BRF:0
BRH:0
end_of_record
TN:
SF:controllers/task/task.js
FN:4,(anonymous_0)
FN:62,(anonymous_1)
FN:89,(anonymous_2)
FN:113,(anonymous_3)
FN:130,(anonymous_4)
FN:185,(anonymous_5)
FN:194,(anonymous_6)
FNF:7
FNH:0
FNDA:0,(anonymous_0)
FNDA:0,(anonymous_1)
FNDA:0,(anonymous_2)
FNDA:0,(anonymous_3)
FNDA:0,(anonymous_4)
FNDA:0,(anonymous_5)
FNDA:0,(anonymous_6)
DA:1,1
DA:2,1
DA:4,1
DA:5,0
DA:6,0
DA:7,0
DA:8,0
DA:11,0
DA:12,0
DA:55,0
DA:57,0
DA:58,0
DA:62,1
DA:63,0
DA:64,0
DA:66,0
DA:67,0
DA:69,0
DA:70,0
DA:72,0
DA:74,0
DA:75,0
DA:77,0
DA:78,0
DA:80,0
DA:81,0
DA:82,0
DA:84,0
DA:85,0
DA:89,1
DA:90,0
DA:91,0
DA:93,0
DA:94,0
DA:96,0
DA:97,0
DA:99,0
DA:101,0
DA:107,0
DA:109,0
DA:110,0
DA:113,1
DA:114,0
DA:115,0
DA:117,0
DA:122,0
DA:123,0
DA:125,0
DA:126,0
DA:130,1
DA:131,0
DA:132,0
DA:133,0
DA:134,0
DA:177,0
DA:180,0
DA:181,0
DA:185,1
DA:186,0
DA:187,0
DA:188,0
DA:190,0
DA:194,1
DA:195,0
DA:196,0
DA:198,0
DA:199,0
DA:202,0
DA:206,0
DA:210,1
LF:70
LH:10
BRDA:7,0,0,0
BRDA:7,0,1,0
BRDA:66,1,0,0
BRDA:66,1,1,0
BRDA:66,2,0,0
BRDA:66,2,1,0
BRDA:69,3,0,0
BRDA:69,3,1,0
BRDA:69,4,0,0
BRDA:69,4,1,0
BRDA:74,5,0,0
BRDA:74,5,1,0
BRDA:77,6,0,0
BRDA:77,6,1,0
BRDA:93,7,0,0
BRDA:93,7,1,0
BRDA:93,8,0,0
BRDA:93,8,1,0
BRDA:96,9,0,0
BRDA:96,9,1,0
BRDA:96,10,0,0
BRDA:96,10,1,0
BRDA:133,11,0,0
BRDA:133,11,1,0
BRDA:198,12,0,0
BRDA:198,12,1,0
BRDA:198,13,0,0
BRDA:198,13,1,0
BRF:28
BRH:0
end_of_record
TN:
SF:controllers/textMsg/_routes.js
FNF:0
FNH:0
DA:1,1
DA:2,1
DA:3,1
DA:5,1
DA:7,1
DA:8,1
DA:9,1
DA:11,1
LF:8
LH:8
BRF:0
BRH:0
end_of_record
TN:
SF:controllers/textMsg/textMsg.js
FN:6,(anonymous_0)
FN:21,(anonymous_1)
FN:84,(anonymous_2)
FNF:3
FNH:0
FNDA:0,(anonymous_0)
FNDA:0,(anonymous_1)
FNDA:0,(anonymous_2)
DA:1,1
DA:2,1
DA:3,1
DA:6,1
DA:7,0
DA:8,0
DA:9,0
DA:10,0
DA:12,0
DA:13,0
DA:14,0
DA:16,0
DA:17,0
DA:21,1
DA:40,0
DA:41,0
DA:42,0
DA:44,0
DA:45,0
DA:77,0
DA:79,0
DA:80,0
DA:84,1
DA:85,0
DA:86,0
DA:88,0
DA:90,0
DA:121,0
DA:123,0
DA:124,0
DA:128,1
LF:31
LH:7
BRDA:41,0,0,0
BRDA:41,0,1,0
BRDA:88,1,0,0
BRDA:88,1,1,0
BRF:4
BRH:0
end_of_record
TN:
SF:controllers/user/_routes.js
FNF:0
FNH:0
DA:1,1
DA:2,1
DA:3,1
DA:5,1
DA:7,1
DA:8,1
DA:9,1
DA:10,1
DA:11,1
DA:12,1
DA:13,1
DA:14,1
DA:15,1
DA:19,1
LF:14
LH:14
BRF:0
BRH:0
end_of_record
TN:
SF:controllers/user/user.js
FN:41,(anonymous_0)
FN:102,(anonymous_1)
FN:133,(anonymous_2)
FN:147,(anonymous_3)
FN:158,(anonymous_4)
FN:182,(anonymous_5)
FN:189,(anonymous_6)
FN:192,(anonymous_7)
FN:193,(anonymous_8)
FN:200,(anonymous_9)
FN:203,(anonymous_10)
FN:210,(anonymous_11)
FN:262,(anonymous_12)
FN:295,(anonymous_13)
FNF:14
FNH:4
FNDA:2,(anonymous_0)
FNDA:4,(anonymous_1)
FNDA:0,(anonymous_2)
FNDA:1,(anonymous_3)
FNDA:0,(anonymous_4)
FNDA:0,(anonymous_5)
FNDA:0,(anonymous_6)
FNDA:0,(anonymous_7)
FNDA:0,(anonymous_8)
FNDA:0,(anonymous_9)
FNDA:0,(anonymous_10)
FNDA:0,(anonymous_11)
FNDA:30,(anonymous_12)
FNDA:0,(anonymous_13)
DA:1,1
DA:2,1
DA:3,1
DA:4,1
DA:5,1
DA:6,1
DA:7,1
DA:8,1
DA:9,1
DA:41,1
DA:42,2
DA:44,2
DA:45,0
DA:49,2
DA:50,2
DA:52,2
DA:53,0
DA:56,2
DA:59,2
DA:61,2
DA:62,0
DA:65,2
DA:67,0
DA:68,0
DA:102,1
DA:103,4
DA:105,4
DA:106,0
DA:110,4
DA:111,4
DA:113,4
DA:114,0
DA:117,4
DA:120,4
DA:122,4
DA:123,1
DA:126,3
DA:128,0
DA:129,0
DA:133,1
DA:134,0
DA:135,0
DA:137,0
DA:141,0
DA:143,0
DA:147,1
DA:148,1
DA:149,1
DA:150,1
DA:151,1
DA:153,0
DA:154,0
DA:158,1
DA:159,0
DA:160,0
DA:163,0
DA:164,0
DA:165,0
DA:167,0
DA:168,0
DA:170,0
DA:172,0
DA:173,0
DA:175,0
DA:178,0
DA:182,1
DA:183,0
DA:184,0
DA:185,0
DA:188,0
DA:189,0
DA:192,0
DA:193,0
DA:195,0
DA:196,0
DA:200,0
DA:201,0
DA:203,0
DA:204,0
DA:206,0
DA:210,1
DA:211,0
DA:212,0
DA:214,0
DA:218,0
DA:219,0
DA:222,0
DA:224,0
DA:225,0
DA:262,1
DA:263,30
DA:265,30
DA:266,0
DA:270,30
DA:271,30
DA:273,30
DA:274,0
DA:277,30
DA:280,30
DA:282,30
DA:283,2
DA:286,28
DA:290,0
DA:291,0
DA:295,1
DA:296,0
DA:297,0
DA:299,0
DA:301,0
DA:304,0
DA:305,0
DA:309,1
LF:112
LH:52
BRDA:44,0,0,0
BRDA:44,0,1,2
BRDA:52,1,0,0
BRDA:52,1,1,2
BRDA:61,2,0,0
BRDA:61,2,1,2
BRDA:105,3,0,0
BRDA:105,3,1,4
BRDA:113,4,0,0
BRDA:113,4,1,4
BRDA:122,5,0,1
BRDA:122,5,1,3
BRDA:150,6,0,0
BRDA:150,6,1,1
BRDA:164,7,0,0
BRDA:164,7,1,0
BRDA:167,8,0,0
BRDA:167,8,1,0
BRDA:170,9,0,0
BRDA:170,9,1,0
BRDA:195,10,0,0
BRDA:195,10,1,0
BRDA:218,11,0,0
BRDA:218,11,1,0
BRDA:265,12,0,0
BRDA:265,12,1,30
BRDA:273,13,0,0
BRDA:273,13,1,30
BRDA:282,14,0,2
BRDA:282,14,1,28
BRF:30
BRH:12
end_of_record
TN:
SF:controllers/validation/_routes.js
FNF:0
FNH:0
DA:1,1
DA:2,1
DA:3,1
DA:5,1
DA:7,1
DA:8,1
DA:9,1
DA:10,1
DA:11,1
DA:12,1
DA:14,1
LF:11
LH:11
BRF:0
BRH:0
end_of_record
TN:
SF:controllers/validation/validation.js
FN:3,(anonymous_0)
FN:15,(anonymous_1)
FN:38,(anonymous_2)
FN:50,(anonymous_3)
FN:66,(anonymous_4)
FN:88,(anonymous_5)
FNF:6
FNH:0
FNDA:0,(anonymous_0)
FNDA:0,(anonymous_1)
FNDA:0,(anonymous_2)
FNDA:0,(anonymous_3)
FNDA:0,(anonymous_4)
FNDA:0,(anonymous_5)
DA:1,1
DA:3,1
DA:4,0
DA:5,0
DA:6,0
DA:7,0
DA:8,0
DA:10,0
DA:11,0
DA:15,1
DA:16,0
DA:17,0
DA:18,0
DA:21,0
DA:22,0
DA:23,0
DA:26,0
DA:28,0
DA:29,0
DA:30,0
DA:33,0
DA:34,0
DA:38,1
DA:39,0
DA:40,0
DA:41,0
DA:42,0
DA:45,0
DA:46,0
DA:50,1
DA:51,0
DA:52,0
DA:54,0
DA:55,0
DA:57,0
DA:61,0
DA:62,0
DA:66,1
DA:67,0
DA:68,0
DA:69,0
DA:76,0
DA:77,0
DA:79,0
DA:83,0
DA:84,0
DA:88,1
DA:89,0
DA:90,0
DA:91,0
DA:92,0
DA:99,0
DA:100,0
DA:102,0
DA:106,0
DA:107,0
DA:111,1
LF:57
LH:8
BRDA:17,0,0,0
BRDA:17,0,1,0
BRDA:22,1,0,0
BRDA:22,1,1,0
BRDA:41,2,0,0
BRDA:41,2,1,0
BRDA:54,3,0,0
BRDA:54,3,1,0
BRDA:76,4,0,0
BRDA:76,4,1,0
BRDA:99,5,0,0
BRDA:99,5,1,0
BRF:12
BRH:0
end_of_record
TN:
SF:db/config.js
FN:13,(anonymous_0)
FN:19,(anonymous_1)
FN:43,(anonymous_2)
FN:63,(anonymous_3)
FN:65,(anonymous_4)
FN:68,(anonymous_5)
FNF:6
FNH:5
FNDA:2,(anonymous_0)
FNDA:2,(anonymous_1)
FNDA:1,(anonymous_2)
FNDA:3,(anonymous_3)
FNDA:3,(anonymous_4)
FNDA:0,(anonymous_5)
DA:1,1
DA:2,1
DA:3,1
DA:4,1
DA:5,1
DA:6,1
DA:7,1
DA:8,1
DA:9,1
DA:10,1
DA:11,1
DA:13,1
DA:14,2
DA:15,2
DA:16,2
DA:18,2
DA:19,2
DA:20,2
DA:21,3
DA:24,3
DA:26,0
DA:27,0
DA:28,0
DA:31,0
DA:33,0
DA:34,0
DA:39,2
DA:43,1
DA:44,1
DA:45,1
DA:49,1
DA:50,1
DA:59,1
DA:62,1
DA:64,3
DA:72,1
DA:73,1
DA:74,1
DA:76,1
DA:78,1
DA:79,1
DA:80,1
DA:81,1
DA:82,1
DA:83,1
DA:84,1
DA:86,1
DA:88,1
DA:90,1
DA:91,1
DA:92,0
DA:93,0
DA:94,0
DA:95,0
DA:96,0
DA:97,0
DA:100,1
DA:102,0
DA:105,1
LF:59
LH:46
BRDA:24,0,0,0
BRDA:24,0,1,3
BRDA:79,1,0,1
BRDA:79,1,1,0
BRDA:92,2,0,0
BRDA:92,2,1,0
BRDA:95,3,0,0
BRDA:95,3,1,0
BRF:8
BRH:2
end_of_record
TN:
SF:db/contactFields.js
FNF:0
FNH:0
DA:1,1
DA:119,1
LF:2
LH:2
BRF:0
BRH:0
end_of_record
TN:
SF:db/leadFields.js
FNF:0
FNH:0
DA:1,1
DA:85,1
LF:2
LH:2
BRF:0
BRH:0
end_of_record
TN:
SF:db/propertiesFields.js
FNF:0
FNH:0
DA:1,1
DA:22,1
LF:2
LH:2
BRF:0
BRH:0
end_of_record
TN:
SF:middlewares/auth.js
FN:4,(anonymous_0)
FNF:1
FNH:1
FNDA:25,(anonymous_0)
DA:1,1
DA:2,1
DA:4,1
DA:5,25
DA:7,25
DA:8,1
DA:11,24
DA:13,24
DA:15,24
DA:16,24
DA:17,24
DA:19,0
DA:20,0
DA:24,1
LF:14
LH:12
BRDA:7,0,0,1
BRDA:7,0,1,24
BRDA:13,1,0,24
BRDA:13,1,1,0
BRF:4
BRH:3
end_of_record
TN:
SF:middlewares/mail.js
FN:4,(anonymous_0)
FNF:1
FNH:0
FNDA:0,(anonymous_0)
DA:1,1
DA:4,1
DA:5,0
DA:6,0
DA:7,0
DA:16,0
DA:24,0
DA:25,0
DA:26,0
DA:29,0
DA:30,0
DA:35,1
LF:12
LH:3
BRDA:6,0,0,0
BRDA:6,0,1,0
BRDA:6,1,0,0
BRDA:6,1,1,0
BRDA:6,1,2,0
BRF:5
BRH:0
end_of_record
TN:
SF:model/schema/account.js
FNF:0
FNH:0
DA:1,1
DA:3,1
DA:73,1
LF:3
LH:3
BRF:0
BRH:0
end_of_record
TN:
SF:model/schema/contact.js
FN:3,(anonymous_0)
FN:78,(anonymous_1)
FN:80,(anonymous_2)
FNF:3
FNH:3
FNDA:3,(anonymous_0)
FNDA:3,(anonymous_1)
FNDA:10,(anonymous_2)
DA:1,1
DA:3,1
DA:4,3
DA:5,3
DA:8,1
DA:78,1
DA:79,3
DA:80,3
DA:81,10
DA:85,1
DA:86,1
LF:11
LH:11
BRF:0
BRH:0
end_of_record
TN:
SF:model/schema/customField.js
FN:3,(anonymous_0)
FN:5,(anonymous_1)
FNF:2
FNH:0
FNDA:0,(anonymous_0)
FNDA:0,(anonymous_1)
DA:1,1
DA:3,1
DA:4,0
DA:5,0
DA:6,0
DA:9,1
DA:34,1
DA:43,1
DA:97,1
DA:103,1
DA:131,1
LF:11
LH:8
BRF:0
BRH:0
end_of_record
TN:
SF:model/schema/document.js
FNF:0
FNH:0
DA:1,1
DA:4,1
DA:33,1
DA:49,1
LF:4
LH:4
BRF:0
BRH:0
end_of_record
TN:
SF:model/schema/email.js
FNF:0
FNH:0
DA:1,1
DA:3,1
DA:39,1
LF:3
LH:3
BRF:0
BRH:0
end_of_record
TN:
SF:model/schema/emailTemplate.js
FNF:0
FNH:0
DA:1,1
DA:3,1
DA:22,1
LF:3
LH:3
BRF:0
BRH:0
end_of_record
TN:
SF:model/schema/imagesSchema.js
FNF:0
FNH:0
DA:1,1
DA:3,1
DA:30,1
LF:3
LH:3
BRF:0
BRH:0
end_of_record
TN:
SF:model/schema/invoices.js
FNF:0
FNH:0
DA:1,1
DA:3,1
DA:85,1
LF:3
LH:3
BRF:0
BRH:0
end_of_record
TN:
SF:model/schema/lead.js
FN:3,(anonymous_0)
FN:60,(anonymous_1)
FN:62,(anonymous_2)
FNF:3
FNH:3
FNDA:3,(anonymous_0)
FNDA:3,(anonymous_1)
FNDA:12,(anonymous_2)
DA:1,1
DA:3,1
DA:4,3
DA:5,3
DA:8,1
DA:60,1
DA:61,3
DA:62,3
DA:63,12
DA:67,1
DA:68,1
LF:11
LH:11
BRF:0
BRH:0
end_of_record
TN:
SF:model/schema/meeting.js
FNF:0
FNH:0
DA:1,1
DA:3,1
DA:35,1
LF:3
LH:3
BRF:0
BRH:0
end_of_record
TN:
SF:model/schema/moduleActiveDeactive.js
FNF:0
FNH:0
DA:1,1
DA:3,1
DA:18,1
LF:3
LH:3
BRF:0
BRH:0
end_of_record
TN:
SF:model/schema/opprtunity.js
FNF:0
FNH:0
DA:1,1
DA:3,1
DA:46,1
LF:3
LH:3
BRF:0
BRH:0
end_of_record
TN:
SF:model/schema/phoneCall.js
FNF:0
FNH:0
DA:1,1
DA:3,1
DA:36,1
LF:3
LH:3
BRF:0
BRH:0
end_of_record
TN:
SF:model/schema/property.js
FN:3,(anonymous_0)
FN:70,(anonymous_1)
FN:72,(anonymous_2)
FNF:3
FNH:3
FNDA:2,(anonymous_0)
FNDA:2,(anonymous_1)
FNDA:5,(anonymous_2)
DA:1,1
DA:3,1
DA:4,2
DA:5,2
DA:8,1
DA:70,1
DA:71,2
DA:72,2
DA:73,5
DA:77,1
DA:78,1
LF:11
LH:11
BRF:0
BRH:0
end_of_record
TN:
SF:model/schema/quotes.js
FNF:0
FNH:0
DA:1,1
DA:3,1
DA:82,1
LF:3
LH:3
BRF:0
BRH:0
end_of_record
TN:
SF:model/schema/roleAccess.js
FNF:0
FNH:0
DA:1,1
DA:3,1
DA:26,1
DA:46,1
LF:4
LH:4
BRF:0
BRH:0
end_of_record
TN:
SF:model/schema/task.js
FNF:0
FNH:0
DA:2,1
DA:4,1
DA:48,1
LF:3
LH:3
BRF:0
BRH:0
end_of_record
TN:
SF:model/schema/textMsg.js
FNF:0
FNH:0
DA:1,1
DA:3,1
DA:22,1
LF:3
LH:3
BRF:0
BRH:0
end_of_record
TN:
SF:model/schema/user.js
FNF:0
FNH:0
DA:1,1
DA:4,1
DA:39,1
LF:3
LH:3
BRF:0
BRH:0
end_of_record
TN:
SF:model/schema/validation.js
FNF:0
FNH:0
DA:1,1
DA:3,1
DA:27,1
DA:48,1
LF:4
LH:4
BRF:0
BRH:0
end_of_record
TN:
SF:repository/MeetingRepository.js
FN:14,(anonymous_0)
FN:33,(anonymous_1)
FN:50,(anonymous_2)
FN:68,(anonymous_3)
FN:89,(anonymous_4)
FN:110,(anonymous_5)
FNF:6
FNH:6
FNDA:1,(anonymous_0)
FNDA:10,(anonymous_1)
FNDA:7,(anonymous_2)
FNDA:2,(anonymous_3)
FNDA:2,(anonymous_4)
FNDA:1,(anonymous_5)
DA:1,1
DA:15,1
DA:17,1
DA:18,1
DA:21,1
DA:34,10
DA:36,10
DA:37,3
DA:40,10
DA:51,7
DA:57,7
DA:69,2
DA:71,2
DA:72,2
DA:75,2
DA:90,2
DA:92,2
DA:93,2
DA:96,2
DA:111,1
DA:113,1
DA:114,1
DA:117,1
DA:124,1
LF:24
LH:24
BRDA:17,0,0,1
BRDA:17,0,1,0
BRDA:36,1,0,3
BRDA:36,1,1,7
BRDA:71,2,0,2
BRDA:71,2,1,0
BRDA:92,3,0,2
BRDA:92,3,1,0
BRDA:113,4,0,1
BRDA:113,4,1,0
BRF:10
BRH:6
end_of_record
TN:
SF:repository/UserRepository.js
FN:13,(anonymous_0)
FN:26,(anonymous_1)
FN:42,(anonymous_2)
FN:60,(anonymous_3)
FN:78,(anonymous_4)
FN:99,(anonymous_5)
FN:119,(anonymous_6)
FN:135,(anonymous_7)
FNF:8
FNH:1
FNDA:30,(anonymous_0)
FNDA:0,(anonymous_1)
FNDA:0,(anonymous_2)
FNDA:0,(anonymous_3)
FNDA:0,(anonymous_4)
FNDA:0,(anonymous_5)
FNDA:0,(anonymous_6)
FNDA:0,(anonymous_7)
DA:1,1
DA:14,30
DA:27,0
DA:29,0
DA:30,0
DA:33,0
DA:43,0
DA:45,0
DA:46,0
DA:49,0
DA:61,0
DA:67,0
DA:79,0
DA:81,0
DA:82,0
DA:85,0
DA:100,0
DA:102,0
DA:103,0
DA:106,0
DA:120,0
DA:122,0
DA:123,0
DA:126,0
DA:127,0
DA:136,0
DA:140,1
LF:27
LH:3
BRDA:29,0,0,0
BRDA:29,0,1,0
BRDA:45,1,0,0
BRDA:45,1,1,0
BRDA:81,2,0,0
BRDA:81,2,1,0
BRDA:102,3,0,0
BRDA:102,3,1,0
BRDA:119,4,0,0
BRDA:122,5,0,0
BRDA:122,5,1,0
BRF:11
BRH:0
end_of_record
TN:
SF:services/AuthService.js
FN:7,(anonymous_0)
FN:16,(anonymous_1)
FN:41,(anonymous_2)
FN:60,(anonymous_3)
FNF:4
FNH:4
FNDA:1,(anonymous_0)
FNDA:30,(anonymous_1)
FNDA:28,(anonymous_2)
FNDA:30,(anonymous_3)
DA:1,1
DA:2,1
DA:3,1
DA:4,1
DA:8,1
DA:17,30
DA:18,30
DA:20,30
DA:21,1
DA:24,29
DA:25,29
DA:26,1
DA:29,28
DA:31,0
DA:32,0
DA:42,28
DA:43,28
DA:49,0
DA:50,0
DA:61,30
DA:62,30
DA:64,30
DA:65,2
DA:68,28
DA:70,28
DA:76,0
DA:77,0
DA:82,1
LF:28
LH:22
BRDA:20,0,0,1
BRDA:20,0,1,29
BRDA:25,1,0,1
BRDA:25,1,1,28
BRDA:64,2,0,2
BRDA:64,2,1,28
BRF:6
BRH:6
end_of_record
TN:
SF:services/AuthValidationService.js
FN:5,(anonymous_0)
FN:10,(anonymous_1)
FN:15,(anonymous_2)
FN:20,(anonymous_3)
FN:26,(anonymous_4)
FN:32,(anonymous_5)
FN:38,(anonymous_6)
FN:44,(anonymous_7)
FN:50,(anonymous_8)
FN:56,(anonymous_9)
FN:61,(anonymous_10)
FN:66,(anonymous_11)
FNF:12
FNH:5
FNDA:30,(anonymous_0)
FNDA:4,(anonymous_1)
FNDA:2,(anonymous_2)
FNDA:0,(anonymous_3)
FNDA:0,(anonymous_4)
FNDA:0,(anonymous_5)
FNDA:0,(anonymous_6)
FNDA:0,(anonymous_7)
FNDA:0,(anonymous_8)
FNDA:0,(anonymous_9)
FNDA:36,(anonymous_10)
FNDA:36,(anonymous_11)
DA:1,1
DA:6,30
DA:11,4
DA:16,2
DA:21,0
DA:22,0
DA:27,0
DA:28,0
DA:33,0
DA:34,0
DA:39,0
DA:40,0
DA:45,0
DA:46,0
DA:51,0
DA:52,0
DA:57,0
DA:62,36
DA:67,36
DA:71,1
LF:20
LH:7
BRF:0
BRH:0
end_of_record
TN:
SF:services/DynamicValidationService.js
FN:6,(anonymous_0)
FN:12,(anonymous_1)
FN:47,(anonymous_2)
FN:50,(anonymous_3)
FN:137,(anonymous_4)
FN:179,(anonymous_5)
FN:196,(anonymous_6)
FN:206,(anonymous_7)
FN:221,(anonymous_8)
FN:237,(anonymous_9)
FN:242,(anonymous_10)
FNF:11
FNH:9
FNDA:1,(anonymous_0)
FNDA:48,(anonymous_1)
FNDA:5,(anonymous_2)
FNDA:33,(anonymous_3)
FNDA:33,(anonymous_4)
FNDA:48,(anonymous_5)
FNDA:197,(anonymous_6)
FNDA:4,(anonymous_7)
FNDA:48,(anonymous_8)
FNDA:0,(anonymous_9)
FNDA:0,(anonymous_10)
DA:1,1
DA:2,1
DA:7,1
DA:8,1
DA:13,48
DA:15,48
DA:16,48
DA:17,43
DA:21,5
DA:26,5
DA:27,0
DA:31,5
DA:34,5
DA:39,5
DA:41,0
DA:42,0
DA:48,5
DA:50,5
DA:51,33
DA:53,33
DA:56,33
DA:57,13
DA:62,20
DA:64,3
DA:67,17
DA:71,33
DA:72,11
DA:75,9
DA:76,9
DA:77,4
DA:78,5
DA:79,0
DA:80,5
DA:81,1
DA:83,9
DA:88,2
DA:95,33
DA:96,2
DA:99,1
DA:100,1
DA:101,0
DA:103,1
DA:108,1
DA:115,33
DA:116,1
DA:118,0
DA:123,1
DA:130,33
DA:133,5
DA:138,33
DA:141,3
DA:145,3
DA:148,4
DA:150,2
DA:152,0
DA:156,1
DA:161,2
DA:163,0
DA:166,4
DA:172,6
DA:174,8
DA:180,48
DA:181,48
DA:182,48
DA:183,48
DA:185,0
DA:186,0
DA:197,197
DA:198,0
DA:201,197
DA:202,145
DA:205,52
DA:206,4
DA:209,49
DA:210,49
DA:211,49
DA:212,144
DA:214,49
DA:217,0
DA:222,48
DA:223,0
DA:225,48
DA:226,48
DA:227,48
DA:229,0
DA:238,0
DA:243,0
DA:247,1
LF:88
LH:72
BRDA:16,0,0,43
BRDA:16,0,1,5
BRDA:16,1,0,48
BRDA:16,1,1,43
BRDA:26,2,0,0
BRDA:26,2,1,5
BRDA:56,3,0,13
BRDA:56,3,1,20
BRDA:58,4,0,13
BRDA:58,4,1,0
BRDA:62,5,0,3
BRDA:62,5,1,17
BRDA:62,6,0,20
BRDA:62,6,1,20
BRDA:62,6,2,20
BRDA:71,7,0,11
BRDA:71,7,1,22
BRDA:71,8,0,33
BRDA:71,8,1,33
BRDA:71,8,2,33
BRDA:72,9,0,9
BRDA:72,9,1,2
BRDA:76,10,0,4
BRDA:76,10,1,5
BRDA:76,11,0,9
BRDA:76,11,1,7
BRDA:78,12,0,0
BRDA:78,12,1,5
BRDA:80,13,0,1
BRDA:80,13,1,4
BRDA:84,14,0,9
BRDA:84,14,1,0
BRDA:85,15,0,9
BRDA:85,15,1,0
BRDA:89,16,0,2
BRDA:89,16,1,0
BRDA:90,17,0,2
BRDA:90,17,1,0
BRDA:95,18,0,2
BRDA:95,18,1,31
BRDA:95,19,0,33
BRDA:95,19,1,33
BRDA:95,19,2,33
BRDA:96,20,0,1
BRDA:96,20,1,1
BRDA:100,21,0,0
BRDA:100,21,1,1
BRDA:104,22,0,1
BRDA:104,22,1,0
BRDA:105,23,0,1
BRDA:105,23,1,0
BRDA:109,24,0,1
BRDA:109,24,1,0
BRDA:110,25,0,1
BRDA:110,25,1,0
BRDA:115,26,0,1
BRDA:115,26,1,32
BRDA:115,27,0,33
BRDA:115,27,1,33
BRDA:116,28,0,0
BRDA:116,28,1,1
BRDA:119,29,0,0
BRDA:119,29,1,0
BRDA:124,30,0,1
BRDA:124,30,1,0
BRDA:138,31,0,3
BRDA:138,31,1,3
BRDA:138,31,2,3
BRDA:138,31,3,2
BRDA:138,31,4,4
BRDA:138,31,5,2
BRDA:138,31,6,0
BRDA:138,31,7,1
BRDA:138,31,8,0
BRDA:138,31,9,2
BRDA:138,31,10,0
BRDA:138,31,11,2
BRDA:138,31,12,4
BRDA:138,31,13,2
BRDA:138,31,14,4
BRDA:138,31,15,6
BRDA:138,31,16,8
BRDA:197,32,0,0
BRDA:197,32,1,197
BRDA:197,33,0,197
BRDA:197,33,1,197
BRDA:201,34,0,145
BRDA:201,34,1,52
BRDA:205,35,0,3
BRDA:205,35,1,49
BRDA:209,36,0,49
BRDA:209,36,1,0
BRDA:209,37,0,49
BRDA:209,37,1,49
BRDA:221,38,0,48
BRDA:222,39,0,0
BRDA:222,39,1,48
BRDA:222,40,0,48
BRDA:222,40,1,48
BRDA:226,41,0,48
BRDA:226,41,1,0
BRF:101
BRH:78
end_of_record
TN:
SF:services/MeetingService.js
FN:4,(anonymous_0)
FN:13,(anonymous_1)
FN:30,(anonymous_2)
FN:51,(anonymous_3)
FN:73,(anonymous_4)
FN:95,(anonymous_5)
FN:117,(anonymous_6)
FNF:7
FNH:7
FNDA:1,(anonymous_0)
FNDA:1,(anonymous_1)
FNDA:3,(anonymous_2)
FNDA:7,(anonymous_3)
FNDA:2,(anonymous_4)
FNDA:2,(anonymous_5)
FNDA:1,(anonymous_6)
DA:1,1
DA:5,1
DA:14,1
DA:15,1
DA:16,1
DA:18,0
DA:19,0
DA:31,3
DA:32,3
DA:34,3
DA:35,2
DA:38,1
DA:40,0
DA:41,0
DA:52,7
DA:53,7
DA:56,7
DA:58,7
DA:60,0
DA:61,0
DA:74,2
DA:75,2
DA:77,2
DA:78,1
DA:81,1
DA:83,0
DA:84,0
DA:96,2
DA:97,2
DA:99,2
DA:100,1
DA:103,1
DA:105,0
DA:106,0
DA:118,1
DA:119,1
DA:121,1
DA:122,0
DA:125,1
DA:130,0
DA:131,0
DA:136,1
LF:42
LH:29
BRDA:34,0,0,2
BRDA:34,0,1,1
BRDA:77,1,0,1
BRDA:77,1,1,1
BRDA:99,2,0,1
BRDA:99,2,1,1
BRDA:121,3,0,0
BRDA:121,3,1,1
BRF:8
BRH:7
end_of_record
TN:
SF:services/MeetingValidationService.js
FN:9,(anonymous_0)
FN:47,(anonymous_1)
FN:75,(anonymous_2)
FN:106,(anonymous_3)
FN:130,(anonymous_4)
FN:139,(anonymous_5)
FN:167,(anonymous_6)
FNF:7
FNH:7
FNDA:10,(anonymous_0)
FNDA:2,(anonymous_1)
FNDA:6,(anonymous_2)
FNDA:15,(anonymous_3)
FNDA:2,(anonymous_4)
FNDA:5,(anonymous_5)
FNDA:1,(anonymous_6)
DA:1,1
DA:10,10
DA:12,10
DA:15,10
DA:16,0
DA:20,10
DA:23,10
DA:28,10
DA:29,3
DA:35,7
DA:37,0
DA:38,0
DA:48,2
DA:50,2
DA:53,2
DA:54,0
DA:58,2
DA:61,2
DA:62,6
DA:64,3
DA:65,0
DA:74,2
DA:75,2
DA:76,6
DA:77,3
DA:82,2
DA:87,2
DA:88,0
DA:94,2
DA:96,0
DA:97,0
DA:107,15
DA:108,15
DA:109,0
DA:113,15
DA:114,15
DA:115,5
DA:118,10
DA:120,0
DA:121,0
DA:131,2
DA:132,2
DA:133,0
DA:136,2
DA:137,2
DA:139,2
DA:140,5
DA:141,5
DA:142,3
DA:144,2
DA:148,2
DA:149,1
DA:155,1
DA:157,0
DA:158,0
DA:168,1
DA:169,1
DA:172,1
DA:173,0
DA:174,0
DA:175,0
DA:179,1
DA:180,0
DA:181,0
DA:182,0
DA:186,1
DA:188,0
DA:189,0
DA:194,1
LF:69
LH:47
BRDA:15,0,0,0
BRDA:15,0,1,10
BRDA:28,1,0,3
BRDA:28,1,1,7
BRDA:31,2,0,3
BRDA:31,2,1,0
BRDA:53,3,0,0
BRDA:53,3,1,2
BRDA:62,4,0,3
BRDA:62,4,1,3
BRDA:64,5,0,0
BRDA:64,5,1,3
BRDA:76,6,0,3
BRDA:76,6,1,3
BRDA:76,7,0,6
BRDA:76,7,1,3
BRDA:76,7,2,3
BRDA:87,8,0,0
BRDA:87,8,1,2
BRDA:90,9,0,0
BRDA:90,9,1,0
BRDA:108,10,0,0
BRDA:108,10,1,15
BRDA:108,11,0,15
BRDA:108,11,1,15
BRDA:114,12,0,5
BRDA:114,12,1,10
BRDA:132,13,0,0
BRDA:132,13,1,2
BRDA:132,14,0,2
BRDA:132,14,1,2
BRDA:141,15,0,3
BRDA:141,15,1,2
BRDA:148,16,0,1
BRDA:148,16,1,1
BRDA:172,17,0,0
BRDA:172,17,1,1
BRDA:174,18,0,0
BRDA:174,18,1,0
BRDA:174,19,0,0
BRDA:174,19,1,0
BRDA:179,20,0,0
BRDA:179,20,1,1
BRDA:181,21,0,0
BRDA:181,21,1,0
BRDA:181,22,0,0
BRDA:181,22,1,0
BRDA:181,22,2,0
BRF:48
BRH:28
end_of_record
TN:
SF:services/UserService.js
FN:11,(anonymous_0)
FN:48,(anonymous_1)
FN:87,(anonymous_2)
FN:111,(anonymous_3)
FN:135,(anonymous_4)
FN:154,(anonymous_5)
FNF:6
FNH:3
FNDA:4,(anonymous_0)
FNDA:2,(anonymous_1)
FNDA:0,(anonymous_2)
FNDA:1,(anonymous_3)
FNDA:0,(anonymous_4)
FNDA:0,(anonymous_5)
DA:1,1
DA:2,1
DA:3,1
DA:12,4
DA:13,4
DA:16,4
DA:17,4
DA:18,1
DA:22,3
DA:25,3
DA:35,3
DA:36,3
DA:38,0
DA:39,0
DA:49,2
DA:50,2
DA:53,2
DA:54,2
DA:55,0
DA:59,2
DA:62,2
DA:73,2
DA:74,2
DA:76,0
DA:77,0
DA:88,0
DA:89,0
DA:90,0
DA:91,0
DA:94,0
DA:98,0
DA:100,0
DA:101,0
DA:112,1
DA:113,1
DA:114,1
DA:115,1
DA:118,1
DA:122,1
DA:124,0
DA:125,0
DA:136,0
DA:137,0
DA:142,0
DA:144,0
DA:145,0
DA:155,0
DA:156,0
DA:161,0
DA:163,0
DA:164,0
DA:169,1
LF:52
LH:27
BRDA:17,0,0,1
BRDA:17,0,1,3
BRDA:54,1,0,0
BRDA:54,1,1,2
BRDA:87,2,0,0
BRDA:90,3,0,0
BRDA:90,3,1,0
BRDA:111,4,0,1
BRDA:114,5,0,1
BRDA:114,5,1,0
BRF:10
BRH:5
end_of_record
