{"/Users/cihanuluisik/Code/MyCode/ReactNodeTest/Server/config/environment.js": {"path":"/Users/cihanuluisik/Code/MyCode/ReactNodeTest/Server/config/environment.js","statementMap":{"0":{"start":{"line":1,"column":15},"end":{"line":1,"column":32}},"1":{"start":{"line":4,"column":0},"end":{"line":4,"column":16}},"2":{"start":{"line":7,"column":15},"end":{"line":43,"column":1}},"3":{"start":{"line":41,"column":54},"end":{"line":41,"column":66}},"4":{"start":{"line":46,"column":23},"end":{"line":74,"column":1}},"5":{"start":{"line":47,"column":17},"end":{"line":47,"column":19}},"6":{"start":{"line":50,"column":2},"end":{"line":52,"column":3}},"7":{"start":{"line":51,"column":4},"end":{"line":51,"column":68}},"8":{"start":{"line":55,"column":2},"end":{"line":57,"column":3}},"9":{"start":{"line":56,"column":4},"end":{"line":56,"column":38}},"10":{"start":{"line":60,"column":2},"end":{"line":62,"column":3}},"11":{"start":{"line":61,"column":4},"end":{"line":61,"column":58}},"12":{"start":{"line":64,"column":2},"end":{"line":71,"column":3}},"13":{"start":{"line":65,"column":4},"end":{"line":65,"column":54}},"14":{"start":{"line":66,"column":4},"end":{"line":66,"column":57}},"15":{"start":{"line":66,"column":28},"end":{"line":66,"column":55}},"16":{"start":{"line":68,"column":4},"end":{"line":70,"column":5}},"17":{"start":{"line":69,"column":6},"end":{"line":69,"column":57}},"18":{"start":{"line":73,"column":2},"end":{"line":73,"column":14}},"19":{"start":{"line":77,"column":0},"end":{"line":80,"column":2}}},"fnMap":{"0":{"name":"(anonymous_0)","decl":{"start":{"line":41,"column":45},"end":{"line":41,"column":46}},"loc":{"start":{"line":41,"column":54},"end":{"line":41,"column":66}},"line":41},"1":{"name":"(anonymous_1)","decl":{"start":{"line":46,"column":23},"end":{"line":46,"column":24}},"loc":{"start":{"line":46,"column":29},"end":{"line":74,"column":1}},"line":46},"2":{"name":"(anonymous_2)","decl":{"start":{"line":66,"column":19},"end":{"line":66,"column":20}},"loc":{"start":{"line":66,"column":28},"end":{"line":66,"column":55}},"line":66}},"branchMap":{"0":{"loc":{"start":{"line":10,"column":9},"end":{"line":10,"column":73}},"type":"binary-expr","locations":[{"start":{"line":10,"column":9},"end":{"line":10,"column":27}},{"start":{"line":10,"column":31},"end":{"line":10,"column":73}}],"line":10},"1":{"loc":{"start":{"line":11,"column":10},"end":{"line":11,"column":37}},"type":"binary-expr","locations":[{"start":{"line":11,"column":10},"end":{"line":11,"column":24}},{"start":{"line":11,"column":28},"end":{"line":11,"column":37}}],"line":11},"2":{"loc":{"start":{"line":16,"column":12},"end":{"line":16,"column":79}},"type":"binary-expr","locations":[{"start":{"line":16,"column":12},"end":{"line":16,"column":34}},{"start":{"line":16,"column":38},"end":{"line":16,"column":79}}],"line":16},"3":{"loc":{"start":{"line":17,"column":15},"end":{"line":17,"column":49}},"type":"binary-expr","locations":[{"start":{"line":17,"column":15},"end":{"line":17,"column":41}},{"start":{"line":17,"column":45},"end":{"line":17,"column":49}}],"line":17},"4":{"loc":{"start":{"line":22,"column":10},"end":{"line":22,"column":34}},"type":"binary-expr","locations":[{"start":{"line":22,"column":10},"end":{"line":22,"column":26}},{"start":{"line":22,"column":30},"end":{"line":22,"column":34}}],"line":22},"5":{"loc":{"start":{"line":23,"column":13},"end":{"line":23,"column":50}},"type":"binary-expr","locations":[{"start":{"line":23,"column":13},"end":{"line":23,"column":33}},{"start":{"line":23,"column":37},"end":{"line":23,"column":50}}],"line":23},"6":{"loc":{"start":{"line":28,"column":22},"end":{"line":28,"column":68}},"type":"binary-expr","locations":[{"start":{"line":28,"column":22},"end":{"line":28,"column":62}},{"start":{"line":28,"column":66},"end":{"line":28,"column":68}}],"line":28},"7":{"loc":{"start":{"line":29,"column":22},"end":{"line":29,"column":67}},"type":"binary-expr","locations":[{"start":{"line":29,"column":22},"end":{"line":29,"column":62}},{"start":{"line":29,"column":66},"end":{"line":29,"column":67}}],"line":29},"8":{"loc":{"start":{"line":30,"column":25},"end":{"line":30,"column":74}},"type":"binary-expr","locations":[{"start":{"line":30,"column":25},"end":{"line":30,"column":68}},{"start":{"line":30,"column":72},"end":{"line":30,"column":74}}],"line":30},"9":{"loc":{"start":{"line":35,"column":14},"end":{"line":35,"column":49}},"type":"binary-expr","locations":[{"start":{"line":35,"column":14},"end":{"line":35,"column":39}},{"start":{"line":35,"column":43},"end":{"line":35,"column":49}}],"line":35},"10":{"loc":{"start":{"line":36,"column":16},"end":{"line":36,"column":66}},"type":"binary-expr","locations":[{"start":{"line":36,"column":16},"end":{"line":36,"column":39}},{"start":{"line":36,"column":43},"end":{"line":36,"column":66}}],"line":36},"11":{"loc":{"start":{"line":40,"column":16},"end":{"line":42,"column":23}},"type":"cond-expr","locations":[{"start":{"line":41,"column":4},"end":{"line":41,"column":67}},{"start":{"line":42,"column":4},"end":{"line":42,"column":23}}],"line":40},"12":{"loc":{"start":{"line":50,"column":2},"end":{"line":52,"column":3}},"type":"if","locations":[{"start":{"line":50,"column":2},"end":{"line":52,"column":3}},{"start":{},"end":{}}],"line":50},"13":{"loc":{"start":{"line":50,"column":6},"end":{"line":50,"column":91}},"type":"binary-expr","locations":[{"start":{"line":50,"column":6},"end":{"line":50,"column":24}},{"start":{"line":50,"column":28},"end":{"line":50,"column":91}}],"line":50},"14":{"loc":{"start":{"line":55,"column":2},"end":{"line":57,"column":3}},"type":"if","locations":[{"start":{"line":55,"column":2},"end":{"line":57,"column":3}},{"start":{},"end":{}}],"line":55},"15":{"loc":{"start":{"line":60,"column":2},"end":{"line":62,"column":3}},"type":"if","locations":[{"start":{"line":60,"column":2},"end":{"line":62,"column":3}},{"start":{},"end":{}}],"line":60},"16":{"loc":{"start":{"line":64,"column":2},"end":{"line":71,"column":3}},"type":"if","locations":[{"start":{"line":64,"column":2},"end":{"line":71,"column":3}},{"start":{},"end":{}}],"line":64},"17":{"loc":{"start":{"line":68,"column":4},"end":{"line":70,"column":5}},"type":"if","locations":[{"start":{"line":68,"column":4},"end":{"line":70,"column":5}},{"start":{},"end":{}}],"line":68}},"s":{"0":11,"1":11,"2":11,"3":11,"4":11,"5":0,"6":0,"7":0,"8":0,"9":0,"10":0,"11":0,"12":0,"13":0,"14":0,"15":0,"16":0,"17":0,"18":0,"19":11},"f":{"0":11,"1":0,"2":0},"b":{"0":[11,0],"1":[11,0],"2":[11,0],"3":[11,0],"4":[11,0],"5":[11,0],"6":[11,0],"7":[11,0],"8":[11,0],"9":[11,0],"10":[11,0],"11":[11,0],"12":[0,0],"13":[0,0],"14":[0,0],"15":[0,0],"16":[0,0],"17":[0,0]},"_coverageSchema":"1a1c01bbd47fc00a2c39e90264f33305004495a9","hash":"a7fc5f7c254f5a44d4e3355842e15bf3c35dea67"}
,"/Users/cihanuluisik/Code/MyCode/ReactNodeTest/Server/controllers/route.js": {"path":"/Users/cihanuluisik/Code/MyCode/ReactNodeTest/Server/controllers/route.js","statementMap":{"0":{"start":{"line":1,"column":16},"end":{"line":1,"column":34}},"1":{"start":{"line":2,"column":15},"end":{"line":2,"column":31}},"2":{"start":{"line":4,"column":21},"end":{"line":4,"column":49}},"3":{"start":{"line":5,"column":22},"end":{"line":5,"column":51}},"4":{"start":{"line":6,"column":18},"end":{"line":6,"column":43}},"5":{"start":{"line":7,"column":18},"end":{"line":7,"column":43}},"6":{"start":{"line":8,"column":23},"end":{"line":8,"column":53}},"7":{"start":{"line":9,"column":22},"end":{"line":9,"column":51}},"8":{"start":{"line":10,"column":18},"end":{"line":10,"column":43}},"9":{"start":{"line":12,"column":14},"end":{"line":12,"column":40}},"10":{"start":{"line":13,"column":19},"end":{"line":13,"column":52}},"11":{"start":{"line":14,"column":23},"end":{"line":14,"column":53}},"12":{"start":{"line":15,"column":21},"end":{"line":15,"column":49}},"13":{"start":{"line":16,"column":21},"end":{"line":16,"column":49}},"14":{"start":{"line":17,"column":21},"end":{"line":17,"column":49}},"15":{"start":{"line":18,"column":24},"end":{"line":18,"column":55}},"16":{"start":{"line":19,"column":20},"end":{"line":19,"column":47}},"17":{"start":{"line":20,"column":25},"end":{"line":20,"column":57}},"18":{"start":{"line":21,"column":24},"end":{"line":21,"column":55}},"19":{"start":{"line":22,"column":18},"end":{"line":22,"column":43}},"20":{"start":{"line":23,"column":20},"end":{"line":23,"column":47}},"21":{"start":{"line":24,"column":22},"end":{"line":24,"column":51}},"22":{"start":{"line":25,"column":23},"end":{"line":25,"column":57}},"23":{"start":{"line":26,"column":25},"end":{"line":26,"column":59}},"24":{"start":{"line":27,"column":20},"end":{"line":27,"column":47}},"25":{"start":{"line":28,"column":34},"end":{"line":28,"column":75}},"26":{"start":{"line":29,"column":21},"end":{"line":29,"column":49}},"27":{"start":{"line":30,"column":22},"end":{"line":30,"column":51}},"28":{"start":{"line":33,"column":0},"end":{"line":33,"column":37}},"29":{"start":{"line":34,"column":0},"end":{"line":34,"column":38}},"30":{"start":{"line":35,"column":0},"end":{"line":35,"column":30}},"31":{"start":{"line":36,"column":0},"end":{"line":36,"column":31}},"32":{"start":{"line":37,"column":0},"end":{"line":37,"column":39}},"33":{"start":{"line":38,"column":0},"end":{"line":38,"column":41}},"34":{"start":{"line":39,"column":0},"end":{"line":39,"column":31}},"35":{"start":{"line":40,"column":0},"end":{"line":40,"column":37}},"36":{"start":{"line":42,"column":0},"end":{"line":42,"column":33}},"37":{"start":{"line":43,"column":0},"end":{"line":43,"column":41}},"38":{"start":{"line":44,"column":0},"end":{"line":44,"column":38}},"39":{"start":{"line":45,"column":0},"end":{"line":45,"column":37}},"40":{"start":{"line":47,"column":0},"end":{"line":47,"column":35}},"41":{"start":{"line":48,"column":0},"end":{"line":48,"column":44}},"42":{"start":{"line":49,"column":0},"end":{"line":49,"column":28}},"43":{"start":{"line":51,"column":0},"end":{"line":51,"column":50}},"44":{"start":{"line":52,"column":0},"end":{"line":52,"column":46}},"45":{"start":{"line":53,"column":0},"end":{"line":53,"column":43}},"46":{"start":{"line":54,"column":0},"end":{"line":54,"column":31}},"47":{"start":{"line":55,"column":0},"end":{"line":55,"column":35}},"48":{"start":{"line":56,"column":0},"end":{"line":56,"column":39}},"49":{"start":{"line":58,"column":0},"end":{"line":58,"column":42}},"50":{"start":{"line":59,"column":0},"end":{"line":59,"column":45}},"51":{"start":{"line":60,"column":0},"end":{"line":60,"column":35}},"52":{"start":{"line":61,"column":0},"end":{"line":61,"column":39}},"53":{"start":{"line":62,"column":0},"end":{"line":62,"column":37}},"54":{"start":{"line":64,"column":0},"end":{"line":64,"column":24}}},"fnMap":{},"branchMap":{},"s":{"0":11,"1":11,"2":11,"3":11,"4":11,"5":11,"6":11,"7":11,"8":11,"9":11,"10":11,"11":11,"12":11,"13":11,"14":11,"15":11,"16":11,"17":11,"18":11,"19":11,"20":11,"21":11,"22":11,"23":11,"24":11,"25":11,"26":11,"27":11,"28":11,"29":11,"30":11,"31":11,"32":11,"33":11,"34":11,"35":11,"36":11,"37":11,"38":11,"39":11,"40":11,"41":11,"42":11,"43":11,"44":11,"45":11,"46":11,"47":11,"48":11,"49":11,"50":11,"51":11,"52":11,"53":11,"54":11},"f":{},"b":{},"_coverageSchema":"1a1c01bbd47fc00a2c39e90264f33305004495a9","hash":"c6ddeba1119a4ca5abc1358f407c58b6297c535b"}
,"/Users/cihanuluisik/Code/MyCode/ReactNodeTest/Server/controllers/account/_routes.js": {"path":"/Users/cihanuluisik/Code/MyCode/ReactNodeTest/Server/controllers/account/_routes.js","statementMap":{"0":{"start":{"line":1,"column":16},"end":{"line":1,"column":34}},"1":{"start":{"line":2,"column":13},"end":{"line":2,"column":46}},"2":{"start":{"line":3,"column":16},"end":{"line":3,"column":36}},"3":{"start":{"line":5,"column":15},"end":{"line":5,"column":31}},"4":{"start":{"line":7,"column":0},"end":{"line":7,"column":36}},"5":{"start":{"line":8,"column":0},"end":{"line":8,"column":43}},"6":{"start":{"line":9,"column":0},"end":{"line":9,"column":38}},"7":{"start":{"line":10,"column":0},"end":{"line":10,"column":46}},"8":{"start":{"line":11,"column":0},"end":{"line":11,"column":43}},"9":{"start":{"line":12,"column":0},"end":{"line":12,"column":54}},"10":{"start":{"line":13,"column":0},"end":{"line":13,"column":52}},"11":{"start":{"line":15,"column":0},"end":{"line":15,"column":23}}},"fnMap":{},"branchMap":{},"s":{"0":11,"1":11,"2":11,"3":11,"4":11,"5":11,"6":11,"7":11,"8":11,"9":11,"10":11,"11":11},"f":{},"b":{},"_coverageSchema":"1a1c01bbd47fc00a2c39e90264f33305004495a9","hash":"0946fbc3867260ff7c07bd031edf331adfa1f434"}
,"/Users/cihanuluisik/Code/MyCode/ReactNodeTest/Server/controllers/account/account.js": {"path":"/Users/cihanuluisik/Code/MyCode/ReactNodeTest/Server/controllers/account/account.js","statementMap":{"0":{"start":{"line":1,"column":16},"end":{"line":1,"column":53}},"1":{"start":{"line":2,"column":17},"end":{"line":2,"column":36}},"2":{"start":{"line":3,"column":13},"end":{"line":3,"column":47}},"3":{"start":{"line":5,"column":12},"end":{"line":14,"column":1}},"4":{"start":{"line":6,"column":4},"end":{"line":13,"column":5}},"5":{"start":{"line":7,"column":23},"end":{"line":7,"column":44}},"6":{"start":{"line":8,"column":8},"end":{"line":8,"column":28}},"7":{"start":{"line":9,"column":8},"end":{"line":9,"column":37}},"8":{"start":{"line":11,"column":8},"end":{"line":11,"column":49}},"9":{"start":{"line":12,"column":8},"end":{"line":12,"column":65}},"10":{"start":{"line":15,"column":16},"end":{"line":25,"column":1}},"11":{"start":{"line":16,"column":4},"end":{"line":24,"column":5}},"12":{"start":{"line":17,"column":21},"end":{"line":17,"column":29}},"13":{"start":{"line":18,"column":32},"end":{"line":18,"column":62}},"14":{"start":{"line":20,"column":8},"end":{"line":20,"column":46}},"15":{"start":{"line":22,"column":8},"end":{"line":22,"column":57}},"16":{"start":{"line":23,"column":8},"end":{"line":23,"column":68}},"17":{"start":{"line":26,"column":14},"end":{"line":113,"column":1}},"18":{"start":{"line":27,"column":4},"end":{"line":112,"column":5}},"19":{"start":{"line":28,"column":22},"end":{"line":28,"column":31}},"20":{"start":{"line":29,"column":8},"end":{"line":29,"column":30}},"21":{"start":{"line":31,"column":21},"end":{"line":31,"column":57}},"22":{"start":{"line":32,"column":8},"end":{"line":35,"column":9}},"23":{"start":{"line":33,"column":12},"end":{"line":33,"column":33}},"24":{"start":{"line":34,"column":12},"end":{"line":34,"column":147}},"25":{"start":{"line":37,"column":23},"end":{"line":106,"column":10}},"26":{"start":{"line":108,"column":8},"end":{"line":108,"column":37}},"27":{"start":{"line":110,"column":8},"end":{"line":110,"column":39}},"28":{"start":{"line":111,"column":8},"end":{"line":111,"column":56}},"29":{"start":{"line":115,"column":13},"end":{"line":197,"column":1}},"30":{"start":{"line":116,"column":4},"end":{"line":196,"column":5}},"31":{"start":{"line":117,"column":21},"end":{"line":117,"column":66}},"32":{"start":{"line":118,"column":8},"end":{"line":118,"column":79}},"33":{"start":{"line":118,"column":21},"end":{"line":118,"column":79}},"34":{"start":{"line":120,"column":23},"end":{"line":190,"column":10}},"35":{"start":{"line":192,"column":8},"end":{"line":192,"column":41}},"36":{"start":{"line":194,"column":8},"end":{"line":194,"column":39}},"37":{"start":{"line":195,"column":8},"end":{"line":195,"column":56}},"38":{"start":{"line":199,"column":13},"end":{"line":213,"column":1}},"39":{"start":{"line":200,"column":4},"end":{"line":212,"column":5}},"40":{"start":{"line":202,"column":21},"end":{"line":206,"column":9}},"41":{"start":{"line":208,"column":8},"end":{"line":208,"column":37}},"42":{"start":{"line":210,"column":8},"end":{"line":210,"column":56}},"43":{"start":{"line":211,"column":8},"end":{"line":211,"column":76}},"44":{"start":{"line":214,"column":19},"end":{"line":221,"column":1}},"45":{"start":{"line":215,"column":4},"end":{"line":220,"column":5}},"46":{"start":{"line":216,"column":23},"end":{"line":216,"column":88}},"47":{"start":{"line":217,"column":8},"end":{"line":217,"column":65}},"48":{"start":{"line":219,"column":8},"end":{"line":219,"column":55}},"49":{"start":{"line":223,"column":19},"end":{"line":230,"column":1}},"50":{"start":{"line":224,"column":4},"end":{"line":229,"column":5}},"51":{"start":{"line":225,"column":23},"end":{"line":225,"column":104}},"52":{"start":{"line":226,"column":8},"end":{"line":226,"column":57}},"53":{"start":{"line":228,"column":8},"end":{"line":228,"column":55}},"54":{"start":{"line":232,"column":0},"end":{"line":232,"column":76}}},"fnMap":{"0":{"name":"(anonymous_0)","decl":{"start":{"line":5,"column":12},"end":{"line":5,"column":13}},"loc":{"start":{"line":5,"column":32},"end":{"line":14,"column":1}},"line":5},"1":{"name":"(anonymous_1)","decl":{"start":{"line":15,"column":16},"end":{"line":15,"column":17}},"loc":{"start":{"line":15,"column":36},"end":{"line":25,"column":1}},"line":15},"2":{"name":"(anonymous_2)","decl":{"start":{"line":26,"column":14},"end":{"line":26,"column":15}},"loc":{"start":{"line":26,"column":34},"end":{"line":113,"column":1}},"line":26},"3":{"name":"(anonymous_3)","decl":{"start":{"line":115,"column":13},"end":{"line":115,"column":14}},"loc":{"start":{"line":115,"column":33},"end":{"line":197,"column":1}},"line":115},"4":{"name":"(anonymous_4)","decl":{"start":{"line":199,"column":13},"end":{"line":199,"column":14}},"loc":{"start":{"line":199,"column":33},"end":{"line":213,"column":1}},"line":199},"5":{"name":"(anonymous_5)","decl":{"start":{"line":214,"column":19},"end":{"line":214,"column":20}},"loc":{"start":{"line":214,"column":39},"end":{"line":221,"column":1}},"line":214},"6":{"name":"(anonymous_6)","decl":{"start":{"line":223,"column":19},"end":{"line":223,"column":20}},"loc":{"start":{"line":223,"column":39},"end":{"line":230,"column":1}},"line":223}},"branchMap":{"0":{"loc":{"start":{"line":32,"column":8},"end":{"line":35,"column":9}},"type":"if","locations":[{"start":{"line":32,"column":8},"end":{"line":35,"column":9}},{"start":{},"end":{}}],"line":32},"1":{"loc":{"start":{"line":118,"column":8},"end":{"line":118,"column":79}},"type":"if","locations":[{"start":{"line":118,"column":8},"end":{"line":118,"column":79}},{"start":{},"end":{}}],"line":118}},"s":{"0":11,"1":11,"2":11,"3":11,"4":0,"5":0,"6":0,"7":0,"8":0,"9":0,"10":11,"11":0,"12":0,"13":0,"14":0,"15":0,"16":0,"17":11,"18":0,"19":0,"20":0,"21":0,"22":0,"23":0,"24":0,"25":0,"26":0,"27":0,"28":0,"29":11,"30":0,"31":0,"32":0,"33":0,"34":0,"35":0,"36":0,"37":0,"38":11,"39":0,"40":0,"41":0,"42":0,"43":0,"44":11,"45":0,"46":0,"47":0,"48":0,"49":11,"50":0,"51":0,"52":0,"53":0,"54":11},"f":{"0":0,"1":0,"2":0,"3":0,"4":0,"5":0,"6":0},"b":{"0":[0,0],"1":[0,0]},"_coverageSchema":"1a1c01bbd47fc00a2c39e90264f33305004495a9","hash":"75159f943de0e14e32312af380815a732eb1e0f1"}
,"/Users/cihanuluisik/Code/MyCode/ReactNodeTest/Server/controllers/calendar/_routes.js": {"path":"/Users/cihanuluisik/Code/MyCode/ReactNodeTest/Server/controllers/calendar/_routes.js","statementMap":{"0":{"start":{"line":1,"column":16},"end":{"line":1,"column":34}},"1":{"start":{"line":2,"column":17},"end":{"line":2,"column":38}},"2":{"start":{"line":3,"column":13},"end":{"line":3,"column":46}},"3":{"start":{"line":5,"column":15},"end":{"line":5,"column":31}},"4":{"start":{"line":7,"column":0},"end":{"line":7,"column":37}},"5":{"start":{"line":10,"column":0},"end":{"line":10,"column":23}}},"fnMap":{},"branchMap":{},"s":{"0":11,"1":11,"2":11,"3":11,"4":11,"5":11},"f":{},"b":{},"_coverageSchema":"1a1c01bbd47fc00a2c39e90264f33305004495a9","hash":"d3bcb856a3eb2c22711f8b02edc1737826b556b1"}
,"/Users/cihanuluisik/Code/MyCode/ReactNodeTest/Server/controllers/calendar/calendar.js": {"path":"/Users/cihanuluisik/Code/MyCode/ReactNodeTest/Server/controllers/calendar/calendar.js","statementMap":{"0":{"start":{"line":1,"column":14},"end":{"line":1,"column":49}},"1":{"start":{"line":2,"column":18},"end":{"line":2,"column":57}},"2":{"start":{"line":3,"column":13},"end":{"line":3,"column":47}},"3":{"start":{"line":4,"column":23},"end":{"line":4,"column":60}},"4":{"start":{"line":5,"column":13},"end":{"line":5,"column":47}},"5":{"start":{"line":7,"column":14},"end":{"line":147,"column":1}},"6":{"start":{"line":8,"column":4},"end":{"line":146,"column":5}},"7":{"start":{"line":9,"column":22},"end":{"line":9,"column":54}},"8":{"start":{"line":10,"column":28},"end":{"line":10,"column":100}},"9":{"start":{"line":12,"column":25},"end":{"line":12,"column":52}},"10":{"start":{"line":13,"column":26},"end":{"line":13,"column":49}},"11":{"start":{"line":14,"column":28},"end":{"line":14,"column":60}},"12":{"start":{"line":15,"column":25},"end":{"line":15,"column":47}},"13":{"start":{"line":17,"column":26},"end":{"line":17,"column":28}},"14":{"start":{"line":18,"column":26},"end":{"line":18,"column":28}},"15":{"start":{"line":19,"column":29},"end":{"line":19,"column":31}},"16":{"start":{"line":20,"column":27},"end":{"line":20,"column":29}},"17":{"start":{"line":22,"column":28},"end":{"line":38,"column":14}},"18":{"start":{"line":23,"column":12},"end":{"line":36,"column":15}},"19":{"start":{"line":24,"column":48},"end":{"line":24,"column":102}},"20":{"start":{"line":24,"column":70},"end":{"line":24,"column":101}},"21":{"start":{"line":25,"column":16},"end":{"line":35,"column":17}},"22":{"start":{"line":26,"column":46},"end":{"line":26,"column":81}},"23":{"start":{"line":27,"column":20},"end":{"line":31,"column":23}},"24":{"start":{"line":28,"column":24},"end":{"line":30,"column":25}},"25":{"start":{"line":29,"column":28},"end":{"line":29,"column":58}},"26":{"start":{"line":32,"column":20},"end":{"line":32,"column":69}},"27":{"start":{"line":34,"column":20},"end":{"line":34,"column":41}},"28":{"start":{"line":37,"column":12},"end":{"line":37,"column":23}},"29":{"start":{"line":40,"column":8},"end":{"line":139,"column":9}},"30":{"start":{"line":41,"column":12},"end":{"line":100,"column":13}},"31":{"start":{"line":42,"column":16},"end":{"line":99,"column":17}},"32":{"start":{"line":44,"column":24},"end":{"line":52,"column":25}},"33":{"start":{"line":45,"column":28},"end":{"line":51,"column":32}},"34":{"start":{"line":45,"column":64},"end":{"line":51,"column":29}},"35":{"start":{"line":53,"column":24},"end":{"line":53,"column":30}},"36":{"start":{"line":56,"column":24},"end":{"line":65,"column":25}},"37":{"start":{"line":57,"column":28},"end":{"line":64,"column":32}},"38":{"start":{"line":57,"column":66},"end":{"line":64,"column":29}},"39":{"start":{"line":66,"column":24},"end":{"line":66,"column":30}},"40":{"start":{"line":69,"column":24},"end":{"line":77,"column":25}},"41":{"start":{"line":70,"column":28},"end":{"line":76,"column":32}},"42":{"start":{"line":70,"column":70},"end":{"line":76,"column":29}},"43":{"start":{"line":78,"column":24},"end":{"line":78,"column":30}},"44":{"start":{"line":81,"column":24},"end":{"line":94,"column":25}},"45":{"start":{"line":82,"column":28},"end":{"line":93,"column":32}},"46":{"start":{"line":82,"column":64},"end":{"line":93,"column":29}},"47":{"start":{"line":95,"column":24},"end":{"line":95,"column":30}},"48":{"start":{"line":98,"column":24},"end":{"line":98,"column":30}},"49":{"start":{"line":102,"column":12},"end":{"line":108,"column":16}},"50":{"start":{"line":102,"column":48},"end":{"line":108,"column":13}},"51":{"start":{"line":110,"column":12},"end":{"line":117,"column":16}},"52":{"start":{"line":110,"column":50},"end":{"line":117,"column":13}},"53":{"start":{"line":119,"column":12},"end":{"line":125,"column":16}},"54":{"start":{"line":119,"column":54},"end":{"line":125,"column":13}},"55":{"start":{"line":127,"column":12},"end":{"line":138,"column":16}},"56":{"start":{"line":127,"column":48},"end":{"line":138,"column":13}},"57":{"start":{"line":141,"column":23},"end":{"line":141,"column":91}},"58":{"start":{"line":142,"column":8},"end":{"line":142,"column":25}},"59":{"start":{"line":144,"column":8},"end":{"line":144,"column":29}},"60":{"start":{"line":145,"column":8},"end":{"line":145,"column":65}},"61":{"start":{"line":149,"column":0},"end":{"line":149,"column":27}}},"fnMap":{"0":{"name":"(anonymous_0)","decl":{"start":{"line":7,"column":14},"end":{"line":7,"column":15}},"loc":{"start":{"line":7,"column":34},"end":{"line":147,"column":1}},"line":7},"1":{"name":"(anonymous_1)","decl":{"start":{"line":22,"column":55},"end":{"line":22,"column":56}},"loc":{"start":{"line":22,"column":73},"end":{"line":38,"column":9}},"line":22},"2":{"name":"(anonymous_2)","decl":{"start":{"line":23,"column":37},"end":{"line":23,"column":38}},"loc":{"start":{"line":23,"column":51},"end":{"line":36,"column":13}},"line":23},"3":{"name":"(anonymous_3)","decl":{"start":{"line":24,"column":62},"end":{"line":24,"column":63}},"loc":{"start":{"line":24,"column":70},"end":{"line":24,"column":101}},"line":24},"4":{"name":"(anonymous_4)","decl":{"start":{"line":27,"column":52},"end":{"line":27,"column":53}},"loc":{"start":{"line":27,"column":59},"end":{"line":31,"column":21}},"line":27},"5":{"name":"(anonymous_5)","decl":{"start":{"line":45,"column":55},"end":{"line":45,"column":56}},"loc":{"start":{"line":45,"column":64},"end":{"line":51,"column":29}},"line":45},"6":{"name":"(anonymous_6)","decl":{"start":{"line":57,"column":57},"end":{"line":57,"column":58}},"loc":{"start":{"line":57,"column":66},"end":{"line":64,"column":29}},"line":57},"7":{"name":"(anonymous_7)","decl":{"start":{"line":70,"column":61},"end":{"line":70,"column":62}},"loc":{"start":{"line":70,"column":70},"end":{"line":76,"column":29}},"line":70},"8":{"name":"(anonymous_8)","decl":{"start":{"line":82,"column":55},"end":{"line":82,"column":56}},"loc":{"start":{"line":82,"column":64},"end":{"line":93,"column":29}},"line":82},"9":{"name":"(anonymous_9)","decl":{"start":{"line":102,"column":39},"end":{"line":102,"column":40}},"loc":{"start":{"line":102,"column":48},"end":{"line":108,"column":13}},"line":102},"10":{"name":"(anonymous_10)","decl":{"start":{"line":110,"column":41},"end":{"line":110,"column":42}},"loc":{"start":{"line":110,"column":50},"end":{"line":117,"column":13}},"line":110},"11":{"name":"(anonymous_11)","decl":{"start":{"line":119,"column":45},"end":{"line":119,"column":46}},"loc":{"start":{"line":119,"column":54},"end":{"line":125,"column":13}},"line":119},"12":{"name":"(anonymous_12)","decl":{"start":{"line":127,"column":39},"end":{"line":127,"column":40}},"loc":{"start":{"line":127,"column":48},"end":{"line":138,"column":13}},"line":127}},"branchMap":{"0":{"loc":{"start":{"line":25,"column":16},"end":{"line":35,"column":17}},"type":"if","locations":[{"start":{"line":25,"column":16},"end":{"line":35,"column":17}},{"start":{"line":33,"column":23},"end":{"line":35,"column":17}}],"line":25},"1":{"loc":{"start":{"line":28,"column":24},"end":{"line":30,"column":25}},"type":"if","locations":[{"start":{"line":28,"column":24},"end":{"line":30,"column":25}},{"start":{},"end":{}}],"line":28},"2":{"loc":{"start":{"line":40,"column":8},"end":{"line":139,"column":9}},"type":"if","locations":[{"start":{"line":40,"column":8},"end":{"line":139,"column":9}},{"start":{"line":101,"column":15},"end":{"line":139,"column":9}}],"line":40},"3":{"loc":{"start":{"line":40,"column":12},"end":{"line":40,"column":49}},"type":"binary-expr","locations":[{"start":{"line":40,"column":12},"end":{"line":40,"column":23}},{"start":{"line":40,"column":27},"end":{"line":40,"column":49}}],"line":40},"4":{"loc":{"start":{"line":42,"column":16},"end":{"line":99,"column":17}},"type":"switch","locations":[{"start":{"line":43,"column":20},"end":{"line":53,"column":30}},{"start":{"line":55,"column":20},"end":{"line":66,"column":30}},{"start":{"line":68,"column":20},"end":{"line":78,"column":30}},{"start":{"line":80,"column":20},"end":{"line":95,"column":30}},{"start":{"line":97,"column":20},"end":{"line":98,"column":30}}],"line":42},"5":{"loc":{"start":{"line":44,"column":24},"end":{"line":52,"column":25}},"type":"if","locations":[{"start":{"line":44,"column":24},"end":{"line":52,"column":25}},{"start":{},"end":{}}],"line":44},"6":{"loc":{"start":{"line":56,"column":24},"end":{"line":65,"column":25}},"type":"if","locations":[{"start":{"line":56,"column":24},"end":{"line":65,"column":25}},{"start":{},"end":{}}],"line":56},"7":{"loc":{"start":{"line":69,"column":24},"end":{"line":77,"column":25}},"type":"if","locations":[{"start":{"line":69,"column":24},"end":{"line":77,"column":25}},{"start":{},"end":{}}],"line":69},"8":{"loc":{"start":{"line":81,"column":24},"end":{"line":94,"column":25}},"type":"if","locations":[{"start":{"line":81,"column":24},"end":{"line":94,"column":25}},{"start":{},"end":{}}],"line":81}},"s":{"0":11,"1":11,"2":11,"3":11,"4":11,"5":11,"6":0,"7":0,"8":0,"9":0,"10":0,"11":0,"12":0,"13":0,"14":0,"15":0,"16":0,"17":0,"18":0,"19":0,"20":0,"21":0,"22":0,"23":0,"24":0,"25":0,"26":0,"27":0,"28":0,"29":0,"30":0,"31":0,"32":0,"33":0,"34":0,"35":0,"36":0,"37":0,"38":0,"39":0,"40":0,"41":0,"42":0,"43":0,"44":0,"45":0,"46":0,"47":0,"48":0,"49":0,"50":0,"51":0,"52":0,"53":0,"54":0,"55":0,"56":0,"57":0,"58":0,"59":0,"60":0,"61":11},"f":{"0":0,"1":0,"2":0,"3":0,"4":0,"5":0,"6":0,"7":0,"8":0,"9":0,"10":0,"11":0,"12":0},"b":{"0":[0,0],"1":[0,0],"2":[0,0],"3":[0,0],"4":[0,0,0,0,0],"5":[0,0],"6":[0,0],"7":[0,0],"8":[0,0]},"_coverageSchema":"1a1c01bbd47fc00a2c39e90264f33305004495a9","hash":"4045a4396abf9a6edf6b3c75adc6f25bbe7e653b"}
,"/Users/cihanuluisik/Code/MyCode/ReactNodeTest/Server/controllers/contact/_routes.js": {"path":"/Users/cihanuluisik/Code/MyCode/ReactNodeTest/Server/controllers/contact/_routes.js","statementMap":{"0":{"start":{"line":1,"column":16},"end":{"line":1,"column":34}},"1":{"start":{"line":2,"column":16},"end":{"line":2,"column":36}},"2":{"start":{"line":3,"column":13},"end":{"line":3,"column":46}},"3":{"start":{"line":5,"column":15},"end":{"line":5,"column":31}},"4":{"start":{"line":7,"column":0},"end":{"line":7,"column":36}},"5":{"start":{"line":8,"column":0},"end":{"line":8,"column":38}},"6":{"start":{"line":9,"column":0},"end":{"line":9,"column":46}},"7":{"start":{"line":10,"column":0},"end":{"line":10,"column":76}},"8":{"start":{"line":11,"column":0},"end":{"line":11,"column":43}},"9":{"start":{"line":12,"column":0},"end":{"line":12,"column":43}},"10":{"start":{"line":13,"column":0},"end":{"line":13,"column":54}},"11":{"start":{"line":14,"column":0},"end":{"line":14,"column":52}},"12":{"start":{"line":17,"column":0},"end":{"line":17,"column":23}}},"fnMap":{},"branchMap":{},"s":{"0":11,"1":11,"2":11,"3":11,"4":11,"5":11,"6":11,"7":11,"8":11,"9":11,"10":11,"11":11,"12":11},"f":{},"b":{},"_coverageSchema":"1a1c01bbd47fc00a2c39e90264f33305004495a9","hash":"35131ec177112c8f61c3054454fe2f4d69639177"}
,"/Users/cihanuluisik/Code/MyCode/ReactNodeTest/Server/controllers/contact/contact.js": {"path":"/Users/cihanuluisik/Code/MyCode/ReactNodeTest/Server/controllers/contact/contact.js","statementMap":{"0":{"start":{"line":1,"column":20},"end":{"line":1,"column":57}},"1":{"start":{"line":2,"column":14},"end":{"line":2,"column":49}},"2":{"start":{"line":3,"column":23},"end":{"line":3,"column":60}},"3":{"start":{"line":4,"column":18},"end":{"line":4,"column":57}},"4":{"start":{"line":5,"column":13},"end":{"line":5,"column":47}},"5":{"start":{"line":6,"column":16},"end":{"line":6,"column":53}},"6":{"start":{"line":7,"column":23},"end":{"line":7,"column":61}},"7":{"start":{"line":8,"column":15},"end":{"line":8,"column":54}},"8":{"start":{"line":9,"column":17},"end":{"line":9,"column":58}},"9":{"start":{"line":11,"column":14},"end":{"line":27,"column":1}},"10":{"start":{"line":12,"column":18},"end":{"line":12,"column":27}},"11":{"start":{"line":13,"column":4},"end":{"line":13,"column":26}},"12":{"start":{"line":15,"column":18},"end":{"line":18,"column":13}},"13":{"start":{"line":20,"column":19},"end":{"line":20,"column":65}},"14":{"start":{"line":20,"column":42},"end":{"line":20,"column":64}},"15":{"start":{"line":22,"column":4},"end":{"line":26,"column":5}},"16":{"start":{"line":23,"column":8},"end":{"line":23,"column":24}},"17":{"start":{"line":25,"column":8},"end":{"line":25,"column":23}},"18":{"start":{"line":29,"column":12},"end":{"line":39,"column":1}},"19":{"start":{"line":30,"column":4},"end":{"line":38,"column":5}},"20":{"start":{"line":31,"column":8},"end":{"line":31,"column":42}},"21":{"start":{"line":32,"column":21},"end":{"line":32,"column":42}},"22":{"start":{"line":33,"column":8},"end":{"line":33,"column":26}},"23":{"start":{"line":34,"column":8},"end":{"line":34,"column":35}},"24":{"start":{"line":36,"column":8},"end":{"line":36,"column":56}},"25":{"start":{"line":37,"column":8},"end":{"line":37,"column":68}},"26":{"start":{"line":41,"column":16},"end":{"line":50,"column":1}},"27":{"start":{"line":42,"column":4},"end":{"line":49,"column":5}},"28":{"start":{"line":43,"column":21},"end":{"line":43,"column":29}},"29":{"start":{"line":44,"column":32},"end":{"line":44,"column":62}},"30":{"start":{"line":45,"column":8},"end":{"line":45,"column":46}},"31":{"start":{"line":47,"column":8},"end":{"line":47,"column":57}},"32":{"start":{"line":48,"column":8},"end":{"line":48,"column":68}},"33":{"start":{"line":52,"column":28},"end":{"line":61,"column":1}},"34":{"start":{"line":53,"column":4},"end":{"line":60,"column":5}},"35":{"start":{"line":54,"column":23},"end":{"line":54,"column":33}},"36":{"start":{"line":55,"column":8},"end":{"line":55,"column":87}},"37":{"start":{"line":56,"column":8},"end":{"line":56,"column":44}},"38":{"start":{"line":58,"column":8},"end":{"line":58,"column":56}},"39":{"start":{"line":59,"column":8},"end":{"line":59,"column":68}},"40":{"start":{"line":63,"column":13},"end":{"line":74,"column":1}},"41":{"start":{"line":64,"column":4},"end":{"line":73,"column":5}},"42":{"start":{"line":65,"column":21},"end":{"line":68,"column":9}},"43":{"start":{"line":69,"column":8},"end":{"line":69,"column":37}},"44":{"start":{"line":71,"column":8},"end":{"line":71,"column":56}},"45":{"start":{"line":72,"column":8},"end":{"line":72,"column":68}},"46":{"start":{"line":76,"column":13},"end":{"line":355,"column":1}},"47":{"start":{"line":77,"column":4},"end":{"line":354,"column":5}},"48":{"start":{"line":78,"column":22},"end":{"line":78,"column":67}},"49":{"start":{"line":79,"column":31},"end":{"line":79,"column":105}},"50":{"start":{"line":81,"column":8},"end":{"line":81,"column":80}},"51":{"start":{"line":81,"column":22},"end":{"line":81,"column":80}},"52":{"start":{"line":82,"column":27},"end":{"line":131,"column":10}},"53":{"start":{"line":133,"column":31},"end":{"line":164,"column":10}},"54":{"start":{"line":165,"column":29},"end":{"line":204,"column":10}},"55":{"start":{"line":205,"column":22},"end":{"line":236,"column":10}},"56":{"start":{"line":238,"column":19},"end":{"line":265,"column":10}},"57":{"start":{"line":266,"column":21},"end":{"line":294,"column":10}},"58":{"start":{"line":295,"column":22},"end":{"line":323,"column":10}},"59":{"start":{"line":325,"column":25},"end":{"line":347,"column":10}},"60":{"start":{"line":349,"column":8},"end":{"line":349,"column":150}},"61":{"start":{"line":352,"column":8},"end":{"line":352,"column":29}},"62":{"start":{"line":353,"column":8},"end":{"line":353,"column":67}},"63":{"start":{"line":357,"column":19},"end":{"line":364,"column":1}},"64":{"start":{"line":358,"column":4},"end":{"line":363,"column":5}},"65":{"start":{"line":359,"column":24},"end":{"line":359,"column":89}},"66":{"start":{"line":360,"column":8},"end":{"line":360,"column":58}},"67":{"start":{"line":362,"column":8},"end":{"line":362,"column":55}},"68":{"start":{"line":366,"column":19},"end":{"line":373,"column":1}},"69":{"start":{"line":367,"column":4},"end":{"line":372,"column":5}},"70":{"start":{"line":368,"column":24},"end":{"line":368,"column":105}},"71":{"start":{"line":369,"column":8},"end":{"line":369,"column":58}},"72":{"start":{"line":371,"column":8},"end":{"line":371,"column":55}},"73":{"start":{"line":375,"column":0},"end":{"line":375,"column":97}}},"fnMap":{"0":{"name":"(anonymous_0)","decl":{"start":{"line":11,"column":14},"end":{"line":11,"column":15}},"loc":{"start":{"line":11,"column":34},"end":{"line":27,"column":1}},"line":11},"1":{"name":"(anonymous_1)","decl":{"start":{"line":20,"column":34},"end":{"line":20,"column":35}},"loc":{"start":{"line":20,"column":42},"end":{"line":20,"column":64}},"line":20},"2":{"name":"(anonymous_2)","decl":{"start":{"line":29,"column":12},"end":{"line":29,"column":13}},"loc":{"start":{"line":29,"column":32},"end":{"line":39,"column":1}},"line":29},"3":{"name":"(anonymous_3)","decl":{"start":{"line":41,"column":16},"end":{"line":41,"column":17}},"loc":{"start":{"line":41,"column":36},"end":{"line":50,"column":1}},"line":41},"4":{"name":"(anonymous_4)","decl":{"start":{"line":52,"column":28},"end":{"line":52,"column":29}},"loc":{"start":{"line":52,"column":48},"end":{"line":61,"column":1}},"line":52},"5":{"name":"(anonymous_5)","decl":{"start":{"line":63,"column":13},"end":{"line":63,"column":14}},"loc":{"start":{"line":63,"column":33},"end":{"line":74,"column":1}},"line":63},"6":{"name":"(anonymous_6)","decl":{"start":{"line":76,"column":13},"end":{"line":76,"column":14}},"loc":{"start":{"line":76,"column":33},"end":{"line":355,"column":1}},"line":76},"7":{"name":"(anonymous_7)","decl":{"start":{"line":357,"column":19},"end":{"line":357,"column":20}},"loc":{"start":{"line":357,"column":39},"end":{"line":364,"column":1}},"line":357},"8":{"name":"(anonymous_8)","decl":{"start":{"line":366,"column":19},"end":{"line":366,"column":20}},"loc":{"start":{"line":366,"column":39},"end":{"line":373,"column":1}},"line":366}},"branchMap":{"0":{"loc":{"start":{"line":81,"column":8},"end":{"line":81,"column":80}},"type":"if","locations":[{"start":{"line":81,"column":8},"end":{"line":81,"column":80}},{"start":{},"end":{}}],"line":81}},"s":{"0":11,"1":11,"2":11,"3":11,"4":11,"5":11,"6":11,"7":11,"8":11,"9":11,"10":0,"11":0,"12":0,"13":0,"14":0,"15":0,"16":0,"17":0,"18":11,"19":0,"20":0,"21":0,"22":0,"23":0,"24":0,"25":0,"26":11,"27":0,"28":0,"29":0,"30":0,"31":0,"32":0,"33":11,"34":0,"35":0,"36":0,"37":0,"38":0,"39":0,"40":11,"41":0,"42":0,"43":0,"44":0,"45":0,"46":11,"47":0,"48":0,"49":0,"50":0,"51":0,"52":0,"53":0,"54":0,"55":0,"56":0,"57":0,"58":0,"59":0,"60":0,"61":0,"62":0,"63":11,"64":0,"65":0,"66":0,"67":0,"68":11,"69":0,"70":0,"71":0,"72":0,"73":11},"f":{"0":0,"1":0,"2":0,"3":0,"4":0,"5":0,"6":0,"7":0,"8":0},"b":{"0":[0,0]},"_coverageSchema":"1a1c01bbd47fc00a2c39e90264f33305004495a9","hash":"1c0e5773b53c8741bd605460b2cc62b1d5e9fc3a"}
,"/Users/cihanuluisik/Code/MyCode/ReactNodeTest/Server/controllers/customField/_routes.js": {"path":"/Users/cihanuluisik/Code/MyCode/ReactNodeTest/Server/controllers/customField/_routes.js","statementMap":{"0":{"start":{"line":1,"column":16},"end":{"line":1,"column":34}},"1":{"start":{"line":2,"column":13},"end":{"line":2,"column":46}},"2":{"start":{"line":3,"column":20},"end":{"line":3,"column":44}},"3":{"start":{"line":4,"column":12},"end":{"line":4,"column":64}},"4":{"start":{"line":6,"column":15},"end":{"line":6,"column":31}},"5":{"start":{"line":8,"column":0},"end":{"line":8,"column":41}},"6":{"start":{"line":9,"column":0},"end":{"line":9,"column":89}},"7":{"start":{"line":10,"column":0},"end":{"line":10,"column":88}},"8":{"start":{"line":11,"column":0},"end":{"line":11,"column":74}},"9":{"start":{"line":12,"column":0},"end":{"line":12,"column":60}},"10":{"start":{"line":13,"column":0},"end":{"line":13,"column":70}},"11":{"start":{"line":15,"column":0},"end":{"line":15,"column":43}},"12":{"start":{"line":16,"column":0},"end":{"line":16,"column":48}},"13":{"start":{"line":17,"column":0},"end":{"line":17,"column":73}},"14":{"start":{"line":18,"column":0},"end":{"line":18,"column":74}},"15":{"start":{"line":19,"column":0},"end":{"line":19,"column":60}},"16":{"start":{"line":20,"column":0},"end":{"line":20,"column":63}},"17":{"start":{"line":22,"column":0},"end":{"line":22,"column":58}},"18":{"start":{"line":23,"column":0},"end":{"line":23,"column":78}},"19":{"start":{"line":24,"column":0},"end":{"line":24,"column":77}},"20":{"start":{"line":25,"column":0},"end":{"line":25,"column":70}},"21":{"start":{"line":26,"column":0},"end":{"line":26,"column":74}},"22":{"start":{"line":28,"column":0},"end":{"line":28,"column":77}},"23":{"start":{"line":30,"column":0},"end":{"line":30,"column":76}},"24":{"start":{"line":31,"column":0},"end":{"line":31,"column":74}},"25":{"start":{"line":32,"column":0},"end":{"line":32,"column":72}},"26":{"start":{"line":34,"column":0},"end":{"line":34,"column":54}},"27":{"start":{"line":36,"column":0},"end":{"line":36,"column":24}}},"fnMap":{},"branchMap":{},"s":{"0":11,"1":11,"2":11,"3":11,"4":11,"5":11,"6":11,"7":11,"8":11,"9":11,"10":11,"11":11,"12":11,"13":11,"14":11,"15":11,"16":11,"17":11,"18":11,"19":11,"20":11,"21":11,"22":11,"23":11,"24":11,"25":11,"26":11,"27":11},"f":{},"b":{},"_coverageSchema":"1a1c01bbd47fc00a2c39e90264f33305004495a9","hash":"dcabbac31a211facb41416facc8cad9bb521196e"}
,"/Users/cihanuluisik/Code/MyCode/ReactNodeTest/Server/controllers/customField/customField.js": {"path":"/Users/cihanuluisik/Code/MyCode/ReactNodeTest/Server/controllers/customField/customField.js","statementMap":{"0":{"start":{"line":1,"column":17},"end":{"line":1,"column":36}},"1":{"start":{"line":2,"column":20},"end":{"line":2,"column":61}},"2":{"start":{"line":3,"column":19},"end":{"line":3,"column":59}},"3":{"start":{"line":5,"column":14},"end":{"line":22,"column":1}},"4":{"start":{"line":6,"column":4},"end":{"line":21,"column":5}},"5":{"start":{"line":7,"column":22},"end":{"line":7,"column":31}},"6":{"start":{"line":8,"column":8},"end":{"line":8,"column":30}},"7":{"start":{"line":9,"column":21},"end":{"line":9,"column":50}},"8":{"start":{"line":10,"column":29},"end":{"line":13,"column":11}},"9":{"start":{"line":10,"column":49},"end":{"line":13,"column":9}},"10":{"start":{"line":12,"column":50},"end":{"line":12,"column":83}},"11":{"start":{"line":14,"column":8},"end":{"line":16,"column":11}},"12":{"start":{"line":15,"column":12},"end":{"line":15,"column":31}},"13":{"start":{"line":17,"column":8},"end":{"line":17,"column":40}},"14":{"start":{"line":19,"column":8},"end":{"line":19,"column":37}},"15":{"start":{"line":20,"column":8},"end":{"line":20,"column":98}},"16":{"start":{"line":24,"column":12},"end":{"line":101,"column":1}},"17":{"start":{"line":25,"column":4},"end":{"line":100,"column":5}},"18":{"start":{"line":26,"column":8},"end":{"line":28,"column":9}},"19":{"start":{"line":27,"column":12},"end":{"line":27,"column":66}},"20":{"start":{"line":30,"column":8},"end":{"line":32,"column":9}},"21":{"start":{"line":31,"column":12},"end":{"line":31,"column":93}},"22":{"start":{"line":34,"column":28},"end":{"line":34,"column":82}},"23":{"start":{"line":35,"column":31},"end":{"line":35,"column":54}},"24":{"start":{"line":37,"column":33},"end":{"line":37,"column":113}},"25":{"start":{"line":39,"column":8},"end":{"line":95,"column":9}},"26":{"start":{"line":40,"column":34},"end":{"line":40,"column":65}},"27":{"start":{"line":41,"column":35},"end":{"line":41,"column":56}},"28":{"start":{"line":43,"column":12},"end":{"line":92,"column":13}},"29":{"start":{"line":44,"column":34},"end":{"line":44,"column":60}},"30":{"start":{"line":45,"column":34},"end":{"line":45,"column":61}},"31":{"start":{"line":46,"column":34},"end":{"line":46,"column":78}},"32":{"start":{"line":50,"column":45},"end":{"line":52,"column":18}},"33":{"start":{"line":51,"column":20},"end":{"line":51,"column":124}},"34":{"start":{"line":53,"column":50},"end":{"line":55,"column":18}},"35":{"start":{"line":54,"column":20},"end":{"line":54,"column":74}},"36":{"start":{"line":58,"column":38},"end":{"line":61,"column":18}},"37":{"start":{"line":63,"column":38},"end":{"line":66,"column":18}},"38":{"start":{"line":68,"column":16},"end":{"line":72,"column":17}},"39":{"start":{"line":69,"column":20},"end":{"line":69,"column":126}},"40":{"start":{"line":70,"column":23},"end":{"line":72,"column":17}},"41":{"start":{"line":71,"column":20},"end":{"line":71,"column":119}},"42":{"start":{"line":75,"column":37},"end":{"line":82,"column":17}},"43":{"start":{"line":84,"column":16},"end":{"line":89,"column":17}},"44":{"start":{"line":85,"column":20},"end":{"line":85,"column":79}},"45":{"start":{"line":86,"column":20},"end":{"line":86,"column":90}},"46":{"start":{"line":88,"column":20},"end":{"line":88,"column":101}},"47":{"start":{"line":91,"column":16},"end":{"line":91,"column":114}},"48":{"start":{"line":94,"column":12},"end":{"line":94,"column":94}},"49":{"start":{"line":98,"column":8},"end":{"line":98,"column":61}},"50":{"start":{"line":99,"column":8},"end":{"line":99,"column":114}},"51":{"start":{"line":103,"column":29},"end":{"line":117,"column":1}},"52":{"start":{"line":104,"column":4},"end":{"line":116,"column":5}},"53":{"start":{"line":105,"column":21},"end":{"line":105,"column":104}},"54":{"start":{"line":107,"column":8},"end":{"line":111,"column":9}},"55":{"start":{"line":108,"column":12},"end":{"line":108,"column":92}},"56":{"start":{"line":110,"column":12},"end":{"line":110,"column":104}},"57":{"start":{"line":114,"column":8},"end":{"line":114,"column":61}},"58":{"start":{"line":115,"column":8},"end":{"line":115,"column":122}},"59":{"start":{"line":119,"column":24},"end":{"line":213,"column":1}},"60":{"start":{"line":120,"column":4},"end":{"line":212,"column":5}},"61":{"start":{"line":121,"column":25},"end":{"line":121,"column":43}},"62":{"start":{"line":122,"column":24},"end":{"line":122,"column":38}},"63":{"start":{"line":124,"column":8},"end":{"line":126,"column":9}},"64":{"start":{"line":125,"column":12},"end":{"line":125,"column":93}},"65":{"start":{"line":128,"column":40},"end":{"line":128,"column":112}},"66":{"start":{"line":129,"column":31},"end":{"line":129,"column":66}},"67":{"start":{"line":131,"column":33},"end":{"line":131,"column":113}},"68":{"start":{"line":133,"column":8},"end":{"line":208,"column":9}},"69":{"start":{"line":134,"column":34},"end":{"line":134,"column":65}},"70":{"start":{"line":135,"column":35},"end":{"line":135,"column":56}},"71":{"start":{"line":136,"column":36},"end":{"line":136,"column":41}},"72":{"start":{"line":138,"column":12},"end":{"line":205,"column":13}},"73":{"start":{"line":139,"column":38},"end":{"line":139,"column":116}},"74":{"start":{"line":139,"column":83},"end":{"line":139,"column":115}},"75":{"start":{"line":141,"column":16},"end":{"line":143,"column":17}},"76":{"start":{"line":142,"column":20},"end":{"line":142,"column":96}},"77":{"start":{"line":145,"column":41},"end":{"line":145,"column":69}},"78":{"start":{"line":146,"column":43},"end":{"line":146,"column":89}},"79":{"start":{"line":147,"column":43},"end":{"line":147,"column":102}},"80":{"start":{"line":167,"column":42},"end":{"line":167,"column":60}},"81":{"start":{"line":168,"column":20},"end":{"line":168,"column":108}},"82":{"start":{"line":168,"column":62},"end":{"line":168,"column":106}},"83":{"start":{"line":171,"column":16},"end":{"line":180,"column":17}},"84":{"start":{"line":173,"column":20},"end":{"line":173,"column":133}},"85":{"start":{"line":173,"column":120},"end":{"line":173,"column":130}},"86":{"start":{"line":176,"column":50},"end":{"line":176,"column":83}},"87":{"start":{"line":177,"column":20},"end":{"line":179,"column":21}},"88":{"start":{"line":178,"column":24},"end":{"line":178,"column":115}},"89":{"start":{"line":183,"column":37},"end":{"line":186,"column":17}},"90":{"start":{"line":188,"column":16},"end":{"line":202,"column":17}},"91":{"start":{"line":189,"column":42},"end":{"line":189,"column":120}},"92":{"start":{"line":189,"column":87},"end":{"line":189,"column":119}},"93":{"start":{"line":191,"column":20},"end":{"line":194,"column":21}},"94":{"start":{"line":192,"column":24},"end":{"line":192,"column":67}},"95":{"start":{"line":193,"column":24},"end":{"line":193,"column":87}},"96":{"start":{"line":196,"column":20},"end":{"line":196,"column":120}},"97":{"start":{"line":198,"column":23},"end":{"line":202,"column":17}},"98":{"start":{"line":199,"column":20},"end":{"line":199,"column":124}},"99":{"start":{"line":201,"column":20},"end":{"line":201,"column":103}},"100":{"start":{"line":204,"column":16},"end":{"line":204,"column":114}},"101":{"start":{"line":207,"column":12},"end":{"line":207,"column":94}},"102":{"start":{"line":210,"column":8},"end":{"line":210,"column":61}},"103":{"start":{"line":211,"column":8},"end":{"line":211,"column":121}},"104":{"start":{"line":215,"column":13},"end":{"line":225,"column":1}},"105":{"start":{"line":216,"column":4},"end":{"line":224,"column":5}},"106":{"start":{"line":217,"column":31},"end":{"line":217,"column":80}},"107":{"start":{"line":218,"column":8},"end":{"line":218,"column":104}},"108":{"start":{"line":218,"column":29},"end":{"line":218,"column":104}},"109":{"start":{"line":219,"column":8},"end":{"line":219,"column":40}},"110":{"start":{"line":222,"column":8},"end":{"line":222,"column":49}},"111":{"start":{"line":223,"column":8},"end":{"line":223,"column":109}},"112":{"start":{"line":227,"column":20},"end":{"line":284,"column":1}},"113":{"start":{"line":228,"column":4},"end":{"line":283,"column":5}},"114":{"start":{"line":229,"column":25},"end":{"line":229,"column":44}},"115":{"start":{"line":230,"column":24},"end":{"line":230,"column":38}},"116":{"start":{"line":232,"column":8},"end":{"line":234,"column":9}},"117":{"start":{"line":233,"column":12},"end":{"line":233,"column":93}},"118":{"start":{"line":236,"column":38},"end":{"line":236,"column":82}},"119":{"start":{"line":238,"column":8},"end":{"line":279,"column":9}},"120":{"start":{"line":239,"column":35},"end":{"line":239,"column":68}},"121":{"start":{"line":240,"column":37},"end":{"line":240,"column":117}},"122":{"start":{"line":242,"column":12},"end":{"line":276,"column":13}},"123":{"start":{"line":243,"column":38},"end":{"line":243,"column":69}},"124":{"start":{"line":244,"column":39},"end":{"line":244,"column":60}},"125":{"start":{"line":246,"column":16},"end":{"line":273,"column":17}},"126":{"start":{"line":247,"column":40},"end":{"line":247,"column":69}},"127":{"start":{"line":248,"column":42},"end":{"line":248,"column":101}},"128":{"start":{"line":248,"column":68},"end":{"line":248,"column":100}},"129":{"start":{"line":251,"column":47},"end":{"line":261,"column":21}},"130":{"start":{"line":263,"column":20},"end":{"line":269,"column":21}},"131":{"start":{"line":265,"column":24},"end":{"line":265,"column":68}},"132":{"start":{"line":266,"column":24},"end":{"line":266,"column":95}},"133":{"start":{"line":268,"column":24},"end":{"line":268,"column":106}},"134":{"start":{"line":272,"column":20},"end":{"line":272,"column":118}},"135":{"start":{"line":275,"column":16},"end":{"line":275,"column":98}},"136":{"start":{"line":278,"column":12},"end":{"line":278,"column":88}},"137":{"start":{"line":281,"column":8},"end":{"line":281,"column":54}},"138":{"start":{"line":282,"column":8},"end":{"line":282,"column":114}},"139":{"start":{"line":286,"column":25},"end":{"line":343,"column":1}},"140":{"start":{"line":287,"column":4},"end":{"line":342,"column":5}},"141":{"start":{"line":288,"column":25},"end":{"line":288,"column":43}},"142":{"start":{"line":289,"column":26},"end":{"line":289,"column":45}},"143":{"start":{"line":291,"column":8},"end":{"line":293,"column":9}},"144":{"start":{"line":292,"column":12},"end":{"line":292,"column":93}},"145":{"start":{"line":295,"column":40},"end":{"line":295,"column":112}},"146":{"start":{"line":297,"column":8},"end":{"line":338,"column":9}},"147":{"start":{"line":298,"column":35},"end":{"line":298,"column":70}},"148":{"start":{"line":299,"column":37},"end":{"line":299,"column":117}},"149":{"start":{"line":301,"column":12},"end":{"line":334,"column":13}},"150":{"start":{"line":302,"column":38},"end":{"line":302,"column":69}},"151":{"start":{"line":303,"column":39},"end":{"line":303,"column":60}},"152":{"start":{"line":305,"column":16},"end":{"line":331,"column":17}},"153":{"start":{"line":306,"column":41},"end":{"line":313,"column":21}},"154":{"start":{"line":315,"column":20},"end":{"line":328,"column":21}},"155":{"start":{"line":316,"column":44},"end":{"line":316,"column":75}},"156":{"start":{"line":318,"column":24},"end":{"line":322,"column":27}},"157":{"start":{"line":319,"column":28},"end":{"line":321,"column":29}},"158":{"start":{"line":320,"column":32},"end":{"line":320,"column":68}},"159":{"start":{"line":324,"column":24},"end":{"line":324,"column":96}},"160":{"start":{"line":327,"column":24},"end":{"line":327,"column":108}},"161":{"start":{"line":330,"column":20},"end":{"line":330,"column":118}},"162":{"start":{"line":333,"column":16},"end":{"line":333,"column":98}},"163":{"start":{"line":337,"column":12},"end":{"line":337,"column":88}},"164":{"start":{"line":340,"column":8},"end":{"line":340,"column":55}},"165":{"start":{"line":341,"column":8},"end":{"line":341,"column":115}},"166":{"start":{"line":346,"column":15},"end":{"line":346,"column":51}},"167":{"start":{"line":347,"column":4},"end":{"line":347,"column":18}},"168":{"start":{"line":350,"column":24},"end":{"line":493,"column":1}},"169":{"start":{"line":351,"column":4},"end":{"line":492,"column":5}},"170":{"start":{"line":352,"column":27},"end":{"line":352,"column":46}},"171":{"start":{"line":353,"column":20},"end":{"line":353,"column":87}},"172":{"start":{"line":354,"column":21},"end":{"line":354,"column":74}},"173":{"start":{"line":356,"column":31},"end":{"line":356,"column":127}},"174":{"start":{"line":358,"column":8},"end":{"line":360,"column":9}},"175":{"start":{"line":359,"column":12},"end":{"line":359,"column":100}},"176":{"start":{"line":361,"column":39},"end":{"line":361,"column":72}},"177":{"start":{"line":363,"column":23},"end":{"line":436,"column":9}},"178":{"start":{"line":437,"column":8},"end":{"line":439,"column":9}},"179":{"start":{"line":438,"column":12},"end":{"line":438,"column":44}},"180":{"start":{"line":441,"column":26},"end":{"line":441,"column":200}},"181":{"start":{"line":443,"column":29},"end":{"line":460,"column":9}},"182":{"start":{"line":462,"column":29},"end":{"line":462,"column":62}},"183":{"start":{"line":463,"column":8},"end":{"line":467,"column":9}},"184":{"start":{"line":464,"column":12},"end":{"line":464,"column":65}},"185":{"start":{"line":465,"column":15},"end":{"line":467,"column":9}},"186":{"start":{"line":466,"column":12},"end":{"line":466,"column":98}},"187":{"start":{"line":469,"column":23},"end":{"line":469,"column":46}},"188":{"start":{"line":470,"column":8},"end":{"line":484,"column":9}},"189":{"start":{"line":471,"column":12},"end":{"line":483,"column":13}},"190":{"start":{"line":486,"column":8},"end":{"line":486,"column":31}},"191":{"start":{"line":487,"column":8},"end":{"line":487,"column":95}},"192":{"start":{"line":490,"column":8},"end":{"line":490,"column":55}},"193":{"start":{"line":491,"column":8},"end":{"line":491,"column":115}},"194":{"start":{"line":495,"column":19},"end":{"line":518,"column":1}},"195":{"start":{"line":496,"column":4},"end":{"line":517,"column":5}},"196":{"start":{"line":497,"column":23},"end":{"line":497,"column":33}},"197":{"start":{"line":499,"column":8},"end":{"line":501,"column":9}},"198":{"start":{"line":500,"column":12},"end":{"line":500,"column":90}},"199":{"start":{"line":503,"column":33},"end":{"line":503,"column":71}},"200":{"start":{"line":505,"column":8},"end":{"line":511,"column":9}},"201":{"start":{"line":506,"column":24},"end":{"line":506,"column":62}},"202":{"start":{"line":507,"column":25},"end":{"line":507,"column":78}},"203":{"start":{"line":509,"column":25},"end":{"line":509,"column":114}},"204":{"start":{"line":510,"column":12},"end":{"line":510,"column":84}},"205":{"start":{"line":515,"column":8},"end":{"line":515,"column":54}},"206":{"start":{"line":516,"column":8},"end":{"line":516,"column":90}},"207":{"start":{"line":521,"column":25},"end":{"line":585,"column":1}},"208":{"start":{"line":522,"column":4},"end":{"line":584,"column":5}},"209":{"start":{"line":523,"column":27},"end":{"line":523,"column":46}},"210":{"start":{"line":524,"column":26},"end":{"line":524,"column":75}},"211":{"start":{"line":525,"column":21},"end":{"line":529,"column":9}},"212":{"start":{"line":531,"column":8},"end":{"line":533,"column":9}},"213":{"start":{"line":532,"column":12},"end":{"line":532,"column":89}},"214":{"start":{"line":535,"column":8},"end":{"line":538,"column":10}},"215":{"start":{"line":541,"column":33},"end":{"line":575,"column":9}},"216":{"start":{"line":544,"column":12},"end":{"line":574,"column":13}},"217":{"start":{"line":547,"column":34},"end":{"line":547,"column":69}},"218":{"start":{"line":550,"column":40},"end":{"line":550,"column":87}},"219":{"start":{"line":553,"column":16},"end":{"line":553,"column":70}},"220":{"start":{"line":556,"column":16},"end":{"line":556,"column":84}},"221":{"start":{"line":557,"column":16},"end":{"line":557,"column":54}},"222":{"start":{"line":560,"column":33},"end":{"line":560,"column":38}},"223":{"start":{"line":561,"column":20},"end":{"line":568,"column":21}},"224":{"start":{"line":562,"column":24},"end":{"line":567,"column":25}},"225":{"start":{"line":563,"column":28},"end":{"line":563,"column":42}},"226":{"start":{"line":565,"column":28},"end":{"line":565,"column":91}},"227":{"start":{"line":566,"column":28},"end":{"line":566,"column":84}},"228":{"start":{"line":566,"column":57},"end":{"line":566,"column":82}},"229":{"start":{"line":570,"column":16},"end":{"line":570,"column":58}},"230":{"start":{"line":573,"column":16},"end":{"line":573,"column":69}},"231":{"start":{"line":577,"column":8},"end":{"line":577,"column":66}},"232":{"start":{"line":579,"column":8},"end":{"line":579,"column":127}},"233":{"start":{"line":582,"column":8},"end":{"line":582,"column":55}},"234":{"start":{"line":583,"column":8},"end":{"line":583,"column":115}},"235":{"start":{"line":587,"column":19},"end":{"line":613,"column":1}},"236":{"start":{"line":588,"column":4},"end":{"line":612,"column":5}},"237":{"start":{"line":589,"column":30},"end":{"line":589,"column":83}},"238":{"start":{"line":591,"column":8},"end":{"line":607,"column":9}},"239":{"start":{"line":592,"column":34},"end":{"line":592,"column":128}},"240":{"start":{"line":592,"column":73},"end":{"line":592,"column":127}},"241":{"start":{"line":594,"column":12},"end":{"line":604,"column":13}},"242":{"start":{"line":596,"column":16},"end":{"line":599,"column":18}},"243":{"start":{"line":600,"column":16},"end":{"line":600,"column":68}},"244":{"start":{"line":603,"column":16},"end":{"line":603,"column":63}},"245":{"start":{"line":606,"column":12},"end":{"line":606,"column":52}},"246":{"start":{"line":610,"column":8},"end":{"line":610,"column":63}},"247":{"start":{"line":611,"column":8},"end":{"line":611,"column":116}},"248":{"start":{"line":615,"column":26},"end":{"line":635,"column":1}},"249":{"start":{"line":616,"column":4},"end":{"line":634,"column":5}},"250":{"start":{"line":617,"column":25},"end":{"line":617,"column":42}},"251":{"start":{"line":618,"column":26},"end":{"line":618,"column":39}},"252":{"start":{"line":620,"column":21},"end":{"line":623,"column":9}},"253":{"start":{"line":625,"column":8},"end":{"line":629,"column":9}},"254":{"start":{"line":626,"column":12},"end":{"line":626,"column":93}},"255":{"start":{"line":628,"column":12},"end":{"line":628,"column":105}},"256":{"start":{"line":632,"column":8},"end":{"line":632,"column":63}},"257":{"start":{"line":633,"column":8},"end":{"line":633,"column":123}},"258":{"start":{"line":637,"column":31},"end":{"line":651,"column":1}},"259":{"start":{"line":638,"column":4},"end":{"line":650,"column":5}},"260":{"start":{"line":639,"column":21},"end":{"line":639,"column":106}},"261":{"start":{"line":641,"column":8},"end":{"line":645,"column":9}},"262":{"start":{"line":642,"column":12},"end":{"line":642,"column":94}},"263":{"start":{"line":644,"column":12},"end":{"line":644,"column":106}},"264":{"start":{"line":648,"column":8},"end":{"line":648,"column":64}},"265":{"start":{"line":649,"column":8},"end":{"line":649,"column":124}},"266":{"start":{"line":653,"column":22},"end":{"line":687,"column":1}},"267":{"start":{"line":654,"column":4},"end":{"line":686,"column":5}},"268":{"start":{"line":655,"column":25},"end":{"line":655,"column":43}},"269":{"start":{"line":656,"column":26},"end":{"line":656,"column":39}},"270":{"start":{"line":658,"column":23},"end":{"line":675,"column":9}},"271":{"start":{"line":677,"column":8},"end":{"line":681,"column":9}},"272":{"start":{"line":678,"column":12},"end":{"line":678,"column":93}},"273":{"start":{"line":680,"column":12},"end":{"line":680,"column":105}},"274":{"start":{"line":684,"column":8},"end":{"line":684,"column":56}},"275":{"start":{"line":685,"column":8},"end":{"line":685,"column":116}},"276":{"start":{"line":689,"column":27},"end":{"line":721,"column":1}},"277":{"start":{"line":690,"column":4},"end":{"line":720,"column":5}},"278":{"start":{"line":691,"column":25},"end":{"line":691,"column":42}},"279":{"start":{"line":692,"column":28},"end":{"line":692,"column":48}},"280":{"start":{"line":694,"column":23},"end":{"line":709,"column":9}},"281":{"start":{"line":711,"column":8},"end":{"line":715,"column":9}},"282":{"start":{"line":712,"column":12},"end":{"line":712,"column":94}},"283":{"start":{"line":714,"column":12},"end":{"line":714,"column":106}},"284":{"start":{"line":718,"column":8},"end":{"line":718,"column":57}},"285":{"start":{"line":719,"column":8},"end":{"line":719,"column":117}},"286":{"start":{"line":723,"column":27},"end":{"line":750,"column":1}},"287":{"start":{"line":724,"column":4},"end":{"line":749,"column":5}},"288":{"start":{"line":725,"column":25},"end":{"line":725,"column":72}},"289":{"start":{"line":726,"column":24},"end":{"line":726,"column":67}},"290":{"start":{"line":728,"column":33},"end":{"line":728,"column":41}},"291":{"start":{"line":730,"column":21},"end":{"line":734,"column":9}},"292":{"start":{"line":736,"column":8},"end":{"line":738,"column":9}},"293":{"start":{"line":737,"column":12},"end":{"line":737,"column":88}},"294":{"start":{"line":740,"column":31},"end":{"line":742,"column":62}},"295":{"start":{"line":744,"column":8},"end":{"line":744,"column":88}},"296":{"start":{"line":747,"column":8},"end":{"line":747,"column":67}},"297":{"start":{"line":748,"column":8},"end":{"line":748,"column":114}},"298":{"start":{"line":752,"column":28},"end":{"line":790,"column":1}},"299":{"start":{"line":753,"column":4},"end":{"line":789,"column":5}},"300":{"start":{"line":754,"column":25},"end":{"line":754,"column":72}},"301":{"start":{"line":755,"column":24},"end":{"line":755,"column":41}},"302":{"start":{"line":757,"column":8},"end":{"line":759,"column":9}},"303":{"start":{"line":758,"column":12},"end":{"line":758,"column":97}},"304":{"start":{"line":762,"column":33},"end":{"line":768,"column":11}},"305":{"start":{"line":762,"column":77},"end":{"line":768,"column":9}},"306":{"start":{"line":771,"column":27},"end":{"line":771,"column":72}},"307":{"start":{"line":773,"column":8},"end":{"line":775,"column":9}},"308":{"start":{"line":774,"column":12},"end":{"line":774,"column":89}},"309":{"start":{"line":777,"column":8},"end":{"line":784,"column":9}},"310":{"start":{"line":778,"column":12},"end":{"line":778,"column":106}},"311":{"start":{"line":780,"column":13},"end":{"line":784,"column":9}},"312":{"start":{"line":781,"column":12},"end":{"line":781,"column":107}},"313":{"start":{"line":783,"column":12},"end":{"line":783,"column":102}},"314":{"start":{"line":787,"column":8},"end":{"line":787,"column":62}},"315":{"start":{"line":788,"column":8},"end":{"line":788,"column":109}},"316":{"start":{"line":848,"column":27},"end":{"line":892,"column":1}},"317":{"start":{"line":849,"column":4},"end":{"line":891,"column":5}},"318":{"start":{"line":850,"column":25},"end":{"line":850,"column":72}},"319":{"start":{"line":851,"column":23},"end":{"line":851,"column":39}},"320":{"start":{"line":853,"column":8},"end":{"line":855,"column":9}},"321":{"start":{"line":854,"column":12},"end":{"line":854,"column":96}},"322":{"start":{"line":857,"column":32},"end":{"line":857,"column":75}},"323":{"start":{"line":858,"column":26},"end":{"line":858,"column":42}},"324":{"start":{"line":861,"column":31},"end":{"line":875,"column":25}},"325":{"start":{"line":878,"column":29},"end":{"line":878,"column":72}},"326":{"start":{"line":880,"column":8},"end":{"line":886,"column":9}},"327":{"start":{"line":881,"column":12},"end":{"line":881,"column":106}},"328":{"start":{"line":882,"column":15},"end":{"line":886,"column":9}},"329":{"start":{"line":883,"column":12},"end":{"line":883,"column":107}},"330":{"start":{"line":885,"column":12},"end":{"line":885,"column":103}},"331":{"start":{"line":889,"column":8},"end":{"line":889,"column":62}},"332":{"start":{"line":890,"column":8},"end":{"line":890,"column":109}},"333":{"start":{"line":894,"column":20},"end":{"line":907,"column":1}},"334":{"start":{"line":895,"column":4},"end":{"line":906,"column":5}},"335":{"start":{"line":896,"column":23},"end":{"line":896,"column":92}},"336":{"start":{"line":897,"column":27},"end":{"line":897,"column":68}},"337":{"start":{"line":898,"column":8},"end":{"line":902,"column":11}},"338":{"start":{"line":903,"column":8},"end":{"line":903,"column":79}},"339":{"start":{"line":905,"column":8},"end":{"line":905,"column":55}},"340":{"start":{"line":908,"column":25},"end":{"line":915,"column":1}},"341":{"start":{"line":909,"column":4},"end":{"line":914,"column":5}},"342":{"start":{"line":910,"column":23},"end":{"line":910,"column":108}},"343":{"start":{"line":911,"column":8},"end":{"line":911,"column":84}},"344":{"start":{"line":913,"column":8},"end":{"line":913,"column":55}},"345":{"start":{"line":917,"column":30},"end":{"line":949,"column":1}},"346":{"start":{"line":918,"column":4},"end":{"line":948,"column":5}},"347":{"start":{"line":919,"column":26},"end":{"line":919,"column":39}},"348":{"start":{"line":920,"column":25},"end":{"line":920,"column":43}},"349":{"start":{"line":921,"column":24},"end":{"line":921,"column":41}},"350":{"start":{"line":923,"column":30},"end":{"line":923,"column":101}},"351":{"start":{"line":925,"column":8},"end":{"line":927,"column":9}},"352":{"start":{"line":926,"column":12},"end":{"line":926,"column":100}},"353":{"start":{"line":929,"column":33},"end":{"line":935,"column":11}},"354":{"start":{"line":929,"column":57},"end":{"line":935,"column":9}},"355":{"start":{"line":937,"column":23},"end":{"line":937,"column":68}},"356":{"start":{"line":939,"column":8},"end":{"line":941,"column":9}},"357":{"start":{"line":940,"column":12},"end":{"line":940,"column":89}},"358":{"start":{"line":943,"column":8},"end":{"line":943,"column":81}},"359":{"start":{"line":946,"column":8},"end":{"line":946,"column":64}},"360":{"start":{"line":947,"column":8},"end":{"line":947,"column":108}},"361":{"start":{"line":952,"column":0},"end":{"line":974,"column":2}}},"fnMap":{"0":{"name":"(anonymous_0)","decl":{"start":{"line":5,"column":14},"end":{"line":5,"column":15}},"loc":{"start":{"line":5,"column":34},"end":{"line":22,"column":1}},"line":5},"1":{"name":"(anonymous_1)","decl":{"start":{"line":10,"column":40},"end":{"line":10,"column":41}},"loc":{"start":{"line":10,"column":49},"end":{"line":13,"column":9}},"line":10},"2":{"name":"(anonymous_2)","decl":{"start":{"line":12,"column":41},"end":{"line":12,"column":42}},"loc":{"start":{"line":12,"column":50},"end":{"line":12,"column":83}},"line":12},"3":{"name":"(anonymous_3)","decl":{"start":{"line":14,"column":28},"end":{"line":14,"column":29}},"loc":{"start":{"line":14,"column":38},"end":{"line":16,"column":9}},"line":14},"4":{"name":"(anonymous_4)","decl":{"start":{"line":24,"column":12},"end":{"line":24,"column":13}},"loc":{"start":{"line":24,"column":32},"end":{"line":101,"column":1}},"line":24},"5":{"name":"(anonymous_5)","decl":{"start":{"line":50,"column":85},"end":{"line":50,"column":86}},"loc":{"start":{"line":50,"column":93},"end":{"line":52,"column":17}},"line":50},"6":{"name":"(anonymous_6)","decl":{"start":{"line":53,"column":90},"end":{"line":53,"column":91}},"loc":{"start":{"line":53,"column":98},"end":{"line":55,"column":17}},"line":53},"7":{"name":"(anonymous_7)","decl":{"start":{"line":103,"column":29},"end":{"line":103,"column":30}},"loc":{"start":{"line":103,"column":49},"end":{"line":117,"column":1}},"line":103},"8":{"name":"(anonymous_8)","decl":{"start":{"line":119,"column":24},"end":{"line":119,"column":25}},"loc":{"start":{"line":119,"column":44},"end":{"line":213,"column":1}},"line":119},"9":{"name":"(anonymous_9)","decl":{"start":{"line":139,"column":74},"end":{"line":139,"column":75}},"loc":{"start":{"line":139,"column":83},"end":{"line":139,"column":115}},"line":139},"10":{"name":"isDuplicateName","decl":{"start":{"line":166,"column":25},"end":{"line":166,"column":40}},"loc":{"start":{"line":166,"column":62},"end":{"line":169,"column":17}},"line":166},"11":{"name":"(anonymous_11)","decl":{"start":{"line":168,"column":46},"end":{"line":168,"column":47}},"loc":{"start":{"line":168,"column":62},"end":{"line":168,"column":106}},"line":168},"12":{"name":"(anonymous_12)","decl":{"start":{"line":173,"column":111},"end":{"line":173,"column":112}},"loc":{"start":{"line":173,"column":120},"end":{"line":173,"column":130}},"line":173},"13":{"name":"(anonymous_13)","decl":{"start":{"line":189,"column":78},"end":{"line":189,"column":79}},"loc":{"start":{"line":189,"column":87},"end":{"line":189,"column":119}},"line":189},"14":{"name":"(anonymous_14)","decl":{"start":{"line":215,"column":13},"end":{"line":215,"column":14}},"loc":{"start":{"line":215,"column":33},"end":{"line":225,"column":1}},"line":215},"15":{"name":"(anonymous_15)","decl":{"start":{"line":227,"column":20},"end":{"line":227,"column":21}},"loc":{"start":{"line":227,"column":40},"end":{"line":284,"column":1}},"line":227},"16":{"name":"(anonymous_16)","decl":{"start":{"line":248,"column":59},"end":{"line":248,"column":60}},"loc":{"start":{"line":248,"column":68},"end":{"line":248,"column":100}},"line":248},"17":{"name":"(anonymous_17)","decl":{"start":{"line":286,"column":25},"end":{"line":286,"column":26}},"loc":{"start":{"line":286,"column":45},"end":{"line":343,"column":1}},"line":286},"18":{"name":"(anonymous_18)","decl":{"start":{"line":318,"column":45},"end":{"line":318,"column":46}},"loc":{"start":{"line":318,"column":54},"end":{"line":322,"column":25}},"line":318},"19":{"name":"getNextAutoIncrementValue","decl":{"start":{"line":345,"column":15},"end":{"line":345,"column":40}},"loc":{"start":{"line":345,"column":43},"end":{"line":348,"column":1}},"line":345},"20":{"name":"(anonymous_20)","decl":{"start":{"line":350,"column":24},"end":{"line":350,"column":25}},"loc":{"start":{"line":350,"column":44},"end":{"line":493,"column":1}},"line":350},"21":{"name":"(anonymous_21)","decl":{"start":{"line":495,"column":19},"end":{"line":495,"column":20}},"loc":{"start":{"line":495,"column":39},"end":{"line":518,"column":1}},"line":495},"22":{"name":"(anonymous_22)","decl":{"start":{"line":521,"column":25},"end":{"line":521,"column":26}},"loc":{"start":{"line":521,"column":45},"end":{"line":585,"column":1}},"line":521},"23":{"name":"(anonymous_23)","decl":{"start":{"line":541,"column":33},"end":{"line":541,"column":34}},"loc":{"start":{"line":541,"column":73},"end":{"line":575,"column":9}},"line":541},"24":{"name":"checkModuleExistence","decl":{"start":{"line":559,"column":31},"end":{"line":559,"column":51}},"loc":{"start":{"line":559,"column":64},"end":{"line":569,"column":17}},"line":559},"25":{"name":"(anonymous_25)","decl":{"start":{"line":566,"column":46},"end":{"line":566,"column":47}},"loc":{"start":{"line":566,"column":57},"end":{"line":566,"column":82}},"line":566},"26":{"name":"(anonymous_26)","decl":{"start":{"line":587,"column":19},"end":{"line":587,"column":20}},"loc":{"start":{"line":587,"column":39},"end":{"line":613,"column":1}},"line":587},"27":{"name":"(anonymous_27)","decl":{"start":{"line":592,"column":62},"end":{"line":592,"column":63}},"loc":{"start":{"line":592,"column":73},"end":{"line":592,"column":127}},"line":592},"28":{"name":"(anonymous_28)","decl":{"start":{"line":615,"column":26},"end":{"line":615,"column":27}},"loc":{"start":{"line":615,"column":46},"end":{"line":635,"column":1}},"line":615},"29":{"name":"(anonymous_29)","decl":{"start":{"line":637,"column":31},"end":{"line":637,"column":32}},"loc":{"start":{"line":637,"column":51},"end":{"line":651,"column":1}},"line":637},"30":{"name":"(anonymous_30)","decl":{"start":{"line":653,"column":22},"end":{"line":653,"column":23}},"loc":{"start":{"line":653,"column":42},"end":{"line":687,"column":1}},"line":653},"31":{"name":"(anonymous_31)","decl":{"start":{"line":689,"column":27},"end":{"line":689,"column":28}},"loc":{"start":{"line":689,"column":47},"end":{"line":721,"column":1}},"line":689},"32":{"name":"(anonymous_32)","decl":{"start":{"line":723,"column":27},"end":{"line":723,"column":28}},"loc":{"start":{"line":723,"column":47},"end":{"line":750,"column":1}},"line":723},"33":{"name":"(anonymous_33)","decl":{"start":{"line":752,"column":28},"end":{"line":752,"column":29}},"loc":{"start":{"line":752,"column":48},"end":{"line":790,"column":1}},"line":752},"34":{"name":"(anonymous_34)","decl":{"start":{"line":762,"column":45},"end":{"line":762,"column":46}},"loc":{"start":{"line":762,"column":77},"end":{"line":768,"column":9}},"line":762},"35":{"name":"(anonymous_35)","decl":{"start":{"line":848,"column":27},"end":{"line":848,"column":28}},"loc":{"start":{"line":848,"column":47},"end":{"line":892,"column":1}},"line":848},"36":{"name":"(anonymous_36)","decl":{"start":{"line":894,"column":20},"end":{"line":894,"column":21}},"loc":{"start":{"line":894,"column":40},"end":{"line":907,"column":1}},"line":894},"37":{"name":"(anonymous_37)","decl":{"start":{"line":908,"column":25},"end":{"line":908,"column":26}},"loc":{"start":{"line":908,"column":45},"end":{"line":915,"column":1}},"line":908},"38":{"name":"(anonymous_38)","decl":{"start":{"line":917,"column":30},"end":{"line":917,"column":31}},"loc":{"start":{"line":917,"column":50},"end":{"line":949,"column":1}},"line":917},"39":{"name":"(anonymous_39)","decl":{"start":{"line":929,"column":46},"end":{"line":929,"column":47}},"loc":{"start":{"line":929,"column":57},"end":{"line":935,"column":9}},"line":929}},"branchMap":{"0":{"loc":{"start":{"line":12,"column":50},"end":{"line":12,"column":83}},"type":"binary-expr","locations":[{"start":{"line":12,"column":50},"end":{"line":12,"column":66}},{"start":{"line":12,"column":70},"end":{"line":12,"column":83}}],"line":12},"1":{"loc":{"start":{"line":26,"column":8},"end":{"line":28,"column":9}},"type":"if","locations":[{"start":{"line":26,"column":8},"end":{"line":28,"column":9}},{"start":{},"end":{}}],"line":26},"2":{"loc":{"start":{"line":30,"column":8},"end":{"line":32,"column":9}},"type":"if","locations":[{"start":{"line":30,"column":8},"end":{"line":32,"column":9}},{"start":{},"end":{}}],"line":30},"3":{"loc":{"start":{"line":39,"column":8},"end":{"line":95,"column":9}},"type":"if","locations":[{"start":{"line":39,"column":8},"end":{"line":95,"column":9}},{"start":{"line":93,"column":15},"end":{"line":95,"column":9}}],"line":39},"4":{"loc":{"start":{"line":43,"column":12},"end":{"line":92,"column":13}},"type":"if","locations":[{"start":{"line":43,"column":12},"end":{"line":92,"column":13}},{"start":{"line":90,"column":19},"end":{"line":92,"column":13}}],"line":43},"5":{"loc":{"start":{"line":46,"column":34},"end":{"line":46,"column":78}},"type":"binary-expr","locations":[{"start":{"line":46,"column":34},"end":{"line":46,"column":67}},{"start":{"line":46,"column":71},"end":{"line":46,"column":78}}],"line":46},"6":{"loc":{"start":{"line":51,"column":27},"end":{"line":51,"column":123}},"type":"binary-expr","locations":[{"start":{"line":51,"column":27},"end":{"line":51,"column":73}},{"start":{"line":51,"column":77},"end":{"line":51,"column":123}}],"line":51},"7":{"loc":{"start":{"line":68,"column":16},"end":{"line":72,"column":17}},"type":"if","locations":[{"start":{"line":68,"column":16},"end":{"line":72,"column":17}},{"start":{"line":70,"column":23},"end":{"line":72,"column":17}}],"line":68},"8":{"loc":{"start":{"line":68,"column":20},"end":{"line":68,"column":57}},"type":"binary-expr","locations":[{"start":{"line":68,"column":20},"end":{"line":68,"column":40}},{"start":{"line":68,"column":44},"end":{"line":68,"column":57}}],"line":68},"9":{"loc":{"start":{"line":70,"column":23},"end":{"line":72,"column":17}},"type":"if","locations":[{"start":{"line":70,"column":23},"end":{"line":72,"column":17}},{"start":{},"end":{}}],"line":70},"10":{"loc":{"start":{"line":70,"column":27},"end":{"line":70,"column":69}},"type":"binary-expr","locations":[{"start":{"line":70,"column":27},"end":{"line":70,"column":52}},{"start":{"line":70,"column":56},"end":{"line":70,"column":69}}],"line":70},"11":{"loc":{"start":{"line":84,"column":16},"end":{"line":89,"column":17}},"type":"if","locations":[{"start":{"line":84,"column":16},"end":{"line":89,"column":17}},{"start":{"line":87,"column":23},"end":{"line":89,"column":17}}],"line":84},"12":{"loc":{"start":{"line":85,"column":55},"end":{"line":85,"column":75}},"type":"binary-expr","locations":[{"start":{"line":85,"column":55},"end":{"line":85,"column":64}},{"start":{"line":85,"column":68},"end":{"line":85,"column":75}}],"line":85},"13":{"loc":{"start":{"line":107,"column":8},"end":{"line":111,"column":9}},"type":"if","locations":[{"start":{"line":107,"column":8},"end":{"line":111,"column":9}},{"start":{"line":109,"column":15},"end":{"line":111,"column":9}}],"line":107},"14":{"loc":{"start":{"line":124,"column":8},"end":{"line":126,"column":9}},"type":"if","locations":[{"start":{"line":124,"column":8},"end":{"line":126,"column":9}},{"start":{},"end":{}}],"line":124},"15":{"loc":{"start":{"line":133,"column":8},"end":{"line":208,"column":9}},"type":"if","locations":[{"start":{"line":133,"column":8},"end":{"line":208,"column":9}},{"start":{"line":206,"column":15},"end":{"line":208,"column":9}}],"line":133},"16":{"loc":{"start":{"line":138,"column":12},"end":{"line":205,"column":13}},"type":"if","locations":[{"start":{"line":138,"column":12},"end":{"line":205,"column":13}},{"start":{"line":203,"column":19},"end":{"line":205,"column":13}}],"line":138},"17":{"loc":{"start":{"line":141,"column":16},"end":{"line":143,"column":17}},"type":"if","locations":[{"start":{"line":141,"column":16},"end":{"line":143,"column":17}},{"start":{},"end":{}}],"line":141},"18":{"loc":{"start":{"line":146,"column":43},"end":{"line":146,"column":89}},"type":"binary-expr","locations":[{"start":{"line":146,"column":43},"end":{"line":146,"column":78}},{"start":{"line":146,"column":82},"end":{"line":146,"column":89}}],"line":146},"19":{"loc":{"start":{"line":147,"column":43},"end":{"line":147,"column":102}},"type":"binary-expr","locations":[{"start":{"line":147,"column":43},"end":{"line":147,"column":59}},{"start":{"line":147,"column":63},"end":{"line":147,"column":102}}],"line":147},"20":{"loc":{"start":{"line":171,"column":16},"end":{"line":180,"column":17}},"type":"if","locations":[{"start":{"line":171,"column":16},"end":{"line":180,"column":17}},{"start":{},"end":{}}],"line":171},"21":{"loc":{"start":{"line":177,"column":20},"end":{"line":179,"column":21}},"type":"if","locations":[{"start":{"line":177,"column":20},"end":{"line":179,"column":21}},{"start":{},"end":{}}],"line":177},"22":{"loc":{"start":{"line":177,"column":24},"end":{"line":177,"column":151}},"type":"binary-expr","locations":[{"start":{"line":177,"column":24},"end":{"line":177,"column":80}},{"start":{"line":177,"column":84},"end":{"line":177,"column":151}}],"line":177},"23":{"loc":{"start":{"line":188,"column":16},"end":{"line":202,"column":17}},"type":"if","locations":[{"start":{"line":188,"column":16},"end":{"line":202,"column":17}},{"start":{"line":198,"column":23},"end":{"line":202,"column":17}}],"line":188},"24":{"loc":{"start":{"line":188,"column":20},"end":{"line":1
[...]
,"/Users/cihanuluisik/Code/MyCode/ReactNodeTest/Server/services/MeetingValidationService.js": {"path":"/Users/cihanuluisik/Code/MyCode/ReactNodeTest/Server/services/MeetingValidationService.js","statementMap":{"0":{"start":{"line":1,"column":33},"end":{"line":1,"column":70}},"1":{"start":{"line":10,"column":4},"end":{"line":39,"column":5}},"2":{"start":{"line":12,"column":29},"end":{"line":14,"column":7}},"3":{"start":{"line":15,"column":6},"end":{"line":17,"column":7}},"4":{"start":{"line":16,"column":8},"end":{"line":16,"column":63}},"5":{"start":{"line":20,"column":28},"end":{"line":20,"column":79}},"6":{"start":{"line":23,"column":31},"end":{"line":26,"column":7}},"7":{"start":{"line":28,"column":6},"end":{"line":33,"column":7}},"8":{"start":{"line":29,"column":8},"end":{"line":32,"column":10}},"9":{"start":{"line":35,"column":6},"end":{"line":35,"column":52}},"10":{"start":{"line":37,"column":6},"end":{"line":37,"column":65}},"11":{"start":{"line":38,"column":6},"end":{"line":38,"column":67}},"12":{"start":{"line":48,"column":4},"end":{"line":98,"column":5}},"13":{"start":{"line":50,"column":29},"end":{"line":52,"column":7}},"14":{"start":{"line":53,"column":6},"end":{"line":55,"column":7}},"15":{"start":{"line":54,"column":8},"end":{"line":54,"column":63}},"16":{"start":{"line":58,"column":28},"end":{"line":58,"column":78}},"17":{"start":{"line":61,"column":6},"end":{"line":71,"column":7}},"18":{"start":{"line":62,"column":8},"end":{"line":70,"column":9}},"19":{"start":{"line":64,"column":10},"end":{"line":69,"column":11}},"20":{"start":{"line":65,"column":12},"end":{"line":68,"column":14}},"21":{"start":{"line":74,"column":26},"end":{"line":74,"column":28}},"22":{"start":{"line":75,"column":6},"end":{"line":79,"column":9}},"23":{"start":{"line":76,"column":8},"end":{"line":78,"column":9}},"24":{"start":{"line":77,"column":10},"end":{"line":77,"column":48}},"25":{"start":{"line":82,"column":31},"end":{"line":85,"column":7}},"26":{"start":{"line":87,"column":6},"end":{"line":92,"column":7}},"27":{"start":{"line":88,"column":8},"end":{"line":91,"column":10}},"28":{"start":{"line":94,"column":6},"end":{"line":94,"column":50}},"29":{"start":{"line":96,"column":6},"end":{"line":96,"column":63}},"30":{"start":{"line":97,"column":6},"end":{"line":97,"column":67}},"31":{"start":{"line":107,"column":4},"end":{"line":122,"column":5}},"32":{"start":{"line":108,"column":6},"end":{"line":110,"column":7}},"33":{"start":{"line":109,"column":8},"end":{"line":109,"column":70}},"34":{"start":{"line":113,"column":30},"end":{"line":113,"column":49}},"35":{"start":{"line":114,"column":6},"end":{"line":116,"column":7}},"36":{"start":{"line":115,"column":8},"end":{"line":115,"column":70}},"37":{"start":{"line":118,"column":6},"end":{"line":118,"column":31}},"38":{"start":{"line":120,"column":6},"end":{"line":120,"column":59}},"39":{"start":{"line":121,"column":6},"end":{"line":121,"column":62}},"40":{"start":{"line":131,"column":4},"end":{"line":159,"column":5}},"41":{"start":{"line":132,"column":6},"end":{"line":134,"column":7}},"42":{"start":{"line":133,"column":8},"end":{"line":133,"column":70}},"43":{"start":{"line":136,"column":23},"end":{"line":136,"column":25}},"44":{"start":{"line":137,"column":25},"end":{"line":137,"column":27}},"45":{"start":{"line":139,"column":6},"end":{"line":146,"column":9}},"46":{"start":{"line":140,"column":27},"end":{"line":140,"column":53}},"47":{"start":{"line":141,"column":8},"end":{"line":145,"column":9}},"48":{"start":{"line":142,"column":10},"end":{"line":142,"column":28}},"49":{"start":{"line":144,"column":10},"end":{"line":144,"column":30}},"50":{"start":{"line":148,"column":6},"end":{"line":153,"column":7}},"51":{"start":{"line":149,"column":8},"end":{"line":152,"column":10}},"52":{"start":{"line":155,"column":6},"end":{"line":155,"column":41}},"53":{"start":{"line":157,"column":6},"end":{"line":157,"column":69}},"54":{"start":{"line":158,"column":6},"end":{"line":158,"column":63}},"55":{"start":{"line":168,"column":4},"end":{"line":190,"column":5}},"56":{"start":{"line":169,"column":30},"end":{"line":169,"column":81}},"57":{"start":{"line":172,"column":6},"end":{"line":177,"column":7}},"58":{"start":{"line":173,"column":21},"end":{"line":173,"column":51}},"59":{"start":{"line":174,"column":8},"end":{"line":176,"column":9}},"60":{"start":{"line":175,"column":10},"end":{"line":175,"column":66}},"61":{"start":{"line":179,"column":6},"end":{"line":184,"column":7}},"62":{"start":{"line":180,"column":22},"end":{"line":180,"column":53}},"63":{"start":{"line":181,"column":8},"end":{"line":183,"column":9}},"64":{"start":{"line":182,"column":10},"end":{"line":182,"column":76}},"65":{"start":{"line":186,"column":6},"end":{"line":186,"column":54}},"66":{"start":{"line":188,"column":6},"end":{"line":188,"column":65}},"67":{"start":{"line":189,"column":6},"end":{"line":189,"column":65}},"68":{"start":{"line":194,"column":0},"end":{"line":194,"column":48}}},"fnMap":{"0":{"name":"(anonymous_0)","decl":{"start":{"line":9,"column":2},"end":{"line":9,"column":3}},"loc":{"start":{"line":9,"column":43},"end":{"line":40,"column":3}},"line":9},"1":{"name":"(anonymous_1)","decl":{"start":{"line":47,"column":2},"end":{"line":47,"column":3}},"loc":{"start":{"line":47,"column":42},"end":{"line":99,"column":3}},"line":47},"2":{"name":"(anonymous_2)","decl":{"start":{"line":75,"column":41},"end":{"line":75,"column":42}},"loc":{"start":{"line":75,"column":48},"end":{"line":79,"column":7}},"line":75},"3":{"name":"(anonymous_3)","decl":{"start":{"line":106,"column":2},"end":{"line":106,"column":3}},"loc":{"start":{"line":106,"column":31},"end":{"line":123,"column":3}},"line":106},"4":{"name":"(anonymous_4)","decl":{"start":{"line":130,"column":2},"end":{"line":130,"column":3}},"loc":{"start":{"line":130,"column":33},"end":{"line":160,"column":3}},"line":130},"5":{"name":"(anonymous_5)","decl":{"start":{"line":139,"column":25},"end":{"line":139,"column":26}},"loc":{"start":{"line":139,"column":31},"end":{"line":146,"column":7}},"line":139},"6":{"name":"(anonymous_6)","decl":{"start":{"line":167,"column":2},"end":{"line":167,"column":3}},"loc":{"start":{"line":167,"column":35},"end":{"line":191,"column":3}},"line":167}},"branchMap":{"0":{"loc":{"start":{"line":15,"column":6},"end":{"line":17,"column":7}},"type":"if","locations":[{"start":{"line":15,"column":6},"end":{"line":17,"column":7}},{"start":{},"end":{}}],"line":15},"1":{"loc":{"start":{"line":28,"column":6},"end":{"line":33,"column":7}},"type":"if","locations":[{"start":{"line":28,"column":6},"end":{"line":33,"column":7}},{"start":{},"end":{}}],"line":28},"2":{"loc":{"start":{"line":31,"column":17},"end":{"line":31,"column":84}},"type":"binary-expr","locations":[{"start":{"line":31,"column":17},"end":{"line":31,"column":61}},{"start":{"line":31,"column":65},"end":{"line":31,"column":84}}],"line":31},"3":{"loc":{"start":{"line":53,"column":6},"end":{"line":55,"column":7}},"type":"if","locations":[{"start":{"line":53,"column":6},"end":{"line":55,"column":7}},{"start":{},"end":{}}],"line":53},"4":{"loc":{"start":{"line":62,"column":8},"end":{"line":70,"column":9}},"type":"if","locations":[{"start":{"line":62,"column":8},"end":{"line":70,"column":9}},{"start":{},"end":{}}],"line":62},"5":{"loc":{"start":{"line":64,"column":10},"end":{"line":69,"column":11}},"type":"if","locations":[{"start":{"line":64,"column":10},"end":{"line":69,"column":11}},{"start":{},"end":{}}],"line":64},"6":{"loc":{"start":{"line":76,"column":8},"end":{"line":78,"column":9}},"type":"if","locations":[{"start":{"line":76,"column":8},"end":{"line":78,"column":9}},{"start":{},"end":{}}],"line":76},"7":{"loc":{"start":{"line":76,"column":12},"end":{"line":76,"column":104}},"type":"binary-expr","locations":[{"start":{"line":76,"column":12},"end":{"line":76,"column":37}},{"start":{"line":76,"column":41},"end":{"line":76,"column":68}},{"start":{"line":76,"column":72},"end":{"line":76,"column":104}}],"line":76},"8":{"loc":{"start":{"line":87,"column":6},"end":{"line":92,"column":7}},"type":"if","locations":[{"start":{"line":87,"column":6},"end":{"line":92,"column":7}},{"start":{},"end":{}}],"line":87},"9":{"loc":{"start":{"line":90,"column":17},"end":{"line":90,"column":84}},"type":"binary-expr","locations":[{"start":{"line":90,"column":17},"end":{"line":90,"column":61}},{"start":{"line":90,"column":65},"end":{"line":90,"column":84}}],"line":90},"10":{"loc":{"start":{"line":108,"column":6},"end":{"line":110,"column":7}},"type":"if","locations":[{"start":{"line":108,"column":6},"end":{"line":110,"column":7}},{"start":{},"end":{}}],"line":108},"11":{"loc":{"start":{"line":108,"column":10},"end":{"line":108,"column":53}},"type":"binary-expr","locations":[{"start":{"line":108,"column":10},"end":{"line":108,"column":20}},{"start":{"line":108,"column":24},"end":{"line":108,"column":53}}],"line":108},"12":{"loc":{"start":{"line":114,"column":6},"end":{"line":116,"column":7}},"type":"if","locations":[{"start":{"line":114,"column":6},"end":{"line":116,"column":7}},{"start":{},"end":{}}],"line":114},"13":{"loc":{"start":{"line":132,"column":6},"end":{"line":134,"column":7}},"type":"if","locations":[{"start":{"line":132,"column":6},"end":{"line":134,"column":7}},{"start":{},"end":{}}],"line":132},"14":{"loc":{"start":{"line":132,"column":10},"end":{"line":132,"column":63}},"type":"binary-expr","locations":[{"start":{"line":132,"column":10},"end":{"line":132,"column":36}},{"start":{"line":132,"column":40},"end":{"line":132,"column":63}}],"line":132},"15":{"loc":{"start":{"line":141,"column":8},"end":{"line":145,"column":9}},"type":"if","locations":[{"start":{"line":141,"column":8},"end":{"line":145,"column":9}},{"start":{"line":143,"column":15},"end":{"line":145,"column":9}}],"line":141},"16":{"loc":{"start":{"line":148,"column":6},"end":{"line":153,"column":7}},"type":"if","locations":[{"start":{"line":148,"column":6},"end":{"line":153,"column":7}},{"start":{},"end":{}}],"line":148},"17":{"loc":{"start":{"line":172,"column":6},"end":{"line":177,"column":7}},"type":"if","locations":[{"start":{"line":172,"column":6},"end":{"line":177,"column":7}},{"start":{},"end":{}}],"line":172},"18":{"loc":{"start":{"line":174,"column":8},"end":{"line":176,"column":9}},"type":"if","locations":[{"start":{"line":174,"column":8},"end":{"line":176,"column":9}},{"start":{},"end":{}}],"line":174},"19":{"loc":{"start":{"line":174,"column":12},"end":{"line":174,"column":35}},"type":"binary-expr","locations":[{"start":{"line":174,"column":12},"end":{"line":174,"column":23}},{"start":{"line":174,"column":27},"end":{"line":174,"column":35}}],"line":174},"20":{"loc":{"start":{"line":179,"column":6},"end":{"line":184,"column":7}},"type":"if","locations":[{"start":{"line":179,"column":6},"end":{"line":184,"column":7}},{"start":{},"end":{}}],"line":179},"21":{"loc":{"start":{"line":181,"column":8},"end":{"line":183,"column":9}},"type":"if","locations":[{"start":{"line":181,"column":8},"end":{"line":183,"column":9}},{"start":{},"end":{}}],"line":181},"22":{"loc":{"start":{"line":181,"column":12},"end":{"line":181,"column":52}},"type":"binary-expr","locations":[{"start":{"line":181,"column":12},"end":{"line":181,"column":24}},{"start":{"line":181,"column":28},"end":{"line":181,"column":37}},{"start":{"line":181,"column":41},"end":{"line":181,"column":52}}],"line":181}},"s":{"0":11,"1":14,"2":14,"3":14,"4":1,"5":13,"6":13,"7":13,"8":4,"9":9,"10":0,"11":0,"12":8,"13":8,"14":8,"15":1,"16":7,"17":7,"18":8,"19":1,"20":1,"21":6,"22":6,"23":7,"24":7,"25":6,"26":6,"27":0,"28":6,"29":0,"30":0,"31":11,"32":11,"33":3,"34":8,"35":8,"36":2,"37":6,"38":0,"39":0,"40":6,"41":6,"42":4,"43":2,"44":2,"45":2,"46":6,"47":6,"48":5,"49":1,"50":2,"51":1,"52":1,"53":0,"54":0,"55":7,"56":7,"57":7,"58":6,"59":6,"60":2,"61":5,"62":4,"63":4,"64":2,"65":3,"66":0,"67":0,"68":11},"f":{"0":14,"1":8,"2":7,"3":11,"4":6,"5":6,"6":7},"b":{"0":[1,13],"1":[4,9],"2":[4,0],"3":[1,7],"4":[1,7],"5":[1,0],"6":[7,0],"7":[7,7,7],"8":[0,6],"9":[0,0],"10":[3,8],"11":[11,9],"12":[2,6],"13":[4,2],"14":[6,3],"15":[5,1],"16":[1,1],"17":[6,1],"18":[2,4],"19":[6,5],"20":[4,1],"21":[2,2],"22":[4,3,3]},"_coverageSchema":"1a1c01bbd47fc00a2c39e90264f33305004495a9","hash":"ffad1a4aa02763b02b19b1c8e8d70f19ce0221c7"}
,"/Users/cihanuluisik/Code/MyCode/ReactNodeTest/Server/services/UserService.js": {"path":"/Users/cihanuluisik/Code/MyCode/ReactNodeTest/Server/services/UserService.js","statementMap":{"0":{"start":{"line":1,"column":15},"end":{"line":1,"column":32}},"1":{"start":{"line":2,"column":13},"end":{"line":2,"column":44}},"2":{"start":{"line":3,"column":19},"end":{"line":3,"column":51}},"3":{"start":{"line":12,"column":4},"end":{"line":40,"column":5}},"4":{"start":{"line":13,"column":71},"end":{"line":13,"column":79}},"5":{"start":{"line":16,"column":27},"end":{"line":16,"column":59}},"6":{"start":{"line":17,"column":6},"end":{"line":19,"column":7}},"7":{"start":{"line":18,"column":8},"end":{"line":18,"column":90}},"8":{"start":{"line":22,"column":29},"end":{"line":22,"column":90}},"9":{"start":{"line":25,"column":19},"end":{"line":32,"column":8}},"10":{"start":{"line":35,"column":6},"end":{"line":35,"column":24}},"11":{"start":{"line":36,"column":6},"end":{"line":36,"column":37}},"12":{"start":{"line":38,"column":6},"end":{"line":38,"column":51}},"13":{"start":{"line":39,"column":6},"end":{"line":39,"column":81}},"14":{"start":{"line":49,"column":4},"end":{"line":78,"column":5}},"15":{"start":{"line":50,"column":71},"end":{"line":50,"column":79}},"16":{"start":{"line":53,"column":27},"end":{"line":53,"column":59}},"17":{"start":{"line":54,"column":6},"end":{"line":56,"column":7}},"18":{"start":{"line":55,"column":8},"end":{"line":55,"column":89}},"19":{"start":{"line":59,"column":29},"end":{"line":59,"column":90}},"20":{"start":{"line":62,"column":19},"end":{"line":70,"column":8}},"21":{"start":{"line":73,"column":6},"end":{"line":73,"column":24}},"22":{"start":{"line":74,"column":6},"end":{"line":74,"column":37}},"23":{"start":{"line":76,"column":6},"end":{"line":76,"column":52}},"24":{"start":{"line":77,"column":6},"end":{"line":77,"column":82}},"25":{"start":{"line":88,"column":4},"end":{"line":102,"column":5}},"26":{"start":{"line":89,"column":20},"end":{"line":89,"column":32}},"27":{"start":{"line":90,"column":6},"end":{"line":92,"column":7}},"28":{"start":{"line":91,"column":8},"end":{"line":91,"column":30}},"29":{"start":{"line":94,"column":19},"end":{"line":96,"column":8}},"30":{"start":{"line":98,"column":6},"end":{"line":98,"column":18}},"31":{"start":{"line":100,"column":6},"end":{"line":100,"column":49}},"32":{"start":{"line":101,"column":6},"end":{"line":101,"column":18}},"33":{"start":{"line":112,"column":4},"end":{"line":126,"column":5}},"34":{"start":{"line":113,"column":20},"end":{"line":113,"column":35}},"35":{"start":{"line":114,"column":6},"end":{"line":116,"column":7}},"36":{"start":{"line":115,"column":8},"end":{"line":115,"column":30}},"37":{"start":{"line":118,"column":19},"end":{"line":120,"column":8}},"38":{"start":{"line":122,"column":6},"end":{"line":122,"column":18}},"39":{"start":{"line":124,"column":6},"end":{"line":124,"column":49}},"40":{"start":{"line":125,"column":6},"end":{"line":125,"column":18}},"41":{"start":{"line":136,"column":4},"end":{"line":146,"column":5}},"42":{"start":{"line":137,"column":21},"end":{"line":140,"column":7}},"43":{"start":{"line":142,"column":6},"end":{"line":142,"column":39}},"44":{"start":{"line":144,"column":6},"end":{"line":144,"column":49}},"45":{"start":{"line":145,"column":6},"end":{"line":145,"column":64}},"46":{"start":{"line":155,"column":4},"end":{"line":165,"column":5}},"47":{"start":{"line":156,"column":21},"end":{"line":159,"column":7}},"48":{"start":{"line":161,"column":6},"end":{"line":161,"column":39}},"49":{"start":{"line":163,"column":6},"end":{"line":163,"column":51}},"50":{"start":{"line":164,"column":6},"end":{"line":164,"column":64}},"51":{"start":{"line":169,"column":0},"end":{"line":169,"column":35}}},"fnMap":{"0":{"name":"(anonymous_0)","decl":{"start":{"line":11,"column":2},"end":{"line":11,"column":3}},"loc":{"start":{"line":11,"column":29},"end":{"line":41,"column":3}},"line":11},"1":{"name":"(anonymous_1)","decl":{"start":{"line":48,"column":2},"end":{"line":48,"column":3}},"loc":{"start":{"line":48,"column":34},"end":{"line":79,"column":3}},"line":48},"2":{"name":"(anonymous_2)","decl":{"start":{"line":87,"column":2},"end":{"line":87,"column":3}},"loc":{"start":{"line":87,"column":58},"end":{"line":103,"column":3}},"line":87},"3":{"name":"(anonymous_3)","decl":{"start":{"line":111,"column":2},"end":{"line":111,"column":3}},"loc":{"start":{"line":111,"column":53},"end":{"line":127,"column":3}},"line":111},"4":{"name":"(anonymous_4)","decl":{"start":{"line":135,"column":2},"end":{"line":135,"column":3}},"loc":{"start":{"line":135,"column":39},"end":{"line":147,"column":3}},"line":135},"5":{"name":"(anonymous_5)","decl":{"start":{"line":154,"column":2},"end":{"line":154,"column":3}},"loc":{"start":{"line":154,"column":27},"end":{"line":166,"column":3}},"line":154}},"branchMap":{"0":{"loc":{"start":{"line":17,"column":6},"end":{"line":19,"column":7}},"type":"if","locations":[{"start":{"line":17,"column":6},"end":{"line":19,"column":7}},{"start":{},"end":{}}],"line":17},"1":{"loc":{"start":{"line":54,"column":6},"end":{"line":56,"column":7}},"type":"if","locations":[{"start":{"line":54,"column":6},"end":{"line":56,"column":7}},{"start":{},"end":{}}],"line":54},"2":{"loc":{"start":{"line":87,"column":34},"end":{"line":87,"column":56}},"type":"default-arg","locations":[{"start":{"line":87,"column":51},"end":{"line":87,"column":56}}],"line":87},"3":{"loc":{"start":{"line":90,"column":6},"end":{"line":92,"column":7}},"type":"if","locations":[{"start":{"line":90,"column":6},"end":{"line":92,"column":7}},{"start":{},"end":{}}],"line":90},"4":{"loc":{"start":{"line":111,"column":29},"end":{"line":111,"column":51}},"type":"default-arg","locations":[{"start":{"line":111,"column":46},"end":{"line":111,"column":51}}],"line":111},"5":{"loc":{"start":{"line":114,"column":6},"end":{"line":116,"column":7}},"type":"if","locations":[{"start":{"line":114,"column":6},"end":{"line":116,"column":7}},{"start":{},"end":{}}],"line":114}},"s":{"0":11,"1":11,"2":11,"3":14,"4":14,"5":14,"6":14,"7":1,"8":13,"9":13,"10":13,"11":12,"12":1,"13":1,"14":4,"15":4,"16":4,"17":4,"18":1,"19":3,"20":3,"21":3,"22":2,"23":1,"24":1,"25":5,"26":5,"27":5,"28":4,"29":5,"30":5,"31":0,"32":0,"33":8,"34":8,"35":8,"36":6,"37":8,"38":7,"39":1,"40":1,"41":3,"42":3,"43":2,"44":1,"45":1,"46":7,"47":7,"48":6,"49":1,"50":1,"51":11},"f":{"0":14,"1":4,"2":5,"3":8,"4":3,"5":7},"b":{"0":[1,13],"1":[1,3],"2":[4],"3":[4,1],"4":[6],"5":[6,2]},"_coverageSchema":"1a1c01bbd47fc00a2c39e90264f33305004495a9","hash":"d64656bd7362767f248f9b7b72aed27ffbe7a31d"}
}
